-------------------------------------------------------------------------------
Test set: com.home.demo.engine.ProcessEngineConfigurationTest
-------------------------------------------------------------------------------
Tests run: 2, Failures: 0, Errors: 1, Skipped: 0, Time elapsed: 4.687 sec <<< FAILURE! - in com.home.demo.engine.ProcessEngineConfigurationTest
specialName(com.home.demo.engine.ProcessEngineConfigurationTest)  Time elapsed: 3.699 sec  <<< ERROR!
org.activiti.engine.ActivitiException: couldn't check if tables are already present using metadata: 
### Error getting a new connection.  Cause: java.sql.SQLException: Error setting driver on UnpooledDataSource. Cause: java.lang.ClassNotFoundException: oracle.jdbc.Driver
### Cause: java.sql.SQLException: Error setting driver on UnpooledDataSource. Cause: java.lang.ClassNotFoundException: oracle.jdbc.Driver
	at org.apache.ibatis.datasource.unpooled.UnpooledDataSource.initializeDriver(UnpooledDataSource.java:221)
	at org.apache.ibatis.datasource.unpooled.UnpooledDataSource.doGetConnection(UnpooledDataSource.java:200)
	at org.apache.ibatis.datasource.unpooled.UnpooledDataSource.doGetConnection(UnpooledDataSource.java:196)
	at org.apache.ibatis.datasource.unpooled.UnpooledDataSource.getConnection(UnpooledDataSource.java:93)
	at org.apache.ibatis.datasource.pooled.PooledDataSource.popConnection(PooledDataSource.java:404)
	at org.apache.ibatis.datasource.pooled.PooledDataSource.getConnection(PooledDataSource.java:90)
	at org.apache.ibatis.transaction.jdbc.JdbcTransaction.openConnection(JdbcTransaction.java:139)
	at org.apache.ibatis.transaction.jdbc.JdbcTransaction.getConnection(JdbcTransaction.java:61)
	at org.apache.ibatis.session.defaults.DefaultSqlSession.getConnection(DefaultSqlSession.java:298)
	at org.activiti.engine.impl.db.DbSqlSession.isTablePresent(DbSqlSession.java:1072)
	at org.activiti.engine.impl.db.DbSqlSession.isEngineTablePresent(DbSqlSession.java:1054)
	at org.activiti.engine.impl.db.DbSqlSession.dbSchemaUpdate(DbSqlSession.java:987)
	at org.activiti.engine.impl.db.DbSqlSession.performSchemaOperationsProcessEngineBuild(DbSqlSession.java:1382)
	at org.activiti.engine.impl.SchemaOperationsProcessEngineBuild.execute(SchemaOperationsProcessEngineBuild.java:25)
	at org.activiti.engine.impl.interceptor.CommandInvoker.execute(CommandInvoker.java:24)
	at org.activiti.engine.impl.interceptor.CommandContextInterceptor.execute(CommandContextInterceptor.java:57)
	at org.activiti.engine.impl.interceptor.LogInterceptor.execute(LogInterceptor.java:37)
	at org.activiti.engine.impl.cfg.CommandExecutorImpl.execute(CommandExecutorImpl.java:40)
	at org.activiti.engine.impl.ProcessEngineImpl.<init>(ProcessEngineImpl.java:74)
	at org.activiti.engine.impl.cfg.ProcessEngineConfigurationImpl.buildProcessEngine(ProcessEngineConfigurationImpl.java:409)
	at com.home.demo.engine.ProcessEngineConfigurationTest.specialName(ProcessEngineConfigurationTest.java:43)

