-------------------------------------------------------------------------------
Test set: com.home.demo.main.LeaveCoutersignTest
-------------------------------------------------------------------------------
Tests run: 2, Failures: 0, Errors: 2, Skipped: 0, Time elapsed: 1.332 sec <<< FAILURE! - in com.home.demo.main.LeaveCoutersignTest
testAllApproved(com.home.demo.main.LeaveCoutersignTest)  Time elapsed: 0.882 sec  <<< ERROR!
org.activiti.engine.ActivitiException: Exception while invoking TaskListener: Unknown property used in expression: ${leaveCounterSignCompleteListener}
	at org.activiti.engine.impl.juel.AstIdentifier.eval(AstIdentifier.java:83)
	at org.activiti.engine.impl.juel.AstEval.eval(AstEval.java:50)
	at org.activiti.engine.impl.juel.AstNode.getValue(AstNode.java:26)
	at org.activiti.engine.impl.juel.TreeValueExpression.getValue(TreeValueExpression.java:114)
	at org.activiti.engine.impl.delegate.ExpressionGetInvocation.invoke(ExpressionGetInvocation.java:33)
	at org.activiti.engine.impl.delegate.DelegateInvocation.proceed(DelegateInvocation.java:37)
	at org.activiti.engine.impl.delegate.DefaultDelegateInterceptor.handleInvocation(DefaultDelegateInterceptor.java:25)
	at org.activiti.engine.impl.el.JuelExpression.getValue(JuelExpression.java:48)
	at org.activiti.engine.impl.bpmn.listener.DelegateExpressionTaskListener.notify(DelegateExpressionTaskListener.java:44)
	at org.activiti.engine.impl.delegate.TaskListenerInvocation.invoke(TaskListenerInvocation.java:34)
	at org.activiti.engine.impl.delegate.DelegateInvocation.proceed(DelegateInvocation.java:37)
	at org.activiti.engine.impl.delegate.DefaultDelegateInterceptor.handleInvocation(DefaultDelegateInterceptor.java:25)
	at org.activiti.engine.impl.persistence.entity.TaskEntity.fireEvent(TaskEntity.java:718)
	at org.activiti.engine.impl.persistence.entity.TaskEntity.complete(TaskEntity.java:181)
	at org.activiti.engine.impl.cmd.CompleteTaskCmd.execute(CompleteTaskCmd.java:50)
	at org.activiti.engine.impl.cmd.CompleteTaskCmd.execute(CompleteTaskCmd.java:24)
	at org.activiti.engine.impl.cmd.NeedsActiveTaskCmd.execute(NeedsActiveTaskCmd.java:59)
	at org.activiti.engine.impl.interceptor.CommandInvoker.execute(CommandInvoker.java:24)
	at org.activiti.engine.impl.interceptor.CommandContextInterceptor.execute(CommandContextInterceptor.java:57)
	at org.activiti.spring.SpringTransactionInterceptor$1.doInTransaction(SpringTransactionInterceptor.java:47)
	at org.springframework.transaction.support.TransactionTemplate.execute(TransactionTemplate.java:133)
	at org.activiti.spring.SpringTransactionInterceptor.execute(SpringTransactionInterceptor.java:45)
	at org.activiti.engine.impl.interceptor.LogInterceptor.execute(LogInterceptor.java:37)
	at org.activiti.engine.impl.cfg.CommandExecutorImpl.execute(CommandExecutorImpl.java:40)
	at org.activiti.engine.impl.cfg.CommandExecutorImpl.execute(CommandExecutorImpl.java:35)
	at org.activiti.engine.impl.TaskServiceImpl.complete(TaskServiceImpl.java:179)
	at com.home.demo.main.LeaveCoutersignTest.testAllApproved(LeaveCoutersignTest.java:38)

testNotAllApproved(com.home.demo.main.LeaveCoutersignTest)  Time elapsed: 0.449 sec  <<< ERROR!
org.activiti.engine.ActivitiException: Exception while invoking TaskListener: Unknown property used in expression: ${leaveCounterSignCompleteListener}
	at org.activiti.engine.impl.juel.AstIdentifier.eval(AstIdentifier.java:83)
	at org.activiti.engine.impl.juel.AstEval.eval(AstEval.java:50)
	at org.activiti.engine.impl.juel.AstNode.getValue(AstNode.java:26)
	at org.activiti.engine.impl.juel.TreeValueExpression.getValue(TreeValueExpression.java:114)
	at org.activiti.engine.impl.delegate.ExpressionGetInvocation.invoke(ExpressionGetInvocation.java:33)
	at org.activiti.engine.impl.delegate.DelegateInvocation.proceed(DelegateInvocation.java:37)
	at org.activiti.engine.impl.delegate.DefaultDelegateInterceptor.handleInvocation(DefaultDelegateInterceptor.java:25)
	at org.activiti.engine.impl.el.JuelExpression.getValue(JuelExpression.java:48)
	at org.activiti.engine.impl.bpmn.listener.DelegateExpressionTaskListener.notify(DelegateExpressionTaskListener.java:44)
	at org.activiti.engine.impl.delegate.TaskListenerInvocation.invoke(TaskListenerInvocation.java:34)
	at org.activiti.engine.impl.delegate.DelegateInvocation.proceed(DelegateInvocation.java:37)
	at org.activiti.engine.impl.delegate.DefaultDelegateInterceptor.handleInvocation(DefaultDelegateInterceptor.java:25)
	at org.activiti.engine.impl.persistence.entity.TaskEntity.fireEvent(TaskEntity.java:718)
	at org.activiti.engine.impl.persistence.entity.TaskEntity.complete(TaskEntity.java:181)
	at org.activiti.engine.impl.cmd.CompleteTaskCmd.execute(CompleteTaskCmd.java:50)
	at org.activiti.engine.impl.cmd.CompleteTaskCmd.execute(CompleteTaskCmd.java:24)
	at org.activiti.engine.impl.cmd.NeedsActiveTaskCmd.execute(NeedsActiveTaskCmd.java:59)
	at org.activiti.engine.impl.interceptor.CommandInvoker.execute(CommandInvoker.java:24)
	at org.activiti.engine.impl.interceptor.CommandContextInterceptor.execute(CommandContextInterceptor.java:57)
	at org.activiti.spring.SpringTransactionInterceptor$1.doInTransaction(SpringTransactionInterceptor.java:47)
	at org.springframework.transaction.support.TransactionTemplate.execute(TransactionTemplate.java:133)
	at org.activiti.spring.SpringTransactionInterceptor.execute(SpringTransactionInterceptor.java:45)
	at org.activiti.engine.impl.interceptor.LogInterceptor.execute(LogInterceptor.java:37)
	at org.activiti.engine.impl.cfg.CommandExecutorImpl.execute(CommandExecutorImpl.java:40)
	at org.activiti.engine.impl.cfg.CommandExecutorImpl.execute(CommandExecutorImpl.java:35)
	at org.activiti.engine.impl.TaskServiceImpl.complete(TaskServiceImpl.java:179)
	at com.home.demo.main.LeaveCoutersignTest.testNotAllApproved(LeaveCoutersignTest.java:61)

