<?xml version="1.0" encoding="UTF-8"?>
<testsuite name="com.home.demo.main.PurchaseErrorEventSubProcessTest" time="0.524" tests="1" errors="1" skipped="0" failures="0">
  <properties>
[...]
</properties>
  <testcase name="testRejectOnTreasurer" classname="com.home.demo.main.PurchaseErrorEventSubProcessTest" time="0.524">
    <error message="couldn&apos;t instantiate class com.home.demo.chapter10.listeners.HandleErrorInfoForPaymentListener" type="org.activiti.engine.ActivitiException">org.activiti.engine.ActivitiException: couldn't instantiate class com.home.demo.chapter10.listeners.HandleErrorInfoForPaymentListener
	at java.net.URLClassLoader.findClass(URLClassLoader.java:381)
	at java.lang.ClassLoader.loadClass(ClassLoader.java:424)
	at sun.misc.Launcher$AppClassLoader.loadClass(Launcher.java:331)
	at java.lang.ClassLoader.loadClass(ClassLoader.java:357)
	at java.lang.Class.forName0(Native Method)
	at java.lang.Class.forName(Class.java:348)
	at org.activiti.engine.impl.util.ReflectUtil.loadClass(ReflectUtil.java:63)
	at org.activiti.engine.impl.util.ReflectUtil.instantiate(ReflectUtil.java:129)
	at org.activiti.engine.impl.bpmn.helper.ClassDelegate.instantiateDelegate(ClassDelegate.java:192)
	at org.activiti.engine.impl.bpmn.helper.ClassDelegate.getExecutionListenerInstance(ClassDelegate.java:78)
	at org.activiti.engine.impl.bpmn.helper.ClassDelegate.notify(ClassDelegate.java:70)
	at org.activiti.engine.impl.pvm.runtime.AtomicOperationTransitionNotifyListenerTake.execute(AtomicOperationTransitionNotifyListenerTake.java:51)
	at org.activiti.engine.impl.interceptor.CommandContext.performOperation(CommandContext.java:96)
	at org.activiti.engine.impl.persistence.entity.ExecutionEntity.performOperationSync(ExecutionEntity.java:621)
	at org.activiti.engine.impl.persistence.entity.ExecutionEntity.performOperation(ExecutionEntity.java:616)
	at org.activiti.engine.impl.pvm.runtime.AtomicOperationTransitionDestroyScope.execute(AtomicOperationTransitionDestroyScope.java:116)
	at org.activiti.engine.impl.interceptor.CommandContext.performOperation(CommandContext.java:96)
	at org.activiti.engine.impl.persistence.entity.ExecutionEntity.performOperationSync(ExecutionEntity.java:621)
	at org.activiti.engine.impl.persistence.entity.ExecutionEntity.performOperation(ExecutionEntity.java:616)
	at org.activiti.engine.impl.pvm.runtime.AtomicOperationTransitionNotifyListenerEnd.eventNotificationsCompleted(AtomicOperationTransitionNotifyListenerEnd.java:35)
	at org.activiti.engine.impl.pvm.runtime.AbstractEventAtomicOperation.execute(AbstractEventAtomicOperation.java:56)
	at org.activiti.engine.impl.interceptor.CommandContext.performOperation(CommandContext.java:96)
	at org.activiti.engine.impl.persistence.entity.ExecutionEntity.performOperationSync(ExecutionEntity.java:621)
	at org.activiti.engine.impl.persistence.entity.ExecutionEntity.performOperation(ExecutionEntity.java:616)
	at org.activiti.engine.impl.pvm.runtime.AbstractEventAtomicOperation.execute(AbstractEventAtomicOperation.java:49)
	at org.activiti.engine.impl.interceptor.CommandContext.performOperation(CommandContext.java:96)
	at org.activiti.engine.impl.persistence.entity.ExecutionEntity.performOperationSync(ExecutionEntity.java:621)
	at org.activiti.engine.impl.persistence.entity.ExecutionEntity.performOperation(ExecutionEntity.java:616)
	at org.activiti.engine.impl.persistence.entity.ExecutionEntity.take(ExecutionEntity.java:440)
	at org.activiti.engine.impl.persistence.entity.ExecutionEntity.take(ExecutionEntity.java:418)
	at org.activiti.engine.impl.bpmn.behavior.ExclusiveGatewayActivityBehavior.leave(ExclusiveGatewayActivityBehavior.java:73)
	at org.activiti.engine.impl.bpmn.behavior.FlowNodeActivityBehavior.execute(FlowNodeActivityBehavior.java:36)
	at org.activiti.engine.impl.pvm.runtime.AtomicOperationActivityExecute.execute(AtomicOperationActivityExecute.java:60)
	at org.activiti.engine.impl.interceptor.CommandContext.performOperation(CommandContext.java:96)
	at org.activiti.engine.impl.persistence.entity.ExecutionEntity.performOperationSync(ExecutionEntity.java:621)
	at org.activiti.engine.impl.persistence.entity.ExecutionEntity.performOperation(ExecutionEntity.java:616)
	at org.activiti.engine.impl.pvm.runtime.AtomicOperationTransitionNotifyListenerStart.eventNotificationsCompleted(AtomicOperationTransitionNotifyListenerStart.java:52)
	at org.activiti.engine.impl.pvm.runtime.AbstractEventAtomicOperation.execute(AbstractEventAtomicOperation.java:56)
	at org.activiti.engine.impl.interceptor.CommandContext.performOperation(CommandContext.java:96)
	at org.activiti.engine.impl.persistence.entity.ExecutionEntity.performOperationSync(ExecutionEntity.java:621)
	at org.activiti.engine.impl.persistence.entity.ExecutionEntity.performOperation(ExecutionEntity.java:616)
	at org.activiti.engine.impl.pvm.runtime.AbstractEventAtomicOperation.execute(AbstractEventAtomicOperation.java:49)
	at org.activiti.engine.impl.interceptor.CommandContext.performOperation(CommandContext.java:96)
	at org.activiti.engine.impl.persistence.entity.ExecutionEntity.performOperationSync(ExecutionEntity.java:621)
	at org.activiti.engine.impl.persistence.entity.ExecutionEntity.performOperation(ExecutionEntity.java:616)
	at org.activiti.engine.impl.pvm.runtime.AtomicOperationTransitionCreateScope.execute(AtomicOperationTransitionCreateScope.java:49)
	at org.activiti.engine.impl.interceptor.CommandContext.performOperation(CommandContext.java:96)
	at org.activiti.engine.impl.persistence.entity.ExecutionEntity.performOperationSync(ExecutionEntity.java:621)
	at org.activiti.engine.impl.persistence.entity.ExecutionEntity.performOperation(ExecutionEntity.java:616)
	at org.activiti.engine.impl.pvm.runtime.AtomicOperationTransitionNotifyListenerTake.execute(AtomicOperationTransitionNotifyListenerTake.java:80)
	at org.activiti.engine.impl.interceptor.CommandContext.performOperation(CommandContext.java:96)
	at org.activiti.engine.impl.persistence.entity.ExecutionEntity.performOperationSync(ExecutionEntity.java:621)
	at org.activiti.engine.impl.persistence.entity.ExecutionEntity.performOperation(ExecutionEntity.java:616)
	at org.activiti.engine.impl.pvm.runtime.AtomicOperationTransitionDestroyScope.execute(AtomicOperationTransitionDestroyScope.java:116)
	at org.activiti.engine.impl.interceptor.CommandContext.performOperation(CommandContext.java:96)
	at org.activiti.engine.impl.persistence.entity.ExecutionEntity.performOperationSync(ExecutionEntity.java:621)
	at org.activiti.engine.impl.persistence.entity.ExecutionEntity.performOperation(ExecutionEntity.java:616)
	at org.activiti.engine.impl.pvm.runtime.AtomicOperationTransitionNotifyListenerEnd.eventNotificationsCompleted(AtomicOperationTransitionNotifyListenerEnd.java:35)
	at org.activiti.engine.impl.pvm.runtime.AbstractEventAtomicOperation.execute(AbstractEventAtomicOperation.java:56)
	at org.activiti.engine.impl.interceptor.CommandContext.performOperation(CommandContext.java:96)
	at org.activiti.engine.impl.persistence.entity.ExecutionEntity.performOperationSync(ExecutionEntity.java:621)
	at org.activiti.engine.impl.persistence.entity.ExecutionEntity.performOperation(ExecutionEntity.java:616)
	at org.activiti.engine.impl.pvm.runtime.AbstractEventAtomicOperation.execute(AbstractEventAtomicOperation.java:49)
	at org.activiti.engine.impl.interceptor.CommandContext.performOperation(CommandContext.java:96)
	at org.activiti.engine.impl.persistence.entity.ExecutionEntity.performOperationSync(ExecutionEntity.java:621)
	at org.activiti.engine.impl.persistence.entity.ExecutionEntity.performOperation(ExecutionEntity.java:616)
	at org.activiti.engine.impl.persistence.entity.ExecutionEntity.take(ExecutionEntity.java:440)
	at org.activiti.engine.impl.persistence.entity.ExecutionEntity.take(ExecutionEntity.java:418)
	at org.activiti.engine.impl.bpmn.behavior.BpmnActivityBehavior.performOutgoingBehavior(BpmnActivityBehavior.java:131)
	at org.activiti.engine.impl.bpmn.behavior.BpmnActivityBehavior.performDefaultOutgoingBehavior(BpmnActivityBehavior.java:64)
	at org.activiti.engine.impl.bpmn.behavior.FlowNodeActivityBehavior.leave(FlowNodeActivityBehavior.java:44)
	at org.activiti.engine.impl.bpmn.behavior.AbstractBpmnActivityBehavior.leave(AbstractBpmnActivityBehavior.java:47)
	at org.activiti.engine.impl.bpmn.behavior.UserTaskActivityBehavior.signal(UserTaskActivityBehavior.java:139)
	at org.activiti.engine.impl.persistence.entity.ExecutionEntity.signal(ExecutionEntity.java:397)
	at org.activiti.engine.impl.persistence.entity.TaskEntity.complete(TaskEntity.java:200)
	at org.activiti.engine.impl.cmd.SubmitTaskFormCmd.execute(SubmitTaskFormCmd.java:50)
	at org.activiti.engine.impl.cmd.NeedsActiveTaskCmd.execute(NeedsActiveTaskCmd.java:59)
	at org.activiti.engine.impl.interceptor.CommandInvoker.execute(CommandInvoker.java:24)
	at org.activiti.engine.impl.interceptor.CommandContextInterceptor.execute(CommandContextInterceptor.java:57)
	at org.activiti.spring.SpringTransactionInterceptor$1.doInTransaction(SpringTransactionInterceptor.java:47)
	at org.springframework.transaction.support.TransactionTemplate.execute(TransactionTemplate.java:133)
	at org.activiti.spring.SpringTransactionInterceptor.execute(SpringTransactionInterceptor.java:45)
	at org.activiti.engine.impl.interceptor.LogInterceptor.execute(LogInterceptor.java:37)
	at org.activiti.engine.impl.cfg.CommandExecutorImpl.execute(CommandExecutorImpl.java:40)
	at org.activiti.engine.impl.cfg.CommandExecutorImpl.execute(CommandExecutorImpl.java:35)
	at org.activiti.engine.impl.FormServiceImpl.submitTaskFormData(FormServiceImpl.java:70)
	at com.home.demo.main.PurchaseErrorEventSubProcessTest.testRejectOnTreasurer(PurchaseErrorEventSubProcessTest.java:69)
</error>
    <system-out><![CDATA[16:46:24.390 [main] DEBUG org.springframework.test.context.BootstrapUtils - Instantiating CacheAwareContextLoaderDelegate from class [org.springframework.test.context.cache.DefaultCacheAwareContextLoaderDelegate]
16:46:24.390 [main] DEBUG org.springframework.test.context.BootstrapUtils - Instantiating BootstrapContext using constructor [public org.springframework.test.context.support.DefaultBootstrapContext(java.lang.Class,org.springframework.test.context.CacheAwareContextLoaderDelegate)]
16:46:24.391 [main] DEBUG org.springframework.test.context.BootstrapUtils - Instantiating TestContextBootstrapper for test class [com.home.demo.main.PurchaseErrorEventSubProcessTest] from class [org.springframework.test.context.support.DefaultTestContextBootstrapper]
16:46:24.392 [main] DEBUG org.springframework.test.context.support.AbstractDelegatingSmartContextLoader - Delegating to GenericXmlContextLoader to process context configuration [ContextConfigurationAttributes@1b9d9a2b declaringClass = 'com.home.demo.main.PurchaseErrorEventSubProcessTest', classes = '{}', locations = '{classpath:applicationContext-test-chapter10.xml}', inheritLocations = true, initializers = '{}', inheritInitializers = true, name = [null], contextLoaderClass = 'org.springframework.test.context.ContextLoader'].
16:46:24.400 [main] DEBUG org.springframework.test.context.support.ActiveProfilesUtils - Could not find an 'annotation declaring class' for annotation type [org.springframework.test.context.ActiveProfiles] and class [com.home.demo.main.PurchaseErrorEventSubProcessTest]
16:46:24.400 [main] INFO org.springframework.test.context.support.DefaultTestContextBootstrapper - Using TestExecutionListeners: [org.springframework.test.context.support.DependencyInjectionTestExecutionListener@5792c08c]
16:46:24.401 [main] DEBUG org.springframework.test.context.support.DependencyInjectionTestExecutionListener - Performing dependency injection for test context [[DefaultTestContext@4d157493 testClass = PurchaseErrorEventSubProcessTest, testInstance = testRejectOnTreasurer(com.home.demo.main.PurchaseErrorEventSubProcessTest), testMethod = [null], testException = [null], mergedContextConfiguration = [MergedContextConfiguration@54c622a7 testClass = PurchaseErrorEventSubProcessTest, locations = '{classpath:applicationContext-test-chapter10.xml}', classes = '{}', contextInitializerClasses = '[]', activeProfiles = '{}', propertySourceLocations = '{}', propertySourceProperties = '{}', contextCustomizers = set[org.springframework.boot.test.context.filter.ExcludeFilterContextCustomizer@5bb21b69, org.springframework.boot.test.mock.mockito.MockitoContextCustomizer@0, org.springframework.boot.test.autoconfigure.properties.PropertyMappingContextCustomizer@0], contextLoader = 'org.springframework.test.context.support.DelegatingSmartContextLoader', parent = [null]]]].
16:46:24.401 [main] DEBUG org.springframework.test.context.cache.DefaultCacheAwareContextLoaderDelegate - Retrieved ApplicationContext from cache with key [[MergedContextConfiguration@54c622a7 testClass = PurchaseErrorEventSubProcessTest, locations = '{classpath:applicationContext-test-chapter10.xml}', classes = '{}', contextInitializerClasses = '[]', activeProfiles = '{}', propertySourceLocations = '{}', propertySourceProperties = '{}', contextCustomizers = set[org.springframework.boot.test.context.filter.ExcludeFilterContextCustomizer@5bb21b69, org.springframework.boot.test.mock.mockito.MockitoContextCustomizer@0, org.springframework.boot.test.autoconfigure.properties.PropertyMappingContextCustomizer@0], contextLoader = 'org.springframework.test.context.support.DelegatingSmartContextLoader', parent = [null]]]
16:46:24.401 [main] DEBUG org.springframework.test.context.cache - Spring test ApplicationContext cache statistics: [DefaultContextCache@d02f8d size = 3, maxSize = 32, parentContextCount = 0, hitCount = 4, missCount = 3]
16:46:24.405 [main] DEBUG org.springframework.beans.factory.annotation.InjectionMetadata - Processing injected element of bean 'com.home.demo.main.PurchaseErrorEventSubProcessTest': AutowiredFieldElement for protected org.springframework.context.ApplicationContext org.activiti.spring.impl.test.SpringActivitiTestCase.applicationContext
16:46:24.405 [main] DEBUG org.springframework.beans.factory.annotation.AutowiredAnnotationBeanPostProcessor - Autowiring by type from bean name 'com.home.demo.main.PurchaseErrorEventSubProcessTest' to bean named 'org.springframework.context.support.GenericApplicationContext@6cf0a747'
16:46:24.405 [main] DEBUG org.springframework.beans.factory.support.DefaultListableBeanFactory - Returning cached instance of singleton bean 'org.springframework.transaction.config.internalTransactionAdvisor'
16:46:24.407 [main] DEBUG org.springframework.beans.factory.support.DefaultListableBeanFactory - Returning cached instance of singleton bean 'processEngineFactory'
16:46:24.407 [main] DEBUG org.activiti.engine.impl.test.TestHelper - annotation @Deployment creates deployment for PurchaseErrorEventSubProcessTest.testRejectOnTreasurer
16:46:24.428 [main] DEBUG org.activiti.engine.impl.interceptor.LogInterceptor - 

16:46:24.428 [main] DEBUG org.activiti.engine.impl.interceptor.LogInterceptor - --- starting DeployCmd --------------------------------------------------------
16:46:24.428 [main] DEBUG org.activiti.spring.SpringTransactionInterceptor - Running command with propagation REQUIRED
16:46:24.428 [main] DEBUG org.springframework.jdbc.datasource.DataSourceTransactionManager - Creating new transaction with name [null]: PROPAGATION_REQUIRED,ISOLATION_DEFAULT
16:46:24.428 [main] DEBUG org.springframework.jdbc.datasource.SimpleDriverDataSource - Creating new JDBC Driver Connection to [jdbc:h2:mem:activiti;DB_CLOSE_DELAY=1000]
16:46:24.428 [main] DEBUG org.springframework.jdbc.datasource.DataSourceTransactionManager - Acquired Connection [conn91: url=jdbc:h2:mem:activiti user=SA] for JDBC transaction
16:46:24.428 [main] DEBUG org.springframework.jdbc.datasource.DataSourceTransactionManager - Switching JDBC Connection [conn91: url=jdbc:h2:mem:activiti user=SA] to manual commit
16:46:24.428 [main] DEBUG org.activiti.engine.impl.bpmn.deployer.BpmnDeployer - Processing deployment PurchaseErrorEventSubProcessTest.testRejectOnTreasurer
16:46:24.428 [main] INFO org.activiti.engine.impl.bpmn.deployer.BpmnDeployer - Processing resource diagrams/chapter10/purchase-error-event-subprocess.bpmn
16:46:24.448 [main] DEBUG org.activiti.engine.impl.bpmn.parser.handler.ProcessParseHandler - Parsing process purchase-error-event-subprocess
16:46:24.448 [main] DEBUG org.activiti.engine.impl.bpmn.parser.handler.AbstractBpmnParseHandler - Parsing activity deptLeaderAudit
16:46:24.448 [main] DEBUG org.activiti.engine.impl.bpmn.parser.handler.AbstractBpmnParseHandler - Parsing activity exclusivegateway1
16:46:24.448 [main] DEBUG org.activiti.engine.impl.bpmn.parser.handler.AbstractBpmnParseHandler - Parsing activity contactSupplier
16:46:24.450 [main] DEBUG org.activiti.engine.impl.bpmn.parser.handler.AbstractBpmnParseHandler - Parsing activity subprocessPay
16:46:24.451 [main] DEBUG org.activiti.engine.impl.bpmn.parser.handler.AbstractBpmnParseHandler - Parsing activity exclusivegateway2
16:46:24.451 [main] DEBUG org.activiti.engine.impl.bpmn.parser.handler.AbstractBpmnParseHandler - Parsing activity generalManagerAudit
16:46:24.451 [main] DEBUG org.activiti.engine.impl.bpmn.parser.handler.AbstractBpmnParseHandler - Parsing activity exclusivegateway-generalManagerAudit
16:46:24.451 [main] DEBUG org.activiti.engine.impl.bpmn.parser.handler.AbstractBpmnParseHandler - Parsing activity pay
16:46:24.451 [main] DEBUG org.activiti.engine.impl.bpmn.parser.handler.AbstractBpmnParseHandler - Parsing activity treasurerAudit
16:46:24.451 [main] DEBUG org.activiti.engine.impl.bpmn.parser.handler.AbstractBpmnParseHandler - Parsing activity exclusivegateway-treasurerAudit
16:46:24.451 [main] DEBUG org.activiti.engine.impl.bpmn.parser.handler.AbstractBpmnParseHandler - Parsing activity startevent2
16:46:24.451 [main] DEBUG org.activiti.engine.impl.bpmn.parser.handler.AbstractBpmnParseHandler - Parsing activity endevent1
16:46:24.451 [main] DEBUG org.activiti.engine.impl.bpmn.parser.handler.AbstractBpmnParseHandler - Parsing activity errorendevent1
16:46:24.451 [main] DEBUG org.activiti.engine.impl.bpmn.parser.handler.AbstractBpmnParseHandler - Parsing activity errorendevent2
16:46:24.451 [main] DEBUG org.activiti.engine.impl.bpmn.parser.handler.AbstractBpmnParseHandler - Parsing activity confirmReceipt
16:46:24.451 [main] DEBUG org.activiti.engine.impl.bpmn.parser.handler.AbstractBpmnParseHandler - Parsing activity catchErrorForPayment
16:46:24.451 [main] DEBUG org.activiti.engine.impl.bpmn.parser.handler.AbstractBpmnParseHandler - Parsing activity recordErrorInfo
16:46:24.451 [main] DEBUG org.activiti.engine.impl.bpmn.parser.handler.AbstractBpmnParseHandler - Parsing activity errorstartevent1
16:46:24.452 [main] DEBUG org.activiti.engine.impl.bpmn.parser.handler.AbstractBpmnParseHandler - Parsing activity endevent6
16:46:24.452 [main] DEBUG org.activiti.engine.impl.bpmn.parser.handler.AbstractBpmnParseHandler - Parsing activity modifyApply
16:46:24.452 [main] DEBUG org.activiti.engine.impl.bpmn.parser.handler.AbstractBpmnParseHandler - Parsing activity exclusivegateway6
16:46:24.452 [main] DEBUG org.activiti.engine.impl.bpmn.parser.handler.AbstractBpmnParseHandler - Parsing activity startevent1
16:46:24.452 [main] DEBUG org.activiti.engine.impl.bpmn.parser.handler.AbstractBpmnParseHandler - Parsing activity endevent3
16:46:24.452 [main] DEBUG org.activiti.engine.impl.bpmn.parser.handler.AbstractBpmnParseHandler - Parsing activity endevent5
16:46:24.649 [main] DEBUG org.apache.ibatis.transaction.managed.ManagedTransaction - Opening JDBC Connection
16:46:24.649 [main] DEBUG org.activiti.engine.impl.persistence.entity.ProcessDefinitionEntity.selectLatestProcessDefinitionByKey - ==>  Preparing: select * from ACT_RE_PROCDEF where KEY_ = ? and (TENANT_ID_ = '' or TENANT_ID_ is null) and VERSION_ = (select max(VERSION_) from ACT_RE_PROCDEF where KEY_ = ? and (TENANT_ID_ = '' or TENANT_ID_ is null)) 
16:46:24.649 [main] DEBUG org.activiti.engine.impl.persistence.entity.ProcessDefinitionEntity.selectLatestProcessDefinitionByKey - ==> Parameters: purchase-error-event-subprocess(String), purchase-error-event-subprocess(String)
16:46:24.650 [main] DEBUG org.activiti.engine.impl.persistence.entity.ProcessDefinitionEntity.selectLatestProcessDefinitionByKey - <==      Total: 0
16:46:24.650 [main] DEBUG org.activiti.engine.impl.persistence.entity.JobEntity.selectJobsByConfiguration - ==>  Preparing: select * from ACT_RU_JOB where HANDLER_TYPE_ = ? and HANDLER_CFG_ = ? 
16:46:24.650 [main] DEBUG org.activiti.engine.impl.persistence.entity.JobEntity.selectJobsByConfiguration - ==> Parameters: timer-start-event(String), purchase-error-event-subprocess(String)
16:46:24.650 [main] DEBUG org.activiti.engine.impl.persistence.entity.JobEntity.selectJobsByConfiguration - <==      Total: 0
16:46:24.650 [main] DEBUG org.activiti.engine.impl.db.DbSqlSession - flush summary: 4 insert, 0 update, 0 delete.
16:46:24.650 [main] DEBUG org.activiti.engine.impl.db.DbSqlSession -   insert DeploymentEntity[id=10161, name=PurchaseErrorEventSubProcessTest.testRejectOnTreasurer]
16:46:24.650 [main] DEBUG org.activiti.engine.impl.db.DbSqlSession -   insert ResourceEntity[id=10162, name=diagrams/chapter10/purchase-error-event-subprocess.bpmn]
16:46:24.650 [main] DEBUG org.activiti.engine.impl.db.DbSqlSession -   insert ResourceEntity[id=10163, name=diagrams/chapter10/purchase-error-event-subprocess.purchase-error-event-subprocess.png]
16:46:24.650 [main] DEBUG org.activiti.engine.impl.db.DbSqlSession -   insert ProcessDefinitionEntity[purchase-error-event-subprocess:1:10164]
16:46:24.650 [main] DEBUG org.activiti.engine.impl.db.DbSqlSession - now executing flush...
16:46:24.650 [main] DEBUG org.activiti.engine.impl.db.DbSqlSession - inserting: DeploymentEntity[id=10161, name=PurchaseErrorEventSubProcessTest.testRejectOnTreasurer]
16:46:24.650 [main] DEBUG org.activiti.engine.impl.persistence.entity.DeploymentEntity.insertDeployment - ==>  Preparing: insert into ACT_RE_DEPLOYMENT(ID_, NAME_, CATEGORY_, TENANT_ID_, DEPLOY_TIME_) values(?, ?, ?, ?, ?) 
16:46:24.650 [main] DEBUG org.activiti.engine.impl.persistence.entity.DeploymentEntity.insertDeployment - ==> Parameters: 10161(String), PurchaseErrorEventSubProcessTest.testRejectOnTreasurer(String), null, (String), 2017-11-28 16:46:24.428(Timestamp)
16:46:24.650 [main] DEBUG org.activiti.engine.impl.persistence.entity.DeploymentEntity.insertDeployment - <==    Updates: 1
16:46:24.650 [main] DEBUG org.activiti.engine.impl.db.DbSqlSession - inserting: ResourceEntity[id=10162, name=diagrams/chapter10/purchase-error-event-subprocess.bpmn]
16:46:24.651 [main] DEBUG org.activiti.engine.impl.persistence.entity.ResourceEntity.insertResource - ==>  Preparing: insert into ACT_GE_BYTEARRAY(ID_, REV_, NAME_, BYTES_, DEPLOYMENT_ID_, GENERATED_) values (?, 1, ?, ?, ?, ?) 
16:46:24.651 [main] DEBUG org.activiti.engine.impl.persistence.entity.ResourceEntity.insertResource - ==> Parameters: 10162(String), diagrams/chapter10/purchase-error-event-subprocess.bpmn(String), java.io.ByteArrayInputStream@47c7a9e5(ByteArrayInputStream), 10161(String), false(Boolean)
16:46:24.653 [main] DEBUG org.activiti.engine.impl.persistence.entity.ResourceEntity.insertResource - <==    Updates: 1
16:46:24.653 [main] DEBUG org.activiti.engine.impl.db.DbSqlSession - inserting: ResourceEntity[id=10163, name=diagrams/chapter10/purchase-error-event-subprocess.purchase-error-event-subprocess.png]
16:46:24.653 [main] DEBUG org.activiti.engine.impl.persistence.entity.ResourceEntity.insertResource - ==>  Preparing: insert into ACT_GE_BYTEARRAY(ID_, REV_, NAME_, BYTES_, DEPLOYMENT_ID_, GENERATED_) values (?, 1, ?, ?, ?, ?) 
16:46:24.653 [main] DEBUG org.activiti.engine.impl.persistence.entity.ResourceEntity.insertResource - ==> Parameters: 10163(String), diagrams/chapter10/purchase-error-event-subprocess.purchase-error-event-subprocess.png(String), java.io.ByteArrayInputStream@7951c3a2(ByteArrayInputStream), 10161(String), true(Boolean)
16:46:24.654 [main] DEBUG org.activiti.engine.impl.persistence.entity.ResourceEntity.insertResource - <==    Updates: 1
16:46:24.654 [main] DEBUG org.activiti.engine.impl.db.DbSqlSession - inserting: ProcessDefinitionEntity[purchase-error-event-subprocess:1:10164]
16:46:24.654 [main] DEBUG org.activiti.engine.impl.persistence.entity.ProcessDefinitionEntity.insertProcessDefinition - ==>  Preparing: insert into ACT_RE_PROCDEF(ID_, REV_, CATEGORY_, NAME_, KEY_, VERSION_, DEPLOYMENT_ID_, RESOURCE_NAME_, DGRM_RESOURCE_NAME_, DESCRIPTION_, HAS_START_FORM_KEY_, SUSPENSION_STATE_, TENANT_ID_) values (?, 1, ?, ?, ?, ?, ?, ?, ?, ?, ?, ?, ?) 
16:46:24.654 [main] DEBUG org.activiti.engine.impl.persistence.entity.ProcessDefinitionEntity.insertProcessDefinition - ==> Parameters: purchase-error-event-subprocess:1:10164(String), http://www.kafeitu.me/activiti(String), 办公用品采购--事件子流程(异常)(String), purchase-error-event-subprocess(String), 1(Integer), 10161(String), diagrams/chapter10/purchase-error-event-subprocess.bpmn(String), diagrams/chapter10/purchase-error-event-subprocess.purchase-error-event-subprocess.png(String), null, false(Boolean), 1(Integer), (String)
16:46:24.659 [main] DEBUG org.activiti.engine.impl.persistence.entity.ProcessDefinitionEntity.insertProcessDefinition - <==    Updates: 1
16:46:24.659 [main] DEBUG org.apache.ibatis.transaction.managed.ManagedTransaction - Closing JDBC Connection [Transaction-aware proxy for target Connection [conn91: url=jdbc:h2:mem:activiti user=SA]]
16:46:24.660 [main] DEBUG org.springframework.jdbc.datasource.DataSourceTransactionManager - Initiating transaction commit
16:46:24.660 [main] DEBUG org.springframework.jdbc.datasource.DataSourceTransactionManager - Committing JDBC transaction on Connection [conn91: url=jdbc:h2:mem:activiti user=SA]
16:46:24.660 [main] DEBUG org.springframework.jdbc.datasource.DataSourceTransactionManager - Releasing JDBC Connection [conn91: url=jdbc:h2:mem:activiti user=SA] after transaction
16:46:24.660 [main] DEBUG org.springframework.jdbc.datasource.DataSourceUtils - Returning JDBC Connection to DataSource
16:46:24.668 [main] DEBUG org.activiti.engine.impl.interceptor.LogInterceptor - --- DeployCmd finished --------------------------------------------------------
16:46:24.668 [main] DEBUG org.activiti.engine.impl.interceptor.LogInterceptor - 

16:46:24.668 [main] DEBUG org.activiti.engine.impl.test.PvmTestCase - 

16:46:24.668 [main] DEBUG org.activiti.engine.impl.test.PvmTestCase - #### START PurchaseErrorEventSubProcessTest.testRejectOnTreasurer ###########################################################
16:46:24.668 [main] DEBUG org.activiti.engine.impl.interceptor.LogInterceptor - 

16:46:24.668 [main] DEBUG org.activiti.engine.impl.interceptor.LogInterceptor - --- starting ProcessDefinitionQueryImpl --------------------------------------------------------
16:46:24.668 [main] DEBUG org.activiti.spring.SpringTransactionInterceptor - Running command with propagation REQUIRED
16:46:24.669 [main] DEBUG org.springframework.jdbc.datasource.DataSourceTransactionManager - Creating new transaction with name [null]: PROPAGATION_REQUIRED,ISOLATION_DEFAULT
16:46:24.669 [main] DEBUG org.springframework.jdbc.datasource.SimpleDriverDataSource - Creating new JDBC Driver Connection to [jdbc:h2:mem:activiti;DB_CLOSE_DELAY=1000]
16:46:24.670 [main] DEBUG org.springframework.jdbc.datasource.DataSourceTransactionManager - Acquired Connection [conn92: url=jdbc:h2:mem:activiti user=SA] for JDBC transaction
16:46:24.670 [main] DEBUG org.springframework.jdbc.datasource.DataSourceTransactionManager - Switching JDBC Connection [conn92: url=jdbc:h2:mem:activiti user=SA] to manual commit
16:46:24.671 [main] DEBUG org.apache.ibatis.transaction.managed.ManagedTransaction - Opening JDBC Connection
16:46:24.672 [main] DEBUG org.activiti.engine.impl.persistence.entity.ProcessDefinitionEntity.selectProcessDefinitionsByQueryCriteria - ==>  Preparing: select RES.* from ACT_RE_PROCDEF RES WHERE RES.KEY_ = ? order by RES.ID_ asc LIMIT ? OFFSET ? 
16:46:24.673 [main] DEBUG org.activiti.engine.impl.persistence.entity.ProcessDefinitionEntity.selectProcessDefinitionsByQueryCriteria - ==> Parameters: purchase-error-event-subprocess(String), 2147483647(Integer), 0(Integer)
16:46:24.675 [main] DEBUG org.activiti.engine.impl.persistence.entity.ProcessDefinitionEntity.selectProcessDefinitionsByQueryCriteria - <==      Total: 1
16:46:24.675 [main] DEBUG org.activiti.engine.impl.db.DbSqlSession - flush summary: 0 insert, 0 update, 0 delete.
16:46:24.676 [main] DEBUG org.activiti.engine.impl.db.DbSqlSession - now executing flush...
16:46:24.676 [main] DEBUG org.apache.ibatis.transaction.managed.ManagedTransaction - Closing JDBC Connection [Transaction-aware proxy for target Connection [conn92: url=jdbc:h2:mem:activiti user=SA]]
16:46:24.676 [main] DEBUG org.springframework.jdbc.datasource.DataSourceTransactionManager - Initiating transaction commit
16:46:24.676 [main] DEBUG org.springframework.jdbc.datasource.DataSourceTransactionManager - Committing JDBC transaction on Connection [conn92: url=jdbc:h2:mem:activiti user=SA]
16:46:24.676 [main] DEBUG org.springframework.jdbc.datasource.DataSourceTransactionManager - Releasing JDBC Connection [conn92: url=jdbc:h2:mem:activiti user=SA] after transaction
16:46:24.676 [main] DEBUG org.springframework.jdbc.datasource.DataSourceUtils - Returning JDBC Connection to DataSource
16:46:24.676 [main] DEBUG org.activiti.engine.impl.interceptor.LogInterceptor - --- ProcessDefinitionQueryImpl finished --------------------------------------------------------
16:46:24.676 [main] DEBUG org.activiti.engine.impl.interceptor.LogInterceptor - 

16:46:24.676 [main] DEBUG org.activiti.engine.impl.interceptor.LogInterceptor - 

16:46:24.676 [main] DEBUG org.activiti.engine.impl.interceptor.LogInterceptor - --- starting SubmitStartFormCmd --------------------------------------------------------
16:46:24.676 [main] DEBUG org.activiti.spring.SpringTransactionInterceptor - Running command with propagation REQUIRED
16:46:24.676 [main] DEBUG org.springframework.jdbc.datasource.DataSourceTransactionManager - Creating new transaction with name [null]: PROPAGATION_REQUIRED,ISOLATION_DEFAULT
16:46:24.676 [main] DEBUG org.springframework.jdbc.datasource.SimpleDriverDataSource - Creating new JDBC Driver Connection to [jdbc:h2:mem:activiti;DB_CLOSE_DELAY=1000]
16:46:24.677 [main] DEBUG org.springframework.jdbc.datasource.DataSourceTransactionManager - Acquired Connection [conn93: url=jdbc:h2:mem:activiti user=SA] for JDBC transaction
16:46:24.677 [main] DEBUG org.springframework.jdbc.datasource.DataSourceTransactionManager - Switching JDBC Connection [conn93: url=jdbc:h2:mem:activiti user=SA] to manual commit
16:46:24.677 [main] DEBUG org.activiti.engine.impl.persistence.entity.ExecutionEntity - initializing ProcessInstance[10165]
16:46:24.677 [main] DEBUG org.activiti.engine.impl.history.DefaultHistoryManager - Current history level: AUDIT, level required: ACTIVITY
16:46:24.677 [main] DEBUG org.activiti.engine.impl.history.DefaultHistoryManager - Current history level: AUDIT, level required: FULL
16:46:24.677 [main] DEBUG org.apache.ibatis.transaction.managed.ManagedTransaction - Opening JDBC Connection
16:46:24.677 [main] DEBUG org.activiti.engine.impl.persistence.entity.IdentityLinkEntity.selectIdentityLinksByProcessInstance - ==>  Preparing: select * from ACT_RU_IDENTITYLINK where PROC_INST_ID_ = ? 
16:46:24.677 [main] DEBUG org.activiti.engine.impl.persistence.entity.IdentityLinkEntity.selectIdentityLinksByProcessInstance - ==> Parameters: 10165(String)
16:46:24.677 [main] DEBUG org.activiti.engine.impl.persistence.entity.IdentityLinkEntity.selectIdentityLinksByProcessInstance - <==      Total: 0
16:46:24.677 [main] DEBUG org.activiti.engine.impl.history.DefaultHistoryManager - Current history level: AUDIT, level required: AUDIT
16:46:24.677 [main] DEBUG org.activiti.engine.impl.history.DefaultHistoryManager - Current history level: AUDIT, level required: ACTIVITY
16:46:24.678 [main] DEBUG org.activiti.engine.impl.history.DefaultHistoryManager - Current history level: AUDIT, level required: AUDIT
16:46:24.678 [main] DEBUG org.activiti.engine.impl.history.DefaultHistoryManager - Current history level: AUDIT, level required: ACTIVITY
16:46:24.678 [main] DEBUG org.activiti.engine.impl.history.DefaultHistoryManager - Current history level: AUDIT, level required: FULL
16:46:24.678 [main] DEBUG org.activiti.engine.impl.history.DefaultHistoryManager - Current history level: AUDIT, level required: ACTIVITY
16:46:24.678 [main] DEBUG org.activiti.engine.impl.history.DefaultHistoryManager - Current history level: AUDIT, level required: FULL
16:46:24.678 [main] DEBUG org.activiti.engine.impl.history.DefaultHistoryManager - Current history level: AUDIT, level required: ACTIVITY
16:46:24.678 [main] DEBUG org.activiti.engine.impl.history.DefaultHistoryManager - Current history level: AUDIT, level required: FULL
16:46:24.678 [main] DEBUG org.activiti.engine.impl.pvm.runtime.AtomicOperationActivityExecute - ProcessInstance[10165] executes Activity(startevent1): org.activiti.engine.impl.bpmn.behavior.NoneStartEventActivityBehavior
16:46:24.678 [main] DEBUG org.activiti.engine.impl.bpmn.behavior.BpmnActivityBehavior - Leaving activity 'startevent1'
16:46:24.678 [main] DEBUG org.activiti.engine.impl.history.DefaultHistoryManager - Current history level: AUDIT, level required: ACTIVITY
16:46:24.678 [main] DEBUG org.activiti.engine.impl.pvm.runtime.AtomicOperationTransitionNotifyListenerTake - ProcessInstance[10165] takes transition (startevent1)--flow20-->(deptLeaderAudit)
16:46:24.678 [main] DEBUG org.activiti.engine.impl.history.DefaultHistoryManager - Current history level: AUDIT, level required: ACTIVITY
16:46:24.678 [main] DEBUG org.activiti.engine.impl.pvm.runtime.AtomicOperationActivityExecute - ProcessInstance[10165] executes Activity(deptLeaderAudit): org.activiti.engine.impl.bpmn.behavior.UserTaskActivityBehavior
16:46:24.678 [main] DEBUG org.activiti.engine.impl.history.DefaultHistoryManager - Current history level: AUDIT, level required: AUDIT
16:46:24.678 [main] DEBUG org.activiti.engine.impl.history.DefaultHistoryManager - Current history level: AUDIT, level required: AUDIT
16:46:24.678 [main] DEBUG org.activiti.engine.impl.history.DefaultHistoryManager - Current history level: AUDIT, level required: AUDIT
16:46:24.678 [main] DEBUG org.activiti.engine.impl.history.DefaultHistoryManager - Current history level: AUDIT, level required: AUDIT
16:46:24.679 [main] DEBUG org.activiti.engine.impl.history.DefaultHistoryManager - Current history level: AUDIT, level required: AUDIT
16:46:24.680 [main] DEBUG org.activiti.engine.impl.history.DefaultHistoryManager - Current history level: AUDIT, level required: ACTIVITY
16:46:24.681 [main] DEBUG org.activiti.engine.impl.db.DbSqlSession - flush summary: 21 insert, 0 update, 0 delete.
16:46:24.681 [main] DEBUG org.activiti.engine.impl.db.DbSqlSession -   insert ProcessInstance[10165]
16:46:24.681 [main] DEBUG org.activiti.engine.impl.db.DbSqlSession -   insert VariableInstanceEntity[id=10166, name=applyUserId, type=string, textValue=henryyan]
16:46:24.681 [main] DEBUG org.activiti.engine.impl.db.DbSqlSession -   insert HistoricVariableInstanceEntity[id=10166, name=applyUserId, revision=0, type=string, textValue=henryyan]
16:46:24.681 [main] DEBUG org.activiti.engine.impl.db.DbSqlSession -   insert IdentityLinkEntity[id=10167, type=starter, userId=henryyan, processInstanceId=10165]
16:46:24.681 [main] DEBUG org.activiti.engine.impl.db.DbSqlSession -   insert org.activiti.engine.impl.persistence.entity.HistoricIdentityLinkEntity@20580d4e
16:46:24.682 [main] DEBUG org.activiti.engine.impl.db.DbSqlSession -   insert HistoricProcessInstanceEntity[superProcessInstanceId=null]
16:46:24.682 [main] DEBUG org.activiti.engine.impl.db.DbSqlSession -   insert HistoricActivityInstanceEntity[activityId=startevent1, activityName=startevent1]
16:46:24.682 [main] DEBUG org.activiti.engine.impl.db.DbSqlSession -   insert org.activiti.engine.impl.persistence.entity.HistoricFormPropertyEntity@21bd128b
16:46:24.683 [main] DEBUG org.activiti.engine.impl.db.DbSqlSession -   insert org.activiti.engine.impl.persistence.entity.HistoricFormPropertyEntity@2d0b05
16:46:24.683 [main] DEBUG org.activiti.engine.impl.db.DbSqlSession -   insert org.activiti.engine.impl.persistence.entity.HistoricFormPropertyEntity@4b432e53
16:46:24.683 [main] DEBUG org.activiti.engine.impl.db.DbSqlSession -   insert VariableInstanceEntity[id=10172, name=dueDate, type=date, longValue=1362931200000]
16:46:24.683 [main] DEBUG org.activiti.engine.impl.db.DbSqlSession -   insert HistoricVariableInstanceEntity[id=10172, name=dueDate, revision=0, type=date, longValue=1362931200000]
16:46:24.683 [main] DEBUG org.activiti.engine.impl.db.DbSqlSession -   insert VariableInstanceEntity[id=10173, name=listing, type=string, textValue=1. MacBook Pro一台
2. 27寸显示器一台]
16:46:24.683 [main] DEBUG org.activiti.engine.impl.db.DbSqlSession -   insert HistoricVariableInstanceEntity[id=10173, name=listing, revision=0, type=string, textValue=1. MacBook Pro一台
2. 27寸显示器一台]
16:46:24.683 [main] DEBUG org.activiti.engine.impl.db.DbSqlSession -   insert VariableInstanceEntity[id=10174, name=amountMoney, type=double, doubleValue=22000.0]
16:46:24.683 [main] DEBUG org.activiti.engine.impl.db.DbSqlSession -   insert HistoricVariableInstanceEntity[id=10174, name=amountMoney, revision=0, type=double, doubleValue=22000.0]
16:46:24.683 [main] DEBUG org.activiti.engine.impl.db.DbSqlSession -   insert HistoricActivityInstanceEntity[activityId=deptLeaderAudit, activityName=领导审批]
16:46:24.683 [main] DEBUG org.activiti.engine.impl.db.DbSqlSession -   insert Task[id=10176, name=领导审批]
16:46:24.683 [main] DEBUG org.activiti.engine.impl.db.DbSqlSession -   insert org.activiti.engine.impl.persistence.entity.HistoricTaskInstanceEntity@2b916808
16:46:24.683 [main] DEBUG org.activiti.engine.impl.db.DbSqlSession -   insert IdentityLinkEntity[id=10177, type=candidate, groupId=deptLeader, taskId=10176]
16:46:24.683 [main] DEBUG org.activiti.engine.impl.db.DbSqlSession -   insert org.activiti.engine.impl.persistence.entity.HistoricIdentityLinkEntity@62f11ebb
16:46:24.683 [main] DEBUG org.activiti.engine.impl.db.DbSqlSession - now executing flush...
16:46:24.683 [main] DEBUG org.activiti.engine.impl.db.DbSqlSession - inserting: ProcessInstance[10165]
16:46:24.684 [main] DEBUG org.activiti.engine.impl.persistence.entity.ExecutionEntity.insertExecution - ==>  Preparing: insert into ACT_RU_EXECUTION (ID_, REV_, PROC_INST_ID_, BUSINESS_KEY_, PROC_DEF_ID_, ACT_ID_, IS_ACTIVE_, IS_CONCURRENT_, IS_SCOPE_,IS_EVENT_SCOPE_, PARENT_ID_, SUPER_EXEC_, SUSPENSION_STATE_, CACHED_ENT_STATE_, TENANT_ID_, NAME_) values ( ?, 1, ?, ?, ?, ?, ?, ?, ?, ?, ?, ?, ?, ?, ?, ? ) 
16:46:24.684 [main] DEBUG org.activiti.engine.impl.persistence.entity.ExecutionEntity.insertExecution - ==> Parameters: 10165(String), 10165(String), null, purchase-error-event-subprocess:1:10164(String), deptLeaderAudit(String), true(Boolean), false(Boolean), true(Boolean), false(Boolean), null, null, 1(Integer), 2(Integer), (String), null
16:46:24.684 [main] DEBUG org.activiti.engine.impl.persistence.entity.ExecutionEntity.insertExecution - <==    Updates: 1
16:46:24.684 [main] DEBUG org.activiti.engine.impl.db.DbSqlSession - inserting: VariableInstanceEntity[id=10166, name=applyUserId, type=string, textValue=henryyan]
16:46:24.691 [main] DEBUG org.activiti.engine.impl.persistence.entity.VariableInstanceEntity.insertVariableInstance - ==>  Preparing: insert into ACT_RU_VARIABLE (ID_, REV_, TYPE_, NAME_, PROC_INST_ID_, EXECUTION_ID_, TASK_ID_, BYTEARRAY_ID_, DOUBLE_, LONG_ , TEXT_, TEXT2_) values ( ?, 1, ?, ?, ?, ?, ?, ?, ?, ?, ?, ? ) 
16:46:24.691 [main] DEBUG org.activiti.engine.impl.persistence.entity.VariableInstanceEntity.insertVariableInstance - ==> Parameters: 10166(String), string(String), applyUserId(String), 10165(String), 10165(String), null, null, null, null, henryyan(String), null
16:46:24.692 [main] DEBUG org.activiti.engine.impl.persistence.entity.VariableInstanceEntity.insertVariableInstance - <==    Updates: 1
16:46:24.692 [main] DEBUG org.activiti.engine.impl.db.DbSqlSession - inserting: HistoricVariableInstanceEntity[id=10166, name=applyUserId, revision=0, type=string, textValue=henryyan]
16:46:24.692 [main] DEBUG org.activiti.engine.impl.persistence.entity.HistoricVariableInstanceEntity.insertHistoricVariableInstance - ==>  Preparing: insert into ACT_HI_VARINST (ID_, PROC_INST_ID_, EXECUTION_ID_, TASK_ID_, NAME_, REV_, VAR_TYPE_, BYTEARRAY_ID_, DOUBLE_, LONG_ , TEXT_, TEXT2_, CREATE_TIME_, LAST_UPDATED_TIME_) values ( ?, ?, ?, ?, ?, ?, ?, ?, ?, ?, ?, ?, ?, ? ) 
16:46:24.695 [main] DEBUG org.activiti.engine.impl.persistence.entity.HistoricVariableInstanceEntity.insertHistoricVariableInstance - ==> Parameters: 10166(String), 10165(String), 10165(String), null, applyUserId(String), 0(Integer), string(String), null, null, null, henryyan(String), null, 2017-11-28 16:46:24.677(Timestamp), 2017-11-28 16:46:24.677(Timestamp)
16:46:24.695 [main] DEBUG org.activiti.engine.impl.persistence.entity.HistoricVariableInstanceEntity.insertHistoricVariableInstance - <==    Updates: 1
16:46:24.695 [main] DEBUG org.activiti.engine.impl.db.DbSqlSession - inserting: IdentityLinkEntity[id=10167, type=starter, userId=henryyan, processInstanceId=10165]
16:46:24.698 [main] DEBUG org.activiti.engine.impl.persistence.entity.IdentityLinkEntity.insertIdentityLink - ==>  Preparing: insert into ACT_RU_IDENTITYLINK (ID_, REV_, TYPE_, USER_ID_, GROUP_ID_, TASK_ID_, PROC_INST_ID_, PROC_DEF_ID_) values (?, 1, ?, ?, ?, ?, ?, ?) 
16:46:24.701 [main] DEBUG org.activiti.engine.impl.persistence.entity.IdentityLinkEntity.insertIdentityLink - ==> Parameters: 10167(String), starter(String), henryyan(String), null, null, 10165(String), null
16:46:24.701 [main] DEBUG org.activiti.engine.impl.persistence.entity.IdentityLinkEntity.insertIdentityLink - <==    Updates: 1
16:46:24.701 [main] DEBUG org.activiti.engine.impl.db.DbSqlSession - inserting: org.activiti.engine.impl.persistence.entity.HistoricIdentityLinkEntity@20580d4e
16:46:24.702 [main] DEBUG org.activiti.engine.impl.persistence.entity.HistoricIdentityLinkEntity.insertHistoricIdentityLink - ==>  Preparing: insert into ACT_HI_IDENTITYLINK (ID_, TYPE_, USER_ID_, GROUP_ID_, TASK_ID_, PROC_INST_ID_) values (?, ?, ?, ?, ?, ?) 
16:46:24.702 [main] DEBUG org.activiti.engine.impl.persistence.entity.HistoricIdentityLinkEntity.insertHistoricIdentityLink - ==> Parameters: 10167(String), starter(String), henryyan(String), null, null, 10165(String)
16:46:24.703 [main] DEBUG org.activiti.engine.impl.persistence.entity.HistoricIdentityLinkEntity.insertHistoricIdentityLink - <==    Updates: 1
16:46:24.703 [main] DEBUG org.activiti.engine.impl.db.DbSqlSession - inserting: HistoricProcessInstanceEntity[superProcessInstanceId=null]
16:46:24.704 [main] DEBUG org.activiti.engine.impl.persistence.entity.HistoricProcessInstanceEntity.insertHistoricProcessInstance - ==>  Preparing: insert into ACT_HI_PROCINST ( ID_, PROC_INST_ID_, BUSINESS_KEY_, PROC_DEF_ID_, START_TIME_, END_TIME_, DURATION_, START_USER_ID_, START_ACT_ID_, END_ACT_ID_, SUPER_PROCESS_INSTANCE_ID_, DELETE_REASON_, TENANT_ID_, NAME_ ) values ( ?, ?, ?, ?, ?, ?, ?, ?, ?, ?, ?, ?, ?, ? ) 
16:46:24.704 [main] DEBUG org.activiti.engine.impl.persistence.entity.HistoricProcessInstanceEntity.insertHistoricProcessInstance - ==> Parameters: 10165(String), 10165(String), null, purchase-error-event-subprocess:1:10164(String), 2017-11-28 16:46:24.677(Timestamp), null, null, henryyan(String), startevent1(String), null, null, null, (String), null
16:46:24.704 [main] DEBUG org.activiti.engine.impl.persistence.entity.HistoricProcessInstanceEntity.insertHistoricProcessInstance - <==    Updates: 1
16:46:24.704 [main] DEBUG org.activiti.engine.impl.db.DbSqlSession - inserting: HistoricActivityInstanceEntity[activityId=startevent1, activityName=startevent1]
16:46:24.708 [main] DEBUG org.activiti.engine.impl.persistence.entity.HistoricActivityInstanceEntity.insertHistoricActivityInstance - ==>  Preparing: insert into ACT_HI_ACTINST ( ID_, PROC_DEF_ID_, PROC_INST_ID_, EXECUTION_ID_, ACT_ID_, TASK_ID_, CALL_PROC_INST_ID_, ACT_NAME_, ACT_TYPE_, ASSIGNEE_, START_TIME_, END_TIME_, DURATION_, TENANT_ID_ ) values ( ?, ?, ?, ?, ?, ?, ?, ?, ?, ?, ?, ?, ?, ? ) 
16:46:24.710 [main] DEBUG org.activiti.engine.impl.persistence.entity.HistoricActivityInstanceEntity.insertHistoricActivityInstance - ==> Parameters: 10168(String), purchase-error-event-subprocess:1:10164(String), 10165(String), 10165(String), startevent1(String), null, null, startevent1(String), startEvent(String), null, 2017-11-28 16:46:24.678(Timestamp), 2017-11-28 16:46:24.678(Timestamp), 0(Long), (String)
16:46:24.711 [main] DEBUG org.activiti.engine.impl.persistence.entity.HistoricActivityInstanceEntity.insertHistoricActivityInstance - <==    Updates: 1
16:46:24.712 [main] DEBUG org.activiti.engine.impl.db.DbSqlSession - inserting: org.activiti.engine.impl.persistence.entity.HistoricFormPropertyEntity@21bd128b
16:46:24.712 [main] DEBUG org.activiti.engine.impl.persistence.entity.HistoricDetailEntity.insertHistoricFormProperty - ==>  Preparing: insert into ACT_HI_DETAIL (ID_, TYPE_, PROC_INST_ID_, ACT_INST_ID_, EXECUTION_ID_, TASK_ID_, TIME_, NAME_, TEXT_) values ( ?, 'FormProperty', ?, ?, ?, ?, ?, ?, ? ) 
16:46:24.713 [main] DEBUG org.activiti.engine.impl.persistence.entity.HistoricDetailEntity.insertHistoricFormProperty - ==> Parameters: 10169(String), 10165(String), 10168(String), 10165(String), null, 2017-11-28 16:46:24.678(Timestamp), dueDate(String), 2013-03-11(String)
16:46:24.713 [main] DEBUG org.activiti.engine.impl.persistence.entity.HistoricDetailEntity.insertHistoricFormProperty - <==    Updates: 1
16:46:24.714 [main] DEBUG org.activiti.engine.impl.db.DbSqlSession - inserting: org.activiti.engine.impl.persistence.entity.HistoricFormPropertyEntity@2d0b05
16:46:24.716 [main] DEBUG org.activiti.engine.impl.persistence.entity.HistoricDetailEntity.insertHistoricFormProperty - ==>  Preparing: insert into ACT_HI_DETAIL (ID_, TYPE_, PROC_INST_ID_, ACT_INST_ID_, EXECUTION_ID_, TASK_ID_, TIME_, NAME_, TEXT_) values ( ?, 'FormProperty', ?, ?, ?, ?, ?, ?, ? ) 
16:46:24.716 [main] DEBUG org.activiti.engine.impl.persistence.entity.HistoricDetailEntity.insertHistoricFormProperty - ==> Parameters: 10170(String), 10165(String), 10168(String), 10165(String), null, 2017-11-28 16:46:24.678(Timestamp), amountMoney(String), 22000(String)
16:46:24.716 [main] DEBUG org.activiti.engine.impl.persistence.entity.HistoricDetailEntity.insertHistoricFormProperty - <==    Updates: 1
16:46:24.721 [main] DEBUG org.activiti.engine.impl.db.DbSqlSession - inserting: org.activiti.engine.impl.persistence.entity.HistoricFormPropertyEntity@4b432e53
16:46:24.722 [main] DEBUG org.activiti.engine.impl.persistence.entity.HistoricDetailEntity.insertHistoricFormProperty - ==>  Preparing: insert into ACT_HI_DETAIL (ID_, TYPE_, PROC_INST_ID_, ACT_INST_ID_, EXECUTION_ID_, TASK_ID_, TIME_, NAME_, TEXT_) values ( ?, 'FormProperty', ?, ?, ?, ?, ?, ?, ? ) 
16:46:24.723 [main] DEBUG org.activiti.engine.impl.persistence.entity.HistoricDetailEntity.insertHistoricFormProperty - ==> Parameters: 10171(String), 10165(String), 10168(String), 10165(String), null, 2017-11-28 16:46:24.678(Timestamp), listing(String), 1. MacBook Pro一台
2. 27寸显示器一台(String)
16:46:24.724 [main] DEBUG org.activiti.engine.impl.persistence.entity.HistoricDetailEntity.insertHistoricFormProperty - <==    Updates: 1
16:46:24.725 [main] DEBUG org.activiti.engine.impl.db.DbSqlSession - inserting: VariableInstanceEntity[id=10172, name=dueDate, type=date, longValue=1362931200000]
16:46:24.728 [main] DEBUG org.activiti.engine.impl.persistence.entity.VariableInstanceEntity.insertVariableInstance - ==>  Preparing: insert into ACT_RU_VARIABLE (ID_, REV_, TYPE_, NAME_, PROC_INST_ID_, EXECUTION_ID_, TASK_ID_, BYTEARRAY_ID_, DOUBLE_, LONG_ , TEXT_, TEXT2_) values ( ?, 1, ?, ?, ?, ?, ?, ?, ?, ?, ?, ? ) 
16:46:24.733 [main] DEBUG org.activiti.engine.impl.persistence.entity.VariableInstanceEntity.insertVariableInstance - ==> Parameters: 10172(String), date(String), dueDate(String), 10165(String), 10165(String), null, null, null, 1362931200000(Long), null, null
16:46:24.733 [main] DEBUG org.activiti.engine.impl.persistence.entity.VariableInstanceEntity.insertVariableInstance - <==    Updates: 1
16:46:24.734 [main] DEBUG org.activiti.engine.impl.db.DbSqlSession - inserting: HistoricVariableInstanceEntity[id=10172, name=dueDate, revision=0, type=date, longValue=1362931200000]
16:46:24.734 [main] DEBUG org.activiti.engine.impl.persistence.entity.HistoricVariableInstanceEntity.insertHistoricVariableInstance - ==>  Preparing: insert into ACT_HI_VARINST (ID_, PROC_INST_ID_, EXECUTION_ID_, TASK_ID_, NAME_, REV_, VAR_TYPE_, BYTEARRAY_ID_, DOUBLE_, LONG_ , TEXT_, TEXT2_, CREATE_TIME_, LAST_UPDATED_TIME_) values ( ?, ?, ?, ?, ?, ?, ?, ?, ?, ?, ?, ?, ?, ? ) 
16:46:24.740 [main] DEBUG org.activiti.engine.impl.persistence.entity.HistoricVariableInstanceEntity.insertHistoricVariableInstance - ==> Parameters: 10172(String), 10165(String), 10165(String), null, dueDate(String), 0(Integer), date(String), null, null, 1362931200000(Long), null, null, 2017-11-28 16:46:24.678(Timestamp), 2017-11-28 16:46:24.678(Timestamp)
16:46:24.740 [main] DEBUG org.activiti.engine.impl.persistence.entity.HistoricVariableInstanceEntity.insertHistoricVariableInstance - <==    Updates: 1
16:46:24.741 [main] DEBUG org.activiti.engine.impl.db.DbSqlSession - inserting: VariableInstanceEntity[id=10173, name=listing, type=string, textValue=1. MacBook Pro一台
2. 27寸显示器一台]
16:46:24.742 [main] DEBUG org.activiti.engine.impl.persistence.entity.VariableInstanceEntity.insertVariableInstance - ==>  Preparing: insert into ACT_RU_VARIABLE (ID_, REV_, TYPE_, NAME_, PROC_INST_ID_, EXECUTION_ID_, TASK_ID_, BYTEARRAY_ID_, DOUBLE_, LONG_ , TEXT_, TEXT2_) values ( ?, 1, ?, ?, ?, ?, ?, ?, ?, ?, ?, ? ) 
16:46:24.743 [main] DEBUG org.activiti.engine.impl.persistence.entity.VariableInstanceEntity.insertVariableInstance - ==> Parameters: 10173(String), string(String), listing(String), 10165(String), 10165(String), null, null, null, null, 1. MacBook Pro一台
2. 27寸显示器一台(String), null
16:46:24.744 [main] DEBUG org.activiti.engine.impl.persistence.entity.VariableInstanceEntity.insertVariableInstance - <==    Updates: 1
16:46:24.747 [main] DEBUG org.activiti.engine.impl.db.DbSqlSession - inserting: HistoricVariableInstanceEntity[id=10173, name=listing, revision=0, type=string, textValue=1. MacBook Pro一台
2. 27寸显示器一台]
16:46:24.748 [main] DEBUG org.activiti.engine.impl.persistence.entity.HistoricVariableInstanceEntity.insertHistoricVariableInstance - ==>  Preparing: insert into ACT_HI_VARINST (ID_, PROC_INST_ID_, EXECUTION_ID_, TASK_ID_, NAME_, REV_, VAR_TYPE_, BYTEARRAY_ID_, DOUBLE_, LONG_ , TEXT_, TEXT2_, CREATE_TIME_, LAST_UPDATED_TIME_) values ( ?, ?, ?, ?, ?, ?, ?, ?, ?, ?, ?, ?, ?, ? ) 
16:46:24.748 [main] DEBUG org.activiti.engine.impl.persistence.entity.HistoricVariableInstanceEntity.insertHistoricVariableInstance - ==> Parameters: 10173(String), 10165(String), 10165(String), null, listing(String), 0(Integer), string(String), null, null, null, 1. MacBook Pro一台
2. 27寸显示器一台(String), null, 2017-11-28 16:46:24.678(Timestamp), 2017-11-28 16:46:24.678(Timestamp)
16:46:24.748 [main] DEBUG org.activiti.engine.impl.persistence.entity.HistoricVariableInstanceEntity.insertHistoricVariableInstance - <==    Updates: 1
16:46:24.748 [main] DEBUG org.activiti.engine.impl.db.DbSqlSession - inserting: VariableInstanceEntity[id=10174, name=amountMoney, type=double, doubleValue=22000.0]
16:46:24.749 [main] DEBUG org.activiti.engine.impl.persistence.entity.VariableInstanceEntity.insertVariableInstance - ==>  Preparing: insert into ACT_RU_VARIABLE (ID_, REV_, TYPE_, NAME_, PROC_INST_ID_, EXECUTION_ID_, TASK_ID_, BYTEARRAY_ID_, DOUBLE_, LONG_ , TEXT_, TEXT2_) values ( ?, 1, ?, ?, ?, ?, ?, ?, ?, ?, ?, ? ) 
16:46:24.753 [main] DEBUG org.activiti.engine.impl.persistence.entity.VariableInstanceEntity.insertVariableInstance - ==> Parameters: 10174(String), double(String), amountMoney(String), 10165(String), 10165(String), null, null, 22000.0(Double), null, null, null
16:46:24.754 [main] DEBUG org.activiti.engine.impl.persistence.entity.VariableInstanceEntity.insertVariableInstance - <==    Updates: 1
16:46:24.754 [main] DEBUG org.activiti.engine.impl.db.DbSqlSession - inserting: HistoricVariableInstanceEntity[id=10174, name=amountMoney, revision=0, type=double, doubleValue=22000.0]
16:46:24.755 [main] DEBUG org.activiti.engine.impl.persistence.entity.HistoricVariableInstanceEntity.insertHistoricVariableInstance - ==>  Preparing: insert into ACT_HI_VARINST (ID_, PROC_INST_ID_, EXECUTION_ID_, TASK_ID_, NAME_, REV_, VAR_TYPE_, BYTEARRAY_ID_, DOUBLE_, LONG_ , TEXT_, TEXT2_, CREATE_TIME_, LAST_UPDATED_TIME_) values ( ?, ?, ?, ?, ?, ?, ?, ?, ?, ?, ?, ?, ?, ? ) 
16:46:24.763 [main] DEBUG org.activiti.engine.impl.persistence.entity.HistoricVariableInstanceEntity.insertHistoricVariableInstance - ==> Parameters: 10174(String), 10165(String), 10165(String), null, amountMoney(String), 0(Integer), double(String), null, 22000.0(Double), null, null, null, 2017-11-28 16:46:24.678(Timestamp), 2017-11-28 16:46:24.678(Timestamp)
16:46:24.764 [main] DEBUG org.activiti.engine.impl.persistence.entity.HistoricVariableInstanceEntity.insertHistoricVariableInstance - <==    Updates: 1
16:46:24.764 [main] DEBUG org.activiti.engine.impl.db.DbSqlSession - inserting: HistoricActivityInstanceEntity[activityId=deptLeaderAudit, activityName=领导审批]
16:46:24.764 [main] DEBUG org.activiti.engine.impl.persistence.entity.HistoricActivityInstanceEntity.insertHistoricActivityInstance - ==>  Preparing: insert into ACT_HI_ACTINST ( ID_, PROC_DEF_ID_, PROC_INST_ID_, EXECUTION_ID_, ACT_ID_, TASK_ID_, CALL_PROC_INST_ID_, ACT_NAME_, ACT_TYPE_, ASSIGNEE_, START_TIME_, END_TIME_, DURATION_, TENANT_ID_ ) values ( ?, ?, ?, ?, ?, ?, ?, ?, ?, ?, ?, ?, ?, ? ) 
16:46:24.765 [main] DEBUG org.activiti.engine.impl.persistence.entity.HistoricActivityInstanceEntity.insertHistoricActivityInstance - ==> Parameters: 10175(String), purchase-error-event-subprocess:1:10164(String), 10165(String), 10165(String), deptLeaderAudit(String), 10176(String), null, 领导审批(String), userTask(String), null, 2017-11-28 16:46:24.678(Timestamp), null, null, (String)
16:46:24.765 [main] DEBUG org.activiti.engine.impl.persistence.entity.HistoricActivityInstanceEntity.insertHistoricActivityInstance - <==    Updates: 1
16:46:24.766 [main] DEBUG org.activiti.engine.impl.db.DbSqlSession - inserting: Task[id=10176, name=领导审批]
16:46:24.766 [main] DEBUG org.activiti.engine.impl.persistence.entity.TaskEntity.insertTask - ==>  Preparing: insert into ACT_RU_TASK (ID_, REV_, NAME_, PARENT_TASK_ID_, DESCRIPTION_, PRIORITY_, CREATE_TIME_, OWNER_, ASSIGNEE_, DELEGATION_, EXECUTION_ID_, PROC_INST_ID_, PROC_DEF_ID_, TASK_DEF_KEY_, DUE_DATE_, CATEGORY_, SUSPENSION_STATE_, TENANT_ID_, FORM_KEY_) values (?, 1, ?, ?, ?, ?, ?, ?, ?, ?, ?, ?, ?, ?, ?, ?, ?, ?, ? ) 
16:46:24.769 [main] DEBUG org.activiti.engine.impl.persistence.entity.TaskEntity.insertTask - ==> Parameters: 10176(String), 领导审批(String), null, null, 50(Integer), 2017-11-28 16:46:24.678(Timestamp), null, null, null, 10165(String), 10165(String), purchase-error-event-subprocess:1:10164(String), deptLeaderAudit(String), null, null, 1(Integer), (String), null
16:46:24.770 [main] DEBUG org.activiti.engine.impl.persistence.entity.TaskEntity.insertTask - <==    Updates: 1
16:46:24.770 [main] DEBUG org.activiti.engine.impl.db.DbSqlSession - inserting: org.activiti.engine.impl.persistence.entity.HistoricTaskInstanceEntity@2b916808
16:46:24.770 [main] DEBUG org.activiti.engine.impl.persistence.entity.HistoricTaskInstanceEntity.insertHistoricTaskInstance - ==>  Preparing: insert into ACT_HI_TASKINST ( ID_, PROC_DEF_ID_, PROC_INST_ID_, EXECUTION_ID_, NAME_, PARENT_TASK_ID_, DESCRIPTION_, OWNER_, ASSIGNEE_, START_TIME_, CLAIM_TIME_, END_TIME_, DURATION_, DELETE_REASON_, TASK_DEF_KEY_, FORM_KEY_, PRIORITY_, DUE_DATE_, CATEGORY_, TENANT_ID_ ) values ( ?, ?, ?, ?, ?, ?, ?, ?, ?, ?, ?, ?, ?, ?, ?, ?, ?, ?, ?, ? ) 
16:46:24.770 [main] DEBUG org.activiti.engine.impl.persistence.entity.HistoricTaskInstanceEntity.insertHistoricTaskInstance - ==> Parameters: 10176(String), purchase-error-event-subprocess:1:10164(String), 10165(String), 10165(String), 领导审批(String), null, null, null, null, 2017-11-28 16:46:24.678(Timestamp), null, null, null, null, deptLeaderAudit(String), null, 50(Integer), null, null, (String)
16:46:24.774 [main] DEBUG org.activiti.engine.impl.persistence.entity.HistoricTaskInstanceEntity.insertHistoricTaskInstance - <==    Updates: 1
16:46:24.774 [main] DEBUG org.activiti.engine.impl.db.DbSqlSession - inserting: IdentityLinkEntity[id=10177, type=candidate, groupId=deptLeader, taskId=10176]
16:46:24.777 [main] DEBUG org.activiti.engine.impl.persistence.entity.IdentityLinkEntity.insertIdentityLink - ==>  Preparing: insert into ACT_RU_IDENTITYLINK (ID_, REV_, TYPE_, USER_ID_, GROUP_ID_, TASK_ID_, PROC_INST_ID_, PROC_DEF_ID_) values (?, 1, ?, ?, ?, ?, ?, ?) 
16:46:24.777 [main] DEBUG org.activiti.engine.impl.persistence.entity.IdentityLinkEntity.insertIdentityLink - ==> Parameters: 10177(String), candidate(String), null, deptLeader(String), 10176(String), null, null
16:46:24.777 [main] DEBUG org.activiti.engine.impl.persistence.entity.IdentityLinkEntity.insertIdentityLink - <==    Updates: 1
16:46:24.777 [main] DEBUG org.activiti.engine.impl.db.DbSqlSession - inserting: org.activiti.engine.impl.persistence.entity.HistoricIdentityLinkEntity@62f11ebb
16:46:24.778 [main] DEBUG org.activiti.engine.impl.persistence.entity.HistoricIdentityLinkEntity.insertHistoricIdentityLink - ==>  Preparing: insert into ACT_HI_IDENTITYLINK (ID_, TYPE_, USER_ID_, GROUP_ID_, TASK_ID_, PROC_INST_ID_) values (?, ?, ?, ?, ?, ?) 
16:46:24.780 [main] DEBUG org.activiti.engine.impl.persistence.entity.HistoricIdentityLinkEntity.insertHistoricIdentityLink - ==> Parameters: 10177(String), candidate(String), null, deptLeader(String), 10176(String), null
16:46:24.781 [main] DEBUG org.activiti.engine.impl.persistence.entity.HistoricIdentityLinkEntity.insertHistoricIdentityLink - <==    Updates: 1
16:46:24.781 [main] DEBUG org.apache.ibatis.transaction.managed.ManagedTransaction - Closing JDBC Connection [Transaction-aware proxy for target Connection [conn93: url=jdbc:h2:mem:activiti user=SA]]
16:46:24.782 [main] DEBUG org.springframework.jdbc.datasource.DataSourceTransactionManager - Initiating transaction commit
16:46:24.785 [main] DEBUG org.springframework.jdbc.datasource.DataSourceTransactionManager - Committing JDBC transaction on Connection [conn93: url=jdbc:h2:mem:activiti user=SA]
16:46:24.788 [main] DEBUG org.springframework.jdbc.datasource.DataSourceTransactionManager - Releasing JDBC Connection [conn93: url=jdbc:h2:mem:activiti user=SA] after transaction
16:46:24.788 [main] DEBUG org.springframework.jdbc.datasource.DataSourceUtils - Returning JDBC Connection to DataSource
16:46:24.788 [main] DEBUG org.activiti.engine.impl.interceptor.LogInterceptor - --- SubmitStartFormCmd finished --------------------------------------------------------
16:46:24.788 [main] DEBUG org.activiti.engine.impl.interceptor.LogInterceptor - 

16:46:24.788 [main] DEBUG org.activiti.engine.impl.interceptor.LogInterceptor - 

16:46:24.788 [main] DEBUG org.activiti.engine.impl.interceptor.LogInterceptor - --- starting TaskQueryImpl --------------------------------------------------------
16:46:24.788 [main] DEBUG org.activiti.spring.SpringTransactionInterceptor - Running command with propagation REQUIRED
16:46:24.791 [main] DEBUG org.springframework.jdbc.datasource.DataSourceTransactionManager - Creating new transaction with name [null]: PROPAGATION_REQUIRED,ISOLATION_DEFAULT
16:46:24.791 [main] DEBUG org.springframework.jdbc.datasource.SimpleDriverDataSource - Creating new JDBC Driver Connection to [jdbc:h2:mem:activiti;DB_CLOSE_DELAY=1000]
16:46:24.792 [main] DEBUG org.springframework.jdbc.datasource.DataSourceTransactionManager - Acquired Connection [conn94: url=jdbc:h2:mem:activiti user=SA] for JDBC transaction
16:46:24.792 [main] DEBUG org.springframework.jdbc.datasource.DataSourceTransactionManager - Switching JDBC Connection [conn94: url=jdbc:h2:mem:activiti user=SA] to manual commit
16:46:24.793 [main] DEBUG org.apache.ibatis.transaction.managed.ManagedTransaction - Opening JDBC Connection
16:46:24.793 [main] DEBUG org.activiti.engine.impl.persistence.entity.TaskEntity.selectTaskByQueryCriteria - ==>  Preparing: select distinct RES.* from ACT_RU_TASK RES inner join ACT_RU_IDENTITYLINK I on I.TASK_ID_ = RES.ID_ WHERE RES.ASSIGNEE_ is null and I.TYPE_ = 'candidate' and ( I.GROUP_ID_ IN ( ? ) ) order by RES.ID_ asc LIMIT ? OFFSET ? 
16:46:24.793 [main] DEBUG org.activiti.engine.impl.persistence.entity.TaskEntity.selectTaskByQueryCriteria - ==> Parameters: deptLeader(String), 2147483647(Integer), 0(Integer)
16:46:24.794 [main] DEBUG org.activiti.engine.impl.persistence.entity.TaskEntity.selectTaskByQueryCriteria - <==      Total: 1
16:46:24.794 [main] DEBUG org.activiti.engine.impl.db.DbSqlSession - flush summary: 0 insert, 0 update, 0 delete.
16:46:24.794 [main] DEBUG org.activiti.engine.impl.db.DbSqlSession - now executing flush...
16:46:24.796 [main] DEBUG org.apache.ibatis.transaction.managed.ManagedTransaction - Closing JDBC Connection [Transaction-aware proxy for target Connection [conn94: url=jdbc:h2:mem:activiti user=SA]]
16:46:24.796 [main] DEBUG org.springframework.jdbc.datasource.DataSourceTransactionManager - Initiating transaction commit
16:46:24.796 [main] DEBUG org.springframework.jdbc.datasource.DataSourceTransactionManager - Committing JDBC transaction on Connection [conn94: url=jdbc:h2:mem:activiti user=SA]
16:46:24.796 [main] DEBUG org.springframework.jdbc.datasource.DataSourceTransactionManager - Releasing JDBC Connection [conn94: url=jdbc:h2:mem:activiti user=SA] after transaction
16:46:24.796 [main] DEBUG org.springframework.jdbc.datasource.DataSourceUtils - Returning JDBC Connection to DataSource
16:46:24.796 [main] DEBUG org.activiti.engine.impl.interceptor.LogInterceptor - --- TaskQueryImpl finished --------------------------------------------------------
16:46:24.796 [main] DEBUG org.activiti.engine.impl.interceptor.LogInterceptor - 

16:46:24.796 [main] DEBUG org.activiti.engine.impl.interceptor.LogInterceptor - 

16:46:24.796 [main] DEBUG org.activiti.engine.impl.interceptor.LogInterceptor - --- starting ClaimTaskCmd --------------------------------------------------------
16:46:24.796 [main] DEBUG org.activiti.spring.SpringTransactionInterceptor - Running command with propagation REQUIRED
16:46:24.796 [main] DEBUG org.springframework.jdbc.datasource.DataSourceTransactionManager - Creating new transaction with name [null]: PROPAGATION_REQUIRED,ISOLATION_DEFAULT
16:46:24.796 [main] DEBUG org.springframework.jdbc.datasource.SimpleDriverDataSource - Creating new JDBC Driver Connection to [jdbc:h2:mem:activiti;DB_CLOSE_DELAY=1000]
16:46:24.796 [main] DEBUG org.springframework.jdbc.datasource.DataSourceTransactionManager - Acquired Connection [conn95: url=jdbc:h2:mem:activiti user=SA] for JDBC transaction
16:46:24.796 [main] DEBUG org.springframework.jdbc.datasource.DataSourceTransactionManager - Switching JDBC Connection [conn95: url=jdbc:h2:mem:activiti user=SA] to manual commit
16:46:24.796 [main] DEBUG org.apache.ibatis.transaction.managed.ManagedTransaction - Opening JDBC Connection
16:46:24.796 [main] DEBUG org.activiti.engine.impl.persistence.entity.TaskEntity.selectTask - ==>  Preparing: select * from ACT_RU_TASK where ID_ = ? 
16:46:24.797 [main] DEBUG org.activiti.engine.impl.persistence.entity.TaskEntity.selectTask - ==> Parameters: 10176(String)
16:46:24.797 [main] DEBUG org.activiti.engine.impl.persistence.entity.TaskEntity.selectTask - <==      Total: 1
16:46:24.797 [main] DEBUG org.activiti.engine.impl.history.DefaultHistoryManager - Current history level: AUDIT, level required: AUDIT
16:46:24.802 [main] DEBUG org.activiti.engine.impl.persistence.entity.HistoricTaskInstanceEntity.selectHistoricTaskInstance - ==>  Preparing: select * from ACT_HI_TASKINST where ID_ = ? 
16:46:24.802 [main] DEBUG org.activiti.engine.impl.persistence.entity.HistoricTaskInstanceEntity.selectHistoricTaskInstance - ==> Parameters: 10176(String)
16:46:24.802 [main] DEBUG org.activiti.engine.impl.persistence.entity.HistoricTaskInstanceEntity.selectHistoricTaskInstance - <==      Total: 1
16:46:24.802 [main] DEBUG org.activiti.engine.impl.persistence.entity.ExecutionEntity.selectExecution - ==>  Preparing: select * from ACT_RU_EXECUTION where ID_ = ? 
16:46:24.802 [main] DEBUG org.activiti.engine.impl.persistence.entity.ExecutionEntity.selectExecution - ==> Parameters: 10165(String)
16:46:24.802 [main] DEBUG org.activiti.engine.impl.persistence.entity.ExecutionEntity.selectExecution - <==      Total: 1
16:46:24.803 [main] DEBUG org.activiti.engine.impl.persistence.entity.IdentityLinkEntity.selectIdentityLinksByProcessInstance - ==>  Preparing: select * from ACT_RU_IDENTITYLINK where PROC_INST_ID_ = ? 
16:46:24.803 [main] DEBUG org.activiti.engine.impl.persistence.entity.IdentityLinkEntity.selectIdentityLinksByProcessInstance - ==> Parameters: 10165(String)
16:46:24.803 [main] DEBUG org.activiti.engine.impl.persistence.entity.IdentityLinkEntity.selectIdentityLinksByProcessInstance - <==      Total: 1
16:46:24.803 [main] DEBUG org.activiti.engine.impl.history.DefaultHistoryManager - Current history level: AUDIT, level required: AUDIT
16:46:24.803 [main] DEBUG org.activiti.engine.impl.history.DefaultHistoryManager - Current history level: AUDIT, level required: ACTIVITY
16:46:24.803 [main] DEBUG org.activiti.engine.impl.persistence.entity.HistoricActivityInstanceEntity.selectHistoricActivityInstancesByQueryCriteria - ==>  Preparing: select RES.* from ACT_HI_ACTINST RES WHERE RES.EXECUTION_ID_ = ? and RES.ACT_ID_ = ? and RES.END_TIME_ is null order by RES.ID_ asc LIMIT ? OFFSET ? 
16:46:24.807 [main] DEBUG org.activiti.engine.impl.persistence.entity.HistoricActivityInstanceEntity.selectHistoricActivityInstancesByQueryCriteria - ==> Parameters: 10165(String), deptLeaderAudit(String), 1(Integer), 0(Integer)
16:46:24.807 [main] DEBUG org.activiti.engine.impl.persistence.entity.HistoricActivityInstanceEntity.selectHistoricActivityInstancesByQueryCriteria - <==      Total: 1
16:46:24.807 [main] DEBUG org.activiti.engine.impl.history.DefaultHistoryManager - Current history level: AUDIT, level required: AUDIT
16:46:24.808 [main] DEBUG org.activiti.engine.impl.db.DbSqlSession - flush summary: 2 insert, 3 update, 0 delete.
16:46:24.808 [main] DEBUG org.activiti.engine.impl.db.DbSqlSession -   insert IdentityLinkEntity[id=10178, type=participant, userId=kermit, processInstanceId=10165]
16:46:24.808 [main] DEBUG org.activiti.engine.impl.db.DbSqlSession -   insert org.activiti.engine.impl.persistence.entity.HistoricIdentityLinkEntity@7a3269f5
16:46:24.808 [main] DEBUG org.activiti.engine.impl.db.DbSqlSession -   update Task[id=10176, name=领导审批]
16:46:24.808 [main] DEBUG org.activiti.engine.impl.db.DbSqlSession -   update HistoricActivityInstanceEntity[activityId=deptLeaderAudit, activityName=领导审批]
16:46:24.808 [main] DEBUG org.activiti.engine.impl.db.DbSqlSession -   update org.activiti.engine.impl.persistence.entity.HistoricTaskInstanceEntity@5c887052
16:46:24.808 [main] DEBUG org.activiti.engine.impl.db.DbSqlSession - now executing flush...
16:46:24.808 [main] DEBUG org.activiti.engine.impl.db.DbSqlSession - inserting: IdentityLinkEntity[id=10178, type=participant, userId=kermit, processInstanceId=10165]
16:46:24.808 [main] DEBUG org.activiti.engine.impl.persistence.entity.IdentityLinkEntity.insertIdentityLink - ==>  Preparing: insert into ACT_RU_IDENTITYLINK (ID_, REV_, TYPE_, USER_ID_, GROUP_ID_, TASK_ID_, PROC_INST_ID_, PROC_DEF_ID_) values (?, 1, ?, ?, ?, ?, ?, ?) 
16:46:24.810 [main] DEBUG org.activiti.engine.impl.persistence.entity.IdentityLinkEntity.insertIdentityLink - ==> Parameters: 10178(String), participant(String), kermit(String), null, null, 10165(String), null
16:46:24.810 [main] DEBUG org.activiti.engine.impl.persistence.entity.IdentityLinkEntity.insertIdentityLink - <==    Updates: 1
16:46:24.810 [main] DEBUG org.activiti.engine.impl.db.DbSqlSession - inserting: org.activiti.engine.impl.persistence.entity.HistoricIdentityLinkEntity@7a3269f5
16:46:24.812 [main] DEBUG org.activiti.engine.impl.persistence.entity.HistoricIdentityLinkEntity.insertHistoricIdentityLink - ==>  Preparing: insert into ACT_HI_IDENTITYLINK (ID_, TYPE_, USER_ID_, GROUP_ID_, TASK_ID_, PROC_INST_ID_) values (?, ?, ?, ?, ?, ?) 
16:46:24.812 [main] DEBUG org.activiti.engine.impl.persistence.entity.HistoricIdentityLinkEntity.insertHistoricIdentityLink - ==> Parameters: 10178(String), participant(String), kermit(String), null, null, 10165(String)
16:46:24.812 [main] DEBUG org.activiti.engine.impl.persistence.entity.HistoricIdentityLinkEntity.insertHistoricIdentityLink - <==    Updates: 1
16:46:24.812 [main] DEBUG org.activiti.engine.impl.db.DbSqlSession - updating: Task[id=10176, name=领导审批]
16:46:24.812 [main] DEBUG org.activiti.engine.impl.persistence.entity.TaskEntity.updateTask - ==>  Preparing: update ACT_RU_TASK SET REV_ = ?, NAME_ = ?, PARENT_TASK_ID_ = ?, PRIORITY_ = ?, CREATE_TIME_ = ?, OWNER_ = ?, ASSIGNEE_ = ?, DELEGATION_ = ?, EXECUTION_ID_ = ?, PROC_DEF_ID_ = ?, DESCRIPTION_ = ?, DUE_DATE_ = ?, CATEGORY_ = ?, SUSPENSION_STATE_ = ?, FORM_KEY_ = ? where ID_= ? and REV_ = ? 
16:46:24.812 [main] DEBUG org.activiti.engine.impl.persistence.entity.TaskEntity.updateTask - ==> Parameters: 2(Integer), 领导审批(String), null, 50(Integer), 2017-11-28 16:46:24.678(Timestamp), null, kermit(String), null, 10165(String), purchase-error-event-subprocess:1:10164(String), null, null, null, 1(Integer), null, 10176(String), 1(Integer)
16:46:24.812 [main] DEBUG org.activiti.engine.impl.persistence.entity.TaskEntity.updateTask - <==    Updates: 1
16:46:24.812 [main] DEBUG org.activiti.engine.impl.db.DbSqlSession - updating: HistoricActivityInstanceEntity[activityId=deptLeaderAudit, activityName=领导审批]
16:46:24.813 [main] DEBUG org.activiti.engine.impl.persistence.entity.HistoricActivityInstanceEntity.updateHistoricActivityInstance - ==>  Preparing: update ACT_HI_ACTINST set EXECUTION_ID_ = ?, ASSIGNEE_ = ?, END_TIME_ = ?, DURATION_ = ? where ID_ = ? 
16:46:24.813 [main] DEBUG org.activiti.engine.impl.persistence.entity.HistoricActivityInstanceEntity.updateHistoricActivityInstance - ==> Parameters: 10165(String), kermit(String), null, null, 10175(String)
16:46:24.813 [main] DEBUG org.activiti.engine.impl.persistence.entity.HistoricActivityInstanceEntity.updateHistoricActivityInstance - <==    Updates: 1
16:46:24.813 [main] DEBUG org.activiti.engine.impl.db.DbSqlSession - updating: org.activiti.engine.impl.persistence.entity.HistoricTaskInstanceEntity@5c887052
16:46:24.813 [main] DEBUG org.activiti.engine.impl.persistence.entity.HistoricTaskInstanceEntity.updateHistoricTaskInstance - ==>  Preparing: update ACT_HI_TASKINST set EXECUTION_ID_ = ?, NAME_ = ?, PARENT_TASK_ID_ = ?, DESCRIPTION_ = ?, OWNER_ = ?, ASSIGNEE_ = ?, CLAIM_TIME_ = ?, END_TIME_ = ?, DURATION_ = ?, DELETE_REASON_ = ?, TASK_DEF_KEY_ = ?, FORM_KEY_ = ?, PRIORITY_ = ?, DUE_DATE_ = ?, CATEGORY_ = ? where ID_ = ? 
16:46:24.813 [main] DEBUG org.activiti.engine.impl.persistence.entity.HistoricTaskInstanceEntity.updateHistoricTaskInstance - ==> Parameters: 10165(String), 领导审批(String), null, null, null, kermit(String), 2017-11-28 16:46:24.807(Timestamp), null, null, null, deptLeaderAudit(String), null, 50(Integer), null, null, 10176(String)
16:46:24.813 [main] DEBUG org.activiti.engine.impl.persistence.entity.HistoricTaskInstanceEntity.updateHistoricTaskInstance - <==    Updates: 1
16:46:24.813 [main] DEBUG org.apache.ibatis.transaction.managed.ManagedTransaction - Closing JDBC Connection [Transaction-aware proxy for target Connection [conn95: url=jdbc:h2:mem:activiti user=SA]]
16:46:24.813 [main] DEBUG org.springframework.jdbc.datasource.DataSourceTransactionManager - Initiating transaction commit
16:46:24.813 [main] DEBUG org.springframework.jdbc.datasource.DataSourceTransactionManager - Committing JDBC transaction on Connection [conn95: url=jdbc:h2:mem:activiti user=SA]
16:46:24.813 [main] DEBUG org.springframework.jdbc.datasource.DataSourceTransactionManager - Releasing JDBC Connection [conn95: url=jdbc:h2:mem:activiti user=SA] after transaction
16:46:24.813 [main] DEBUG org.springframework.jdbc.datasource.DataSourceUtils - Returning JDBC Connection to DataSource
16:46:24.813 [main] DEBUG org.activiti.engine.impl.interceptor.LogInterceptor - --- ClaimTaskCmd finished --------------------------------------------------------
16:46:24.813 [main] DEBUG org.activiti.engine.impl.interceptor.LogInterceptor - 

16:46:24.813 [main] DEBUG org.activiti.engine.impl.interceptor.LogInterceptor - 

16:46:24.813 [main] DEBUG org.activiti.engine.impl.interceptor.LogInterceptor - --- starting SubmitTaskFormCmd --------------------------------------------------------
16:46:24.813 [main] DEBUG org.activiti.spring.SpringTransactionInterceptor - Running command with propagation REQUIRED
16:46:24.814 [main] DEBUG org.springframework.jdbc.datasource.DataSourceTransactionManager - Creating new transaction with name [null]: PROPAGATION_REQUIRED,ISOLATION_DEFAULT
16:46:24.814 [main] DEBUG org.springframework.jdbc.datasource.SimpleDriverDataSource - Creating new JDBC Driver Connection to [jdbc:h2:mem:activiti;DB_CLOSE_DELAY=1000]
16:46:24.814 [main] DEBUG org.springframework.jdbc.datasource.DataSourceTransactionManager - Acquired Connection [conn96: url=jdbc:h2:mem:activiti user=SA] for JDBC transaction
16:46:24.814 [main] DEBUG org.springframework.jdbc.datasource.DataSourceTransactionManager - Switching JDBC Connection [conn96: url=jdbc:h2:mem:activiti user=SA] to manual commit
16:46:24.814 [main] DEBUG org.apache.ibatis.transaction.managed.ManagedTransaction - Opening JDBC Connection
16:46:24.814 [main] DEBUG org.activiti.engine.impl.persistence.entity.TaskEntity.selectTask - ==>  Preparing: select * from ACT_RU_TASK where ID_ = ? 
16:46:24.817 [main] DEBUG org.activiti.engine.impl.persistence.entity.TaskEntity.selectTask - ==> Parameters: 10176(String)
16:46:24.818 [main] DEBUG org.activiti.engine.impl.persistence.entity.TaskEntity.selectTask - <==      Total: 1
16:46:24.818 [main] DEBUG org.activiti.engine.impl.persistence.entity.ExecutionEntity.selectExecution - ==>  Preparing: select * from ACT_RU_EXECUTION where ID_ = ? 
16:46:24.818 [main] DEBUG org.activiti.engine.impl.persistence.entity.ExecutionEntity.selectExecution - ==> Parameters: 10165(String)
16:46:24.818 [main] DEBUG org.activiti.engine.impl.persistence.entity.ExecutionEntity.selectExecution - <==      Total: 1
16:46:24.818 [main] DEBUG org.activiti.engine.impl.history.DefaultHistoryManager - Current history level: AUDIT, level required: AUDIT
16:46:24.818 [main] DEBUG org.activiti.engine.impl.persistence.entity.HistoricActivityInstanceEntity.selectHistoricActivityInstancesByQueryCriteria - ==>  Preparing: select RES.* from ACT_HI_ACTINST RES WHERE RES.EXECUTION_ID_ = ? and RES.ACT_ID_ = ? and RES.END_TIME_ is null order by RES.ID_ asc LIMIT ? OFFSET ? 
16:46:24.819 [main] DEBUG org.activiti.engine.impl.persistence.entity.HistoricActivityInstanceEntity.selectHistoricActivityInstancesByQueryCriteria - ==> Parameters: 10165(String), deptLeaderAudit(String), 1(Integer), 0(Integer)
16:46:24.819 [main] DEBUG org.activiti.engine.impl.persistence.entity.HistoricActivityInstanceEntity.selectHistoricActivityInstancesByQueryCriteria - <==      Total: 1
16:46:24.819 [main] DEBUG org.activiti.engine.impl.persistence.entity.VariableInstanceEntity.selectVariablesByExecutionId - ==>  Preparing: select * from ACT_RU_VARIABLE where EXECUTION_ID_ = ? and TASK_ID_ is null 
16:46:24.819 [main] DEBUG org.activiti.engine.impl.persistence.entity.VariableInstanceEntity.selectVariablesByExecutionId - ==> Parameters: 10165(String)
16:46:24.819 [main] DEBUG org.activiti.engine.impl.persistence.entity.VariableInstanceEntity.selectVariablesByExecutionId - <==      Total: 4
16:46:24.819 [main] DEBUG org.activiti.engine.impl.history.DefaultHistoryManager - Current history level: AUDIT, level required: ACTIVITY
16:46:24.819 [main] DEBUG org.activiti.engine.impl.history.DefaultHistoryManager - Current history level: AUDIT, level required: FULL
16:46:24.819 [main] DEBUG org.activiti.engine.impl.persistence.entity.IdentityLinkEntity.selectIdentityLinksByProcessInstance - ==>  Preparing: select * from ACT_RU_IDENTITYLINK where PROC_INST_ID_ = ? 
16:46:24.819 [main] DEBUG org.activiti.engine.impl.persistence.entity.IdentityLinkEntity.selectIdentityLinksByProcessInstance - ==> Parameters: 10165(String)
16:46:24.820 [main] DEBUG org.activiti.engine.impl.persistence.entity.IdentityLinkEntity.selectIdentityLinksByProcessInstance - <==      Total: 2
16:46:24.820 [main] DEBUG org.activiti.engine.impl.persistence.entity.TaskEntity.selectTasksByParentTaskId - ==>  Preparing: select * from ACT_RU_TASK where PARENT_TASK_ID_ = ? 
16:46:24.820 [main] DEBUG org.activiti.engine.impl.persistence.entity.TaskEntity.selectTasksByParentTaskId - ==> Parameters: 10176(String)
16:46:24.820 [main] DEBUG org.activiti.engine.impl.persistence.entity.TaskEntity.selectTasksByParentTaskId - <==      Total: 0
16:46:24.820 [main] DEBUG org.activiti.engine.impl.persistence.entity.IdentityLinkEntity.selectIdentityLinksByTask - ==>  Preparing: select * from ACT_RU_IDENTITYLINK where TASK_ID_ = ? 
16:46:24.820 [main] DEBUG org.activiti.engine.impl.persistence.entity.IdentityLinkEntity.selectIdentityLinksByTask - ==> Parameters: 10176(String)
16:46:24.821 [main] DEBUG org.activiti.engine.impl.persistence.entity.IdentityLinkEntity.selectIdentityLinksByTask - <==      Total: 1
16:46:24.821 [main] DEBUG org.activiti.engine.impl.persistence.entity.VariableInstanceEntity.selectVariablesByTaskId - ==>  Preparing: select * from ACT_RU_VARIABLE where TASK_ID_ = ? 
16:46:24.821 [main] DEBUG org.activiti.engine.impl.persistence.entity.VariableInstanceEntity.selectVariablesByTaskId - ==> Parameters: 10176(String)
16:46:24.821 [main] DEBUG org.activiti.engine.impl.persistence.entity.VariableInstanceEntity.selectVariablesByTaskId - <==      Total: 0
16:46:24.821 [main] DEBUG org.activiti.engine.impl.history.DefaultHistoryManager - Current history level: AUDIT, level required: AUDIT
16:46:24.821 [main] DEBUG org.activiti.engine.impl.persistence.entity.HistoricTaskInstanceEntity.selectHistoricTaskInstance - ==>  Preparing: select * from ACT_HI_TASKINST where ID_ = ? 
16:46:24.821 [main] DEBUG org.activiti.engine.impl.persistence.entity.HistoricTaskInstanceEntity.selectHistoricTaskInstance - ==> Parameters: 10176(String)
16:46:24.821 [main] DEBUG org.activiti.engine.impl.persistence.entity.HistoricTaskInstanceEntity.selectHistoricTaskInstance - <==      Total: 1
16:46:24.821 [main] DEBUG org.activiti.engine.impl.persistence.entity.TaskEntity.selectTasksByExecutionId - ==>  Preparing: select distinct T.* from ACT_RU_TASK T where T.EXECUTION_ID_ = ? 
16:46:24.821 [main] DEBUG org.activiti.engine.impl.persistence.entity.TaskEntity.selectTasksByExecutionId - ==> Parameters: 10165(String)
16:46:24.822 [main] DEBUG org.activiti.engine.impl.persistence.entity.TaskEntity.selectTasksByExecutionId - <==      Total: 1
16:46:24.822 [main] DEBUG org.activiti.engine.impl.bpmn.behavior.BpmnActivityBehavior - Leaving activity 'deptLeaderAudit'
[...]
16:46:24.918 [main] DEBUG org.activiti.engine.impl.persistence.entity.ResourceEntity.deleteResourcesByDeploymentId - ==>  Preparing: delete from ACT_GE_BYTEARRAY where DEPLOYMENT_ID_ = ? 
16:46:24.918 [main] DEBUG org.activiti.engine.impl.persistence.entity.ResourceEntity.deleteResourcesByDeploymentId - ==> Parameters: 10161(String)
16:46:24.918 [main] DEBUG org.activiti.engine.impl.persistence.entity.ResourceEntity.deleteResourcesByDeploymentId - <==    Updates: 2
16:46:24.918 [main] DEBUG org.activiti.engine.impl.db.DbSqlSession - executing: bulk delete: deleteDeployment(10161)
16:46:24.918 [main] DEBUG org.activiti.engine.impl.persistence.entity.DeploymentEntity.deleteDeployment - ==>  Preparing: delete from ACT_RE_DEPLOYMENT where ID_ = ? 
16:46:24.918 [main] DEBUG org.activiti.engine.impl.persistence.entity.DeploymentEntity.deleteDeployment - ==> Parameters: 10161(String)
16:46:24.918 [main] DEBUG org.activiti.engine.impl.persistence.entity.DeploymentEntity.deleteDeployment - <==    Updates: 1
16:46:24.918 [main] DEBUG org.apache.ibatis.transaction.managed.ManagedTransaction - Closing JDBC Connection [Transaction-aware proxy for target Connection [conn105: url=jdbc:h2:mem:activiti user=SA]]
16:46:24.918 [main] DEBUG org.springframework.jdbc.datasource.DataSourceTransactionManager - Initiating transaction commit
16:46:24.918 [main] DEBUG org.springframework.jdbc.datasource.DataSourceTransactionManager - Committing JDBC transaction on Connection [conn105: url=jdbc:h2:mem:activiti user=SA]
16:46:24.918 [main] DEBUG org.springframework.jdbc.datasource.DataSourceTransactionManager - Releasing JDBC Connection [conn105: url=jdbc:h2:mem:activiti user=SA] after transaction
16:46:24.918 [main] DEBUG org.springframework.jdbc.datasource.DataSourceUtils - Returning JDBC Connection to DataSource
16:46:24.918 [main] DEBUG org.activiti.engine.impl.interceptor.LogInterceptor - --- DeleteDeploymentCmd finished --------------------------------------------------------
16:46:24.918 [main] DEBUG org.activiti.engine.impl.interceptor.LogInterceptor - 

16:46:24.918 [main] DEBUG org.activiti.engine.impl.test.PvmTestCase - verifying that db is clean after test
16:46:24.918 [main] DEBUG org.activiti.engine.impl.interceptor.LogInterceptor - 

16:46:24.918 [main] DEBUG org.activiti.engine.impl.interceptor.LogInterceptor - --- starting GetTableCountCmd --------------------------------------------------------
16:46:24.918 [main] DEBUG org.activiti.spring.SpringTransactionInterceptor - Running command with propagation REQUIRED
16:46:24.918 [main] DEBUG org.springframework.jdbc.datasource.DataSourceTransactionManager - Creating new transaction with name [null]: PROPAGATION_REQUIRED,ISOLATION_DEFAULT
16:46:24.918 [main] DEBUG org.springframework.jdbc.datasource.SimpleDriverDataSource - Creating new JDBC Driver Connection to [jdbc:h2:mem:activiti;DB_CLOSE_DELAY=1000]
16:46:24.919 [main] DEBUG org.springframework.jdbc.datasource.DataSourceTransactionManager - Acquired Connection [conn106: url=jdbc:h2:mem:activiti user=SA] for JDBC transaction
16:46:24.919 [main] DEBUG org.springframework.jdbc.datasource.DataSourceTransactionManager - Switching JDBC Connection [conn106: url=jdbc:h2:mem:activiti user=SA] to manual commit
16:46:24.919 [main] DEBUG org.apache.ibatis.transaction.managed.ManagedTransaction - Opening JDBC Connection
16:46:24.919 [main] DEBUG org.activiti.engine.impl.persistence.entity.TableDataManager - retrieving activiti tables from jdbc metadata
16:46:24.920 [main] DEBUG org.activiti.engine.impl.persistence.entity.TableDataManager -   retrieved activiti table name ACT_EVT_LOG
16:46:24.920 [main] DEBUG org.activiti.engine.impl.persistence.entity.TableDataManager -   retrieved activiti table name ACT_GE_BYTEARRAY
16:46:24.920 [main] DEBUG org.activiti.engine.impl.persistence.entity.TableDataManager -   retrieved activiti table name ACT_GE_PROPERTY
16:46:24.920 [main] DEBUG org.activiti.engine.impl.persistence.entity.TableDataManager -   retrieved activiti table name ACT_HI_ACTINST
16:46:24.920 [main] DEBUG org.activiti.engine.impl.persistence.entity.TableDataManager -   retrieved activiti table name ACT_HI_ATTACHMENT
16:46:24.920 [main] DEBUG org.activiti.engine.impl.persistence.entity.TableDataManager -   retrieved activiti table name ACT_HI_COMMENT
16:46:24.920 [main] DEBUG org.activiti.engine.impl.persistence.entity.TableDataManager -   retrieved activiti table name ACT_HI_DETAIL
16:46:24.920 [main] DEBUG org.activiti.engine.impl.persistence.entity.TableDataManager -   retrieved activiti table name ACT_HI_IDENTITYLINK
16:46:24.920 [main] DEBUG org.activiti.engine.impl.persistence.entity.TableDataManager -   retrieved activiti table name ACT_HI_PROCINST
16:46:24.920 [main] DEBUG org.activiti.engine.impl.persistence.entity.TableDataManager -   retrieved activiti table name ACT_HI_TASKINST
16:46:24.920 [main] DEBUG org.activiti.engine.impl.persistence.entity.TableDataManager -   retrieved activiti table name ACT_HI_VARINST
16:46:24.920 [main] DEBUG org.activiti.engine.impl.persistence.entity.TableDataManager -   retrieved activiti table name ACT_ID_GROUP
16:46:24.920 [main] DEBUG org.activiti.engine.impl.persistence.entity.TableDataManager -   retrieved activiti table name ACT_ID_INFO
16:46:24.920 [main] DEBUG org.activiti.engine.impl.persistence.entity.TableDataManager -   retrieved activiti table name ACT_ID_MEMBERSHIP
16:46:24.920 [main] DEBUG org.activiti.engine.impl.persistence.entity.TableDataManager -   retrieved activiti table name ACT_ID_USER
16:46:24.920 [main] DEBUG org.activiti.engine.impl.persistence.entity.TableDataManager -   retrieved activiti table name ACT_RE_DEPLOYMENT
16:46:24.920 [main] DEBUG org.activiti.engine.impl.persistence.entity.TableDataManager -   retrieved activiti table name ACT_RE_MODEL
16:46:24.920 [main] DEBUG org.activiti.engine.impl.persistence.entity.TableDataManager -   retrieved activiti table name ACT_RE_PROCDEF
16:46:24.920 [main] DEBUG org.activiti.engine.impl.persistence.entity.TableDataManager -   retrieved activiti table name ACT_RU_EVENT_SUBSCR
16:46:24.920 [main] DEBUG org.activiti.engine.impl.persistence.entity.TableDataManager -   retrieved activiti table name ACT_RU_EXECUTION
16:46:24.920 [main] DEBUG org.activiti.engine.impl.persistence.entity.TableDataManager -   retrieved activiti table name ACT_RU_IDENTITYLINK
16:46:24.920 [main] DEBUG org.activiti.engine.impl.persistence.entity.TableDataManager -   retrieved activiti table name ACT_RU_JOB
16:46:24.920 [main] DEBUG org.activiti.engine.impl.persistence.entity.TableDataManager -   retrieved activiti table name ACT_RU_TASK
16:46:24.920 [main] DEBUG org.activiti.engine.impl.persistence.entity.TableDataManager -   retrieved activiti table name ACT_RU_VARIABLE
16:46:24.920 [main] DEBUG org.activiti.engine.impl.persistence.entity.TableDataManager - selecting table count for ACT_EVT_LOG
16:46:24.920 [main] DEBUG org.activiti.engine.impl.TablePageMap.selectTableCount - ==>  Preparing: select count(*) from ACT_EVT_LOG 
16:46:24.920 [main] DEBUG org.activiti.engine.impl.TablePageMap.selectTableCount - ==> Parameters: 
16:46:24.920 [main] DEBUG org.activiti.engine.impl.TablePageMap.selectTableCount - <==      Total: 1
16:46:24.920 [main] DEBUG org.activiti.engine.impl.persistence.entity.TableDataManager - selecting table count for ACT_GE_BYTEARRAY
16:46:24.920 [main] DEBUG org.activiti.engine.impl.TablePageMap.selectTableCount - ==>  Preparing: select count(*) from ACT_GE_BYTEARRAY 
16:46:24.920 [main] DEBUG org.activiti.engine.impl.TablePageMap.selectTableCount - ==> Parameters: 
16:46:24.920 [main] DEBUG org.activiti.engine.impl.TablePageMap.selectTableCount - <==      Total: 1
16:46:24.920 [main] DEBUG org.activiti.engine.impl.persistence.entity.TableDataManager - selecting table count for ACT_GE_PROPERTY
16:46:24.921 [main] DEBUG org.activiti.engine.impl.TablePageMap.selectTableCount - ==>  Preparing: select count(*) from ACT_GE_PROPERTY 
16:46:24.921 [main] DEBUG org.activiti.engine.impl.TablePageMap.selectTableCount - ==> Parameters: 
16:46:24.921 [main] DEBUG org.activiti.engine.impl.TablePageMap.selectTableCount - <==      Total: 1
16:46:24.921 [main] DEBUG org.activiti.engine.impl.persistence.entity.TableDataManager - selecting table count for ACT_HI_ACTINST
16:46:24.921 [main] DEBUG org.activiti.engine.impl.TablePageMap.selectTableCount - ==>  Preparing: select count(*) from ACT_HI_ACTINST 
16:46:24.921 [main] DEBUG org.activiti.engine.impl.TablePageMap.selectTableCount - ==> Parameters: 
16:46:24.921 [main] DEBUG org.activiti.engine.impl.TablePageMap.selectTableCount - <==      Total: 1
16:46:24.921 [main] DEBUG org.activiti.engine.impl.persistence.entity.TableDataManager - selecting table count for ACT_HI_ATTACHMENT
16:46:24.921 [main] DEBUG org.activiti.engine.impl.TablePageMap.selectTableCount - ==>  Preparing: select count(*) from ACT_HI_ATTACHMENT 
16:46:24.921 [main] DEBUG org.activiti.engine.impl.TablePageMap.selectTableCount - ==> Parameters: 
16:46:24.921 [main] DEBUG org.activiti.engine.impl.TablePageMap.selectTableCount - <==      Total: 1
16:46:24.921 [main] DEBUG org.activiti.engine.impl.persistence.entity.TableDataManager - selecting table count for ACT_HI_COMMENT
16:46:24.921 [main] DEBUG org.activiti.engine.impl.TablePageMap.selectTableCount - ==>  Preparing: select count(*) from ACT_HI_COMMENT 
16:46:24.921 [main] DEBUG org.activiti.engine.impl.TablePageMap.selectTableCount - ==> Parameters: 
16:46:24.921 [main] DEBUG org.activiti.engine.impl.TablePageMap.selectTableCount - <==      Total: 1
16:46:24.921 [main] DEBUG org.activiti.engine.impl.persistence.entity.TableDataManager - selecting table count for ACT_HI_DETAIL
16:46:24.921 [main] DEBUG org.activiti.engine.impl.TablePageMap.selectTableCount - ==>  Preparing: select count(*) from ACT_HI_DETAIL 
16:46:24.921 [main] DEBUG org.activiti.engine.impl.TablePageMap.selectTableCount - ==> Parameters: 
16:46:24.921 [main] DEBUG org.activiti.engine.impl.TablePageMap.selectTableCount - <==      Total: 1
16:46:24.921 [main] DEBUG org.activiti.engine.impl.persistence.entity.TableDataManager - selecting table count for ACT_HI_IDENTITYLINK
16:46:24.921 [main] DEBUG org.activiti.engine.impl.TablePageMap.selectTableCount - ==>  Preparing: select count(*) from ACT_HI_IDENTITYLINK 
16:46:24.921 [main] DEBUG org.activiti.engine.impl.TablePageMap.selectTableCount - ==> Parameters: 
16:46:24.921 [main] DEBUG org.activiti.engine.impl.TablePageMap.selectTableCount - <==      Total: 1
16:46:24.921 [main] DEBUG org.activiti.engine.impl.persistence.entity.TableDataManager - selecting table count for ACT_HI_PROCINST
16:46:24.921 [main] DEBUG org.activiti.engine.impl.TablePageMap.selectTableCount - ==>  Preparing: select count(*) from ACT_HI_PROCINST 
16:46:24.921 [main] DEBUG org.activiti.engine.impl.TablePageMap.selectTableCount - ==> Parameters: 
16:46:24.921 [main] DEBUG org.activiti.engine.impl.TablePageMap.selectTableCount - <==      Total: 1
16:46:24.921 [main] DEBUG org.activiti.engine.impl.persistence.entity.TableDataManager - selecting table count for ACT_HI_TASKINST
16:46:24.921 [main] DEBUG org.activiti.engine.impl.TablePageMap.selectTableCount - ==>  Preparing: select count(*) from ACT_HI_TASKINST 
16:46:24.921 [main] DEBUG org.activiti.engine.impl.TablePageMap.selectTableCount - ==> Parameters: 
16:46:24.921 [main] DEBUG org.activiti.engine.impl.TablePageMap.selectTableCount - <==      Total: 1
16:46:24.921 [main] DEBUG org.activiti.engine.impl.persistence.entity.TableDataManager - selecting table count for ACT_HI_VARINST
16:46:24.921 [main] DEBUG org.activiti.engine.impl.TablePageMap.selectTableCount - ==>  Preparing: select count(*) from ACT_HI_VARINST 
16:46:24.921 [main] DEBUG org.activiti.engine.impl.TablePageMap.selectTableCount - ==> Parameters: 
16:46:24.921 [main] DEBUG org.activiti.engine.impl.TablePageMap.selectTableCount - <==      Total: 1
16:46:24.921 [main] DEBUG org.activiti.engine.impl.persistence.entity.TableDataManager - selecting table count for ACT_ID_GROUP
16:46:24.922 [main] DEBUG org.activiti.engine.impl.TablePageMap.selectTableCount - ==>  Preparing: select count(*) from ACT_ID_GROUP 
16:46:24.922 [main] DEBUG org.activiti.engine.impl.TablePageMap.selectTableCount - ==> Parameters: 
16:46:24.922 [main] DEBUG org.activiti.engine.impl.TablePageMap.selectTableCount - <==      Total: 1
16:46:24.922 [main] DEBUG org.activiti.engine.impl.persistence.entity.TableDataManager - selecting table count for ACT_ID_INFO
16:46:24.922 [main] DEBUG org.activiti.engine.impl.TablePageMap.selectTableCount - ==>  Preparing: select count(*) from ACT_ID_INFO 
16:46:24.922 [main] DEBUG org.activiti.engine.impl.TablePageMap.selectTableCount - ==> Parameters: 
16:46:24.922 [main] DEBUG org.activiti.engine.impl.TablePageMap.selectTableCount - <==      Total: 1
16:46:24.922 [main] DEBUG org.activiti.engine.impl.persistence.entity.TableDataManager - selecting table count for ACT_ID_MEMBERSHIP
16:46:24.922 [main] DEBUG org.activiti.engine.impl.TablePageMap.selectTableCount - ==>  Preparing: select count(*) from ACT_ID_MEMBERSHIP 
16:46:24.922 [main] DEBUG org.activiti.engine.impl.TablePageMap.selectTableCount - ==> Parameters: 
16:46:24.922 [main] DEBUG org.activiti.engine.impl.TablePageMap.selectTableCount - <==      Total: 1
16:46:24.922 [main] DEBUG org.activiti.engine.impl.persistence.entity.TableDataManager - selecting table count for ACT_ID_USER
16:46:24.922 [main] DEBUG org.activiti.engine.impl.TablePageMap.selectTableCount - ==>  Preparing: select count(*) from ACT_ID_USER 
16:46:24.922 [main] DEBUG org.activiti.engine.impl.TablePageMap.selectTableCount - ==> Parameters: 
16:46:24.922 [main] DEBUG org.activiti.engine.impl.TablePageMap.selectTableCount - <==      Total: 1
16:46:24.922 [main] DEBUG org.activiti.engine.impl.persistence.entity.TableDataManager - selecting table count for ACT_RE_DEPLOYMENT
16:46:24.922 [main] DEBUG org.activiti.engine.impl.TablePageMap.selectTableCount - ==>  Preparing: select count(*) from ACT_RE_DEPLOYMENT 
16:46:24.922 [main] DEBUG org.activiti.engine.impl.TablePageMap.selectTableCount - ==> Parameters: 
16:46:24.922 [main] DEBUG org.activiti.engine.impl.TablePageMap.selectTableCount - <==      Total: 1
16:46:24.922 [main] DEBUG org.activiti.engine.impl.persistence.entity.TableDataManager - selecting table count for ACT_RE_MODEL
16:46:24.922 [main] DEBUG org.activiti.engine.impl.TablePageMap.selectTableCount - ==>  Preparing: select count(*) from ACT_RE_MODEL 
16:46:24.922 [main] DEBUG org.activiti.engine.impl.TablePageMap.selectTableCount - ==> Parameters: 
16:46:24.922 [main] DEBUG org.activiti.engine.impl.TablePageMap.selectTableCount - <==      Total: 1
16:46:24.922 [main] DEBUG org.activiti.engine.impl.persistence.entity.TableDataManager - selecting table count for ACT_RE_PROCDEF
16:46:24.922 [main] DEBUG org.activiti.engine.impl.TablePageMap.selectTableCount - ==>  Preparing: select count(*) from ACT_RE_PROCDEF 
16:46:24.922 [main] DEBUG org.activiti.engine.impl.TablePageMap.selectTableCount - ==> Parameters: 
16:46:24.922 [main] DEBUG org.activiti.engine.impl.TablePageMap.selectTableCount - <==      Total: 1
16:46:24.922 [main] DEBUG org.activiti.engine.impl.persistence.entity.TableDataManager - selecting table count for ACT_RU_EVENT_SUBSCR
16:46:24.922 [main] DEBUG org.activiti.engine.impl.TablePageMap.selectTableCount - ==>  Preparing: select count(*) from ACT_RU_EVENT_SUBSCR 
16:46:24.922 [main] DEBUG org.activiti.engine.impl.TablePageMap.selectTableCount - ==> Parameters: 
16:46:24.922 [main] DEBUG org.activiti.engine.impl.TablePageMap.selectTableCount - <==      Total: 1
16:46:24.922 [main] DEBUG org.activiti.engine.impl.persistence.entity.TableDataManager - selecting table count for ACT_RU_EXECUTION
16:46:24.922 [main] DEBUG org.activiti.engine.impl.TablePageMap.selectTableCount - ==>  Preparing: select count(*) from ACT_RU_EXECUTION 
16:46:24.922 [main] DEBUG org.activiti.engine.impl.TablePageMap.selectTableCount - ==> Parameters: 
16:46:24.922 [main] DEBUG org.activiti.engine.impl.TablePageMap.selectTableCount - <==      Total: 1
16:46:24.922 [main] DEBUG org.activiti.engine.impl.persistence.entity.TableDataManager - selecting table count for ACT_RU_IDENTITYLINK
16:46:24.922 [main] DEBUG org.activiti.engine.impl.TablePageMap.selectTableCount - ==>  Preparing: select count(*) from ACT_RU_IDENTITYLINK 
16:46:24.922 [main] DEBUG org.activiti.engine.impl.TablePageMap.selectTableCount - ==> Parameters: 
16:46:24.922 [main] DEBUG org.activiti.engine.impl.TablePageMap.selectTableCount - <==      Total: 1
16:46:24.922 [main] DEBUG org.activiti.engine.impl.persistence.entity.TableDataManager - selecting table count for ACT_RU_JOB
16:46:24.922 [main] DEBUG org.activiti.engine.impl.TablePageMap.selectTableCount - ==>  Preparing: select count(*) from ACT_RU_JOB 
16:46:24.923 [main] DEBUG org.activiti.engine.impl.TablePageMap.selectTableCount - ==> Parameters: 
16:46:24.923 [main] DEBUG org.activiti.engine.impl.TablePageMap.selectTableCount - <==      Total: 1
16:46:24.923 [main] DEBUG org.activiti.engine.impl.persistence.entity.TableDataManager - selecting table count for ACT_RU_TASK
16:46:24.923 [main] DEBUG org.activiti.engine.impl.TablePageMap.selectTableCount - ==>  Preparing: select count(*) from ACT_RU_TASK 
16:46:24.923 [main] DEBUG org.activiti.engine.impl.TablePageMap.selectTableCount - ==> Parameters: 
16:46:24.923 [main] DEBUG org.activiti.engine.impl.TablePageMap.selectTableCount - <==      Total: 1
16:46:24.923 [main] DEBUG org.activiti.engine.impl.persistence.entity.TableDataManager - selecting table count for ACT_RU_VARIABLE
16:46:24.923 [main] DEBUG org.activiti.engine.impl.TablePageMap.selectTableCount - ==>  Preparing: select count(*) from ACT_RU_VARIABLE 
16:46:24.923 [main] DEBUG org.activiti.engine.impl.TablePageMap.selectTableCount - ==> Parameters: 
16:46:24.923 [main] DEBUG org.activiti.engine.impl.TablePageMap.selectTableCount - <==      Total: 1
16:46:24.923 [main] DEBUG org.activiti.engine.impl.persistence.entity.TableDataManager - Number of rows per activiti table: {ACT_ID_MEMBERSHIP=0, ACT_RU_EVENT_SUBSCR=0, ACT_ID_USER=0, ACT_RU_JOB=0, ACT_HI_ATTACHMENT=0, ACT_GE_BYTEARRAY=0, ACT_RE_MODEL=0, ACT_RU_VARIABLE=0, ACT_HI_ACTINST=0, ACT_RU_EXECUTION=0, ACT_HI_TASKINST=0, ACT_RU_TASK=0, ACT_HI_DETAIL=0, ACT_EVT_LOG=0, ACT_HI_IDENTITYLINK=0, ACT_RE_DEPLOYMENT=0, ACT_RE_PROCDEF=0, ACT_ID_GROUP=0, ACT_RU_IDENTITYLINK=0, ACT_GE_PROPERTY=3, ACT_HI_VARINST=0, ACT_HI_COMMENT=0, ACT_HI_PROCINST=0, ACT_ID_INFO=0}
16:46:24.923 [main] DEBUG org.activiti.engine.impl.db.DbSqlSession - flush summary: 0 insert, 0 update, 0 delete.
16:46:24.923 [main] DEBUG org.activiti.engine.impl.db.DbSqlSession - now executing flush...
16:46:24.923 [main] DEBUG org.apache.ibatis.transaction.managed.ManagedTransaction - Closing JDBC Connection [Transaction-aware proxy for target Connection [conn106: url=jdbc:h2:mem:activiti user=SA]]
16:46:24.923 [main] DEBUG org.springframework.jdbc.datasource.DataSourceTransactionManager - Initiating transaction commit
16:46:24.923 [main] DEBUG org.springframework.jdbc.datasource.DataSourceTransactionManager - Committing JDBC transaction on Connection [conn106: url=jdbc:h2:mem:activiti user=SA]
16:46:24.923 [main] DEBUG org.springframework.jdbc.datasource.DataSourceTransactionManager - Releasing JDBC Connection [conn106: url=jdbc:h2:mem:activiti user=SA] after transaction
16:46:24.923 [main] DEBUG org.springframework.jdbc.datasource.DataSourceUtils - Returning JDBC Connection to DataSource
16:46:24.923 [main] DEBUG org.activiti.engine.impl.interceptor.LogInterceptor - --- GetTableCountCmd finished --------------------------------------------------------
16:46:24.923 [main] DEBUG org.activiti.engine.impl.interceptor.LogInterceptor - 

16:46:24.923 [main] INFO org.activiti.engine.impl.test.PvmTestCase - database was clean
]]></system-out>
  </testcase>
</testsuite>