<?xml version="1.0" encoding="UTF-8"?>
<testsuite name="com.home.demo.main.MailTaskTest" time="0.397" tests="1" errors="1" skipped="0" failures="0">
  <properties>
[...]
</properties>
  <testcase name="sendMailLocalTest" classname="com.home.demo.main.MailTaskTest" time="0.397">
    <error message="Could not send e-mail in execution 7505" type="org.activiti.engine.ActivitiException">org.activiti.engine.ActivitiException: Could not send e-mail in execution 7505
	at java.net.PlainSocketImpl.socketConnect(Native Method)
	at java.net.AbstractPlainSocketImpl.doConnect(AbstractPlainSocketImpl.java:350)
	at java.net.AbstractPlainSocketImpl.connectToAddress(AbstractPlainSocketImpl.java:206)
	at java.net.AbstractPlainSocketImpl.connect(AbstractPlainSocketImpl.java:188)
	at java.net.SocksSocketImpl.connect(SocksSocketImpl.java:392)
	at java.net.Socket.connect(Socket.java:589)
	at java.net.Socket.connect(Socket.java:538)
	at com.sun.mail.util.SocketFetcher.createSocket(SocketFetcher.java:288)
	at com.sun.mail.util.SocketFetcher.getSocket(SocketFetcher.java:231)
	at com.sun.mail.smtp.SMTPTransport.openServer(SMTPTransport.java:1900)
	at com.sun.mail.smtp.SMTPTransport.protocolConnect(SMTPTransport.java:638)
	at javax.mail.Service.connect(Service.java:295)
	at javax.mail.Service.connect(Service.java:176)
	at javax.mail.Service.connect(Service.java:125)
	at javax.mail.Transport.send0(Transport.java:194)
	at javax.mail.Transport.send(Transport.java:124)
	at org.apache.commons.mail.Email.sendMimeMessage(Email.java:1232)
	at org.apache.commons.mail.Email.send(Email.java:1267)
	at org.activiti.engine.impl.bpmn.behavior.MailActivityBehavior.execute(MailActivityBehavior.java:83)
	at org.activiti.engine.impl.pvm.runtime.AtomicOperationActivityExecute.execute(AtomicOperationActivityExecute.java:60)
	at org.activiti.engine.impl.interceptor.CommandContext.performOperation(CommandContext.java:96)
	at org.activiti.engine.impl.persistence.entity.ExecutionEntity.performOperationSync(ExecutionEntity.java:621)
	at org.activiti.engine.impl.persistence.entity.ExecutionEntity.performOperation(ExecutionEntity.java:616)
	at org.activiti.engine.impl.pvm.runtime.AtomicOperationTransitionNotifyListenerStart.eventNotificationsCompleted(AtomicOperationTransitionNotifyListenerStart.java:52)
	at org.activiti.engine.impl.pvm.runtime.AbstractEventAtomicOperation.execute(AbstractEventAtomicOperation.java:56)
	at org.activiti.engine.impl.interceptor.CommandContext.performOperation(CommandContext.java:96)
	at org.activiti.engine.impl.persistence.entity.ExecutionEntity.performOperationSync(ExecutionEntity.java:621)
	at org.activiti.engine.impl.persistence.entity.ExecutionEntity.performOperation(ExecutionEntity.java:616)
	at org.activiti.engine.impl.pvm.runtime.AbstractEventAtomicOperation.execute(AbstractEventAtomicOperation.java:49)
	at org.activiti.engine.impl.interceptor.CommandContext.performOperation(CommandContext.java:96)
	at org.activiti.engine.impl.persistence.entity.ExecutionEntity.performOperationSync(ExecutionEntity.java:621)
	at org.activiti.engine.impl.persistence.entity.ExecutionEntity.performOperation(ExecutionEntity.java:616)
	at org.activiti.engine.impl.pvm.runtime.AtomicOperationTransitionCreateScope.execute(AtomicOperationTransitionCreateScope.java:49)
	at org.activiti.engine.impl.interceptor.CommandContext.performOperation(CommandContext.java:96)
	at org.activiti.engine.impl.persistence.entity.ExecutionEntity.performOperationSync(ExecutionEntity.java:621)
	at org.activiti.engine.impl.persistence.entity.ExecutionEntity.performOperation(ExecutionEntity.java:616)
	at org.activiti.engine.impl.pvm.runtime.AtomicOperationTransitionNotifyListenerTake.execute(AtomicOperationTransitionNotifyListenerTake.java:80)
	at org.activiti.engine.impl.interceptor.CommandContext.performOperation(CommandContext.java:96)
	at org.activiti.engine.impl.persistence.entity.ExecutionEntity.performOperationSync(ExecutionEntity.java:621)
	at org.activiti.engine.impl.persistence.entity.ExecutionEntity.performOperation(ExecutionEntity.java:616)
	at org.activiti.engine.impl.pvm.runtime.AtomicOperationTransitionDestroyScope.execute(AtomicOperationTransitionDestroyScope.java:116)
	at org.activiti.engine.impl.interceptor.CommandContext.performOperation(CommandContext.java:96)
	at org.activiti.engine.impl.persistence.entity.ExecutionEntity.performOperationSync(ExecutionEntity.java:621)
	at org.activiti.engine.impl.persistence.entity.ExecutionEntity.performOperation(ExecutionEntity.java:616)
	at org.activiti.engine.impl.pvm.runtime.AtomicOperationTransitionNotifyListenerEnd.eventNotificationsCompleted(AtomicOperationTransitionNotifyListenerEnd.java:35)
	at org.activiti.engine.impl.pvm.runtime.AbstractEventAtomicOperation.execute(AbstractEventAtomicOperation.java:56)
	at org.activiti.engine.impl.interceptor.CommandContext.performOperation(CommandContext.java:96)
	at org.activiti.engine.impl.persistence.entity.ExecutionEntity.performOperationSync(ExecutionEntity.java:621)
	at org.activiti.engine.impl.persistence.entity.ExecutionEntity.performOperation(ExecutionEntity.java:616)
	at org.activiti.engine.impl.pvm.runtime.AbstractEventAtomicOperation.execute(AbstractEventAtomicOperation.java:49)
	at org.activiti.engine.impl.interceptor.CommandContext.performOperation(CommandContext.java:96)
	at org.activiti.engine.impl.persistence.entity.ExecutionEntity.performOperationSync(ExecutionEntity.java:621)
	at org.activiti.engine.impl.persistence.entity.ExecutionEntity.performOperation(ExecutionEntity.java:616)
	at org.activiti.engine.impl.persistence.entity.ExecutionEntity.take(ExecutionEntity.java:440)
	at org.activiti.engine.impl.persistence.entity.ExecutionEntity.take(ExecutionEntity.java:418)
	at org.activiti.engine.impl.bpmn.behavior.BpmnActivityBehavior.performOutgoingBehavior(BpmnActivityBehavior.java:131)
	at org.activiti.engine.impl.bpmn.behavior.BpmnActivityBehavior.performDefaultOutgoingBehavior(BpmnActivityBehavior.java:64)
	at org.activiti.engine.impl.bpmn.behavior.FlowNodeActivityBehavior.leave(FlowNodeActivityBehavior.java:44)
	at org.activiti.engine.impl.bpmn.behavior.FlowNodeActivityBehavior.execute(FlowNodeActivityBehavior.java:36)
	at org.activiti.engine.impl.pvm.runtime.AtomicOperationActivityExecute.execute(AtomicOperationActivityExecute.java:60)
	at org.activiti.engine.impl.interceptor.CommandContext.performOperation(CommandContext.java:96)
	at org.activiti.engine.impl.persistence.entity.ExecutionEntity.performOperationSync(ExecutionEntity.java:621)
	at org.activiti.engine.impl.persistence.entity.ExecutionEntity.performOperation(ExecutionEntity.java:616)
	at org.activiti.engine.impl.pvm.runtime.AtomicOperationProcessStartInitial.eventNotificationsCompleted(AtomicOperationProcessStartInitial.java:45)
	at org.activiti.engine.impl.pvm.runtime.AbstractEventAtomicOperation.execute(AbstractEventAtomicOperation.java:56)
	at org.activiti.engine.impl.interceptor.CommandContext.performOperation(CommandContext.java:96)
	at org.activiti.engine.impl.persistence.entity.ExecutionEntity.performOperationSync(ExecutionEntity.java:621)
	at org.activiti.engine.impl.persistence.entity.ExecutionEntity.performOperation(ExecutionEntity.java:616)
	at org.activiti.engine.impl.pvm.runtime.AtomicOperationProcessStart.eventNotificationsCompleted(AtomicOperationProcessStart.java:62)
	at org.activiti.engine.impl.pvm.runtime.AbstractEventAtomicOperation.execute(AbstractEventAtomicOperation.java:56)
	at org.activiti.engine.impl.interceptor.CommandContext.performOperation(CommandContext.java:96)
	at org.activiti.engine.impl.persistence.entity.ExecutionEntity.performOperationSync(ExecutionEntity.java:621)
	at org.activiti.engine.impl.persistence.entity.ExecutionEntity.performOperation(ExecutionEntity.java:616)
	at org.activiti.engine.impl.persistence.entity.ExecutionEntity.start(ExecutionEntity.java:368)
	at org.activiti.engine.impl.cmd.StartProcessInstanceCmd.execute(StartProcessInstanceCmd.java:111)
	at org.activiti.engine.impl.cmd.StartProcessInstanceCmd.execute(StartProcessInstanceCmd.java:37)
	at org.activiti.engine.impl.interceptor.CommandInvoker.execute(CommandInvoker.java:24)
	at org.activiti.engine.impl.interceptor.CommandContextInterceptor.execute(CommandContextInterceptor.java:57)
	at org.activiti.engine.impl.interceptor.LogInterceptor.execute(LogInterceptor.java:37)
	at org.activiti.engine.impl.cfg.CommandExecutorImpl.execute(CommandExecutorImpl.java:40)
	at org.activiti.engine.impl.cfg.CommandExecutorImpl.execute(CommandExecutorImpl.java:35)
	at org.activiti.engine.impl.RuntimeServiceImpl.startProcessInstanceByKey(RuntimeServiceImpl.java:77)
	at com.home.demo.main.MailTaskTest.sendMailLocalTest(MailTaskTest.java:31)
</error>
    <system-out><![CDATA[16:46:20.659 [main] DEBUG org.activiti.engine.impl.test.TestHelper - ==== BUILDING PROCESS ENGINE ========================================================================
16:46:20.660 [main] DEBUG org.springframework.core.env.StandardEnvironment - Adding [systemProperties] PropertySource with lowest search precedence
16:46:20.660 [main] DEBUG org.springframework.core.env.StandardEnvironment - Adding [systemEnvironment] PropertySource with lowest search precedence
16:46:20.660 [main] DEBUG org.springframework.core.env.StandardEnvironment - Initialized StandardEnvironment with PropertySources [systemProperties,systemEnvironment]
16:46:20.660 [main] INFO org.springframework.beans.factory.xml.XmlBeanDefinitionReader - Loading XML bean definitions from class path resource [activiti-mail.cfg.xml]
16:46:20.661 [main] DEBUG org.springframework.beans.factory.xml.DefaultDocumentLoader - Using JAXP provider [com.sun.org.apache.xerces.internal.jaxp.DocumentBuilderFactoryImpl]
16:46:20.727 [main] DEBUG org.springframework.beans.factory.xml.PluggableSchemaResolver - Loading schema mappings from [META-INF/spring.schemas]
16:46:20.729 [main] DEBUG org.springframework.beans.factory.xml.PluggableSchemaResolver - Loaded schema mappings: {http://www.springframework.org/schema/tx/spring-tx-4.3.xsd=org/springframework/transaction/config/spring-tx-4.3.xsd, http://www.springframework.org/schema/tx/spring-tx-2.5.xsd=org/springframework/transaction/config/spring-tx-2.5.xsd, http://www.springframework.org/schema/cache/spring-cache-4.2.xsd=org/springframework/cache/config/spring-cache-4.2.xsd, http://www.springframework.org/schema/aop/spring-aop-4.1.xsd=org/springframework/aop/config/spring-aop-4.1.xsd, http://www.springframework.org/schema/context/spring-context-3.1.xsd=org/springframework/context/config/spring-context-3.1.xsd, http://www.springframework.org/schema/jdbc/spring-jdbc-4.1.xsd=org/springframework/jdbc/config/spring-jdbc-4.1.xsd, http://www.springframework.org/schema/data/repository/spring-repository-1.4.xsd=org/springframework/data/repository/config/spring-repository-1.4.xsd, http://www.springframework.org/schema/util/spring-util-3.0.xsd=org/springframework/beans/factory/xml/spring-util-3.0.xsd, http://www.springframework.org/schema/mvc/spring-mvc-4.1.xsd=org/springframework/web/servlet/config/spring-mvc-4.1.xsd, http://www.springframework.org/schema/data/jpa/spring-jpa.xsd=org/springframework/data/jpa/repository/config/spring-jpa-1.8.xsd, http://www.springframework.org/schema/tool/spring-tool.xsd=org/springframework/beans/factory/xml/spring-tool-4.3.xsd, http://www.springframework.org/schema/aop/spring-aop-3.2.xsd=org/springframework/aop/config/spring-aop-3.2.xsd, http://mybatis.org/schema/mybatis-spring-1.2.xsd=org/mybatis/spring/config/mybatis-spring-1.2.xsd, http://www.springframework.org/schema/lang/spring-lang-4.1.xsd=org/springframework/scripting/config/spring-lang-4.1.xsd, http://www.springframework.org/schema/context/spring-context-4.0.xsd=org/springframework/context/config/spring-context-4.0.xsd, http://www.springframework.org/schema/mvc/spring-mvc-3.2.xsd=org/springframework/web/servlet/config/spring-mvc-3.2.xsd, http://www.springframework.org/schema/beans/spring-beans-4.2.xsd=org/springframework/beans/factory/xml/spring-beans-4.2.xsd, http://www.springframework.org/schema/tool/spring-tool-4.1.xsd=org/springframework/beans/factory/xml/spring-tool-4.1.xsd, http://www.springframework.org/schema/lang/spring-lang-3.2.xsd=org/springframework/scripting/config/spring-lang-3.2.xsd, http://www.springframework.org/schema/cache/spring-cache-3.2.xsd=org/springframework/cache/config/spring-cache-3.2.xsd, http://www.springframework.org/schema/jee/spring-jee-4.1.xsd=org/springframework/ejb/config/spring-jee-4.1.xsd, http://www.springframework.org/schema/jdbc/spring-jdbc-3.1.xsd=org/springframework/jdbc/config/spring-jdbc-3.1.xsd, http://www.springframework.org/schema/task/spring-task-4.2.xsd=org/springframework/scheduling/config/spring-task-4.2.xsd, http://www.springframework.org/schema/util/spring-util-2.0.xsd=org/springframework/beans/factory/xml/spring-util-2.0.xsd, http://www.springframework.org/schema/context/spring-context.xsd=org/springframework/context/config/spring-context-4.3.xsd, http://www.springframework.org/schema/tool/spring-tool-3.2.xsd=org/springframework/beans/factory/xml/spring-tool-3.2.xsd, http://www.springframework.org/schema/tx/spring-tx-4.2.xsd=org/springframework/transaction/config/spring-tx-4.2.xsd, http://www.springframework.org/schema/cache/spring-cache-4.1.xsd=org/springframework/cache/config/spring-cache-4.1.xsd, http://www.springframework.org/schema/aop/spring-aop-4.0.xsd=org/springframework/aop/config/spring-aop-4.0.xsd, http://www.springframework.org/schema/jee/spring-jee-3.2.xsd=org/springframework/ejb/config/spring-jee-3.2.xsd, http://www.springframework.org/schema/context/spring-context-3.0.xsd=org/springframework/context/config/spring-context-3.0.xsd, http://www.springframework.org/schema/jdbc/spring-jdbc-4.0.xsd=org/springframework/jdbc/config/spring-jdbc-4.0.xsd, http://www.springframework.org/schema/util/spring-util-2.5.xsd=org/springframework/beans/factory/xml/spring-util-2.5.xsd, http://www.springframework.org/schema/mvc/spring-mvc-4.0.xsd=org/springframework/web/servlet/config/spring-mvc-4.0.xsd, http://www.springframework.org/schema/util/spring-util-4.3.xsd=org/springframework/beans/factory/xml/spring-util-4.3.xsd, http://www.springframework.org/schema/beans/spring-beans-3.2.xsd=org/springframework/beans/factory/xml/spring-beans-3.2.xsd, http://www.springframework.org/schema/aop/spring-aop-3.1.xsd=org/springframework/aop/config/spring-aop-3.1.xsd, http://www.springframework.org/schema/lang/spring-lang-4.0.xsd=org/springframework/scripting/config/spring-lang-4.0.xsd, http://www.springframework.org/schema/data/repository/spring-repository-1.8.xsd=org/springframework/data/repository/config/spring-repository-1.8.xsd, http://www.springframework.org/schema/mvc/spring-mvc.xsd=org/springframework/web/servlet/config/spring-mvc-4.3.xsd, http://www.springframework.org/schema/mvc/spring-mvc-3.1.xsd=org/springframework/web/servlet/config/spring-mvc-3.1.xsd, http://www.springframework.org/schema/beans/spring-beans-4.1.xsd=org/springframework/beans/factory/xml/spring-beans-4.1.xsd, http://www.springframework.org/schema/tool/spring-tool-4.0.xsd=org/springframework/beans/factory/xml/spring-tool-4.0.xsd, http://www.springframework.org/schema/tx/spring-tx-3.2.xsd=org/springframework/transaction/config/spring-tx-3.2.xsd, http://www.springframework.org/schema/lang/spring-lang-3.1.xsd=org/springframework/scripting/config/spring-lang-3.1.xsd, http://www.springframework.org/schema/cache/spring-cache-3.1.xsd=org/springframework/cache/config/spring-cache-3.1.xsd, http://www.springframework.org/schema/jee/spring-jee-4.0.xsd=org/springframework/ejb/config/spring-jee-4.0.xsd, http://www.springframework.org/schema/jdbc/spring-jdbc-3.0.xsd=org/springframework/jdbc/config/spring-jdbc-3.0.xsd, http://www.springframework.org/schema/task/spring-task-4.1.xsd=org/springframework/scheduling/config/spring-task-4.1.xsd, http://www.springframework.org/schema/jdbc/spring-jdbc.xsd=org/springframework/jdbc/config/spring-jdbc-4.3.xsd, http://www.springframework.org/schema/tool/spring-tool-3.1.xsd=org/springframework/beans/factory/xml/spring-tool-3.1.xsd, http://www.springframework.org/schema/tx/spring-tx-4.1.xsd=org/springframework/transaction/config/spring-tx-4.1.xsd, http://www.springframework.org/schema/cache/spring-cache-4.0.xsd=org/springframework/cache/config/spring-cache-4.0.xsd, http://www.springframework.org/schema/jee/spring-jee-3.1.xsd=org/springframework/ejb/config/spring-jee-3.1.xsd, http://www.springframework.org/schema/task/spring-task-3.2.xsd=org/springframework/scheduling/config/spring-task-3.2.xsd, http://www.springframework.org/schema/util/spring-util-4.2.xsd=org/springframework/beans/factory/xml/spring-util-4.2.xsd, http://www.springframework.org/schema/beans/spring-beans-3.1.xsd=org/springframework/beans/factory/xml/spring-beans-3.1.xsd, http://www.springframework.org/schema/util/spring-util.xsd=org/springframework/beans/factory/xml/spring-util-4.3.xsd, http://www.springframework.org/schema/data/jpa/spring-jpa-1.3.xsd=org/springframework/data/jpa/repository/config/spring-jpa-1.3.xsd, http://www.springframework.org/schema/aop/spring-aop-3.0.xsd=org/springframework/aop/config/spring-aop-3.0.xsd, http://www.springframework.org/schema/data/repository/spring-repository.xsd=org/springframework/data/repository/config/spring-repository-1.11.xsd, http://www.springframework.org/schema/data/repository/spring-repository-1.7.xsd=org/springframework/data/repository/config/spring-repository-1.7.xsd, http://www.springframework.org/schema/mvc/spring-mvc-3.0.xsd=org/springframework/web/servlet/config/spring-mvc-3.0.xsd, http://www.springframework.org/schema/beans/spring-beans-4.0.xsd=org/springframework/beans/factory/xml/spring-beans-4.0.xsd, http://www.springframework.org/schema/data/jpa/spring-jpa-1.8.xsd=org/springframework/data/jpa/repository/config/spring-jpa-1.8.xsd, http://www.springframework.org/schema/beans/spring-beans.xsd=org/springframework/beans/factory/xml/spring-beans-4.3.xsd, http://www.springframework.org/schema/plugin/spring-plugin.xsd=org/springframework/plugin/core/config/spring-plugin.xsd, http://www.springframework.org/schema/tx/spring-tx-3.1.xsd=org/springframework/transaction/config/spring-tx-3.1.xsd, http://www.springframework.org/schema/lang/spring-lang-3.0.xsd=org/springframework/scripting/config/spring-lang-3.0.xsd, http://mybatis.org/schema/mybatis-spring.xsd=org/mybatis/spring/config/mybatis-spring-1.2.xsd, http://www.springframework.org/schema/context/spring-context-4.3.xsd=org/springframework/context/config/spring-context-4.3.xsd, http://www.springframework.org/schema/context/spring-context-2.5.xsd=org/springframework/context/config/spring-context-2.5.xsd, http://www.springframework.org/schema/task/spring-task-4.0.xsd=org/springframework/scheduling/config/spring-task-4.0.xsd, http://www.springframework.org/schema/tool/spring-tool-3.0.xsd=org/springframework/beans/factory/xml/spring-tool-3.0.xsd, http://www.springframework.org/schema/tx/spring-tx-4.0.xsd=org/springframework/transaction/config/spring-tx-4.0.xsd, http://www.springframework.org/schema/aop/spring-aop-2.0.xsd=org/springframework/aop/config/spring-aop-2.0.xsd, http://www.springframework.org/schema/jee/spring-jee-3.0.xsd=org/springframework/ejb/config/spring-jee-3.0.xsd, http://www.springframework.org/schema/task/spring-task-3.1.xsd=org/springframework/scheduling/config/spring-task-3.1.xsd, http://www.springframework.org/schema/util/spring-util-4.1.xsd=org/springframework/beans/factory/xml/spring-util-4.1.xsd, http://www.springframework.org/schema/beans/spring-beans-3.0.xsd=org/springframework/beans/factory/xml/spring-beans-3.0.xsd, http://www.springframework.org/schema/data/jpa/spring-jpa-1.2.xsd=org/springframework/data/jpa/repository/config/spring-jpa-1.2.xsd, http://www.springframework.org/schema/jee/spring-jee.xsd=org/springframework/ejb/config/spring-jee-4.3.xsd, http://www.springframework.org/schema/aop/spring-aop-2.5.xsd=org/springframework/aop/config/spring-aop-2.5.xsd, http://www.springframework.org/schema/aop/spring-aop-4.3.xsd=org/springframework/aop/config/spring-aop-4.3.xsd, http://www.springframework.org/schema/lang/spring-lang-2.0.xsd=org/springframework/scripting/config/spring-lang-2.0.xsd, http://www.springframework.org/schema/jdbc/spring-jdbc-4.3.xsd=org/springframework/jdbc/config/spring-jdbc-4.3.xsd, http://www.springframework.org/schema/data/repository/spring-repository-1.6.xsd=org/springframework/data/repository/config/spring-repository-1.6.xsd, http://www.springframework.org/schema/mvc/spring-mvc-4.3.xsd=org/springframework/web/servlet/config/spring-mvc-4.3.xsd, http://www.springframework.org/schema/util/spring-util-3.2.xsd=org/springframework/beans/factory/xml/spring-util-3.2.xsd, http://www.springframework.org/schema/task/spring-task.xsd=org/springframework/scheduling/config/spring-task-4.3.xsd, http://www.springframework.org/schema/tool/spring-tool-2.0.xsd=org/springframework/beans/factory/xml/spring-tool-2.0.xsd, http://www.springframework.org/schema/tx/spring-tx-3.0.xsd=org/springframework/transaction/config/spring-tx-3.0.xsd, http://www.springframework.org/schema/lang/spring-lang-4.3.xsd=org/springframework/scripting/config/spring-lang-4.3.xsd, http://www.springframework.org/schema/lang/spring-lang-2.5.xsd=org/springframework/scripting/config/spring-lang-2.5.xsd, http://www.springframework.org/schema/context/spring-context-4.2.xsd=org/springframework/context/config/spring-context-4.2.xsd, http://www.springframework.org/schema/jee/spring-jee-2.0.xsd=org/springframework/ejb/config/spring-jee-2.0.xsd, http://www.springframework.org/schema/tool/spring-tool-4.3.xsd=org/springframework/beans/factory/xml/spring-tool-4.3.xsd, http://www.springframework.org/schema/tool/spring-tool-2.5.xsd=org/springframework/beans/factory/xml/spring-tool-2.5.xsd, http://www.springframework.org/schema/jee/spring-jee-4.3.xsd=org/springframework/ejb/config/spring-jee-4.3.xsd, http://www.springframework.org/schema/jee/spring-jee-2.5.xsd=org/springframework/ejb/config/spring-jee-2.5.xsd, http://www.springframework.org/schema/data/repository/spring-repository-1.0.xsd=org/springframework/data/repository/config/spring-repository-1.0.xsd, http://www.springframework.org/schema/task/spring-task-3.0.xsd=org/springframework/scheduling/config/spring-task-3.0.xsd, http://www.springframework.org/schema/util/spring-util-4.0.xsd=org/springframework/beans/factory/xml/spring-util-4.0.xsd, http://www.springframework.org/schema/data/jpa/spring-jpa-1.1.xsd=org/springframework/data/jpa/repository/config/spring-jpa-1.1.xsd, http://www.springframework.org/schema/cache/spring-cache-4.3.xsd=org/springframework/cache/config/spring-cache-4.3.xsd, http://www.springframework.org/schema/aop/spring-aop-4.2.xsd=org/springframework/aop/config/spring-aop-4.2.xsd, http://www.springframework.org/schema/lang/spring-lang.xsd=org/springframework/scripting/config/spring-lang-4.3.xsd, http://www.springframework.org/schema/context/spring-context-3.2.xsd=org/springframework/context/config/spring-context-3.2.xsd, http://www.springframework.org/schema/jdbc/spring-jdbc-4.2.xsd=org/springframework/jdbc/config/spring-jdbc-4.2.xsd, http://www.springframework.org/schema/data/repository/spring-repository-1.5.xsd=org/springframework/data/repository/config/spring-repository-1.5.xsd, http://www.springframework.org/schema/mvc/spring-mvc-4.2.xsd=org/springframework/web/servlet/config/spring-mvc-4.2.xsd, http://www.springframework.org/schema/util/spring-util-3.1.xsd=org/springframework/beans/factory/xml/spring-util-3.1.xsd, http://www.springframework.org/schema/beans/spring-beans-2.0.xsd=org/springframework/beans/factory/xml/spring-beans-2.0.xsd, http://www.springframework.org/schema/cache/spring-cache.xsd=org/springframework/cache/config/spring-cache-4.3.xsd, http://www.springframework.org/schema/tx/spring-tx.xsd=org/springframework/transaction/config/spring-tx-4.3.xsd, http://www.springframework.org/schema/lang/spring-lang-4.2.xsd=org/springframework/scripting/config/spring-lang-4.2.xsd, http://www.springframework.org/schema/context/spring-context-4.1.xsd=org/springframework/context/config/spring-context-4.1.xsd, http://www.springframework.org/schema/beans/spring-beans-2.5.xsd=org/springframework/beans/factory/xml/spring-beans-2.5.xsd, http://www.springframework.org/schema/beans/spring-beans-4.3.xsd=org/springframework/beans/factory/xml/spring-beans-4.3.xsd, http://www.springframework.org/schema/tool/spring-tool-4.2.xsd=org/springframework/beans/factory/xml/spring-tool-4.2.xsd, http://www.springframework.org/schema/tx/spring-tx-2.0.xsd=org/springframework/transaction/config/spring-tx-2.0.xsd, http://www.springframework.org/schema/jee/spring-jee-4.2.xsd=org/springframework/ejb/config/spring-jee-4.2.xsd, http://www.springframework.org/schema/data/repository/spring-repository-1.11.xsd=org/springframework/data/repository/config/spring-repository-1.11.xsd, http://www.springframework.org/schema/jdbc/spring-jdbc-3.2.xsd=org/springframework/jdbc/config/spring-jdbc-3.2.xsd, http://www.springframework.org/schema/task/spring-task-4.3.xsd=org/springframework/scheduling/config/spring-task-4.3.xsd, http://www.springframework.org/schema/aop/spring-aop.xsd=org/springframework/aop/config/spring-aop-4.3.xsd, http://www.springframework.org/schema/data/jpa/spring-jpa-1.0.xsd=org/springframework/data/jpa/repository/config/spring-jpa-1.0.xsd}
16:46:20.730 [main] DEBUG org.springframework.beans.factory.xml.PluggableSchemaResolver - Found XML schema [http://www.springframework.org/schema/beans/spring-beans.xsd] in classpath: org/springframework/beans/factory/xml/spring-beans-4.3.xsd
16:46:20.734 [main] DEBUG org.springframework.beans.factory.xml.DefaultBeanDefinitionDocumentReader - Loading bean definitions
16:46:20.735 [main] DEBUG org.springframework.beans.factory.support.DefaultListableBeanFactory - Creating shared instance of singleton bean 'processEngineConfiguration'
16:46:20.735 [main] DEBUG org.springframework.beans.factory.support.DefaultListableBeanFactory - Creating instance of bean 'processEngineConfiguration'
16:46:20.735 [main] DEBUG org.springframework.beans.factory.support.DefaultListableBeanFactory - Eagerly caching bean 'processEngineConfiguration' to allow for resolving potential circular references
16:46:20.735 [main] DEBUG org.springframework.beans.factory.support.DefaultListableBeanFactory - Finished creating instance of bean 'processEngineConfiguration'
16:46:20.741 [main] DEBUG org.activiti.engine.impl.cfg.ProcessEngineConfigurationImpl - initializing datasource to db: jdbc:h2:mem:activiti
16:46:20.741 [main] DEBUG org.apache.ibatis.datasource.pooled.PooledDataSource - PooledDataSource forcefully closed/removed all connections.
16:46:20.741 [main] DEBUG org.apache.ibatis.datasource.pooled.PooledDataSource - Created connection 1532915766.
16:46:20.741 [main] DEBUG org.activiti.engine.impl.cfg.ProcessEngineConfigurationImpl - database product name: 'H2'
16:46:20.741 [main] DEBUG org.activiti.engine.impl.cfg.ProcessEngineConfigurationImpl - using database type: h2
16:46:20.741 [main] DEBUG org.apache.ibatis.datasource.pooled.PooledDataSource - Returned connection 1532915766 to pool.
16:46:21.048 [main] DEBUG org.activiti.engine.impl.interceptor.LogInterceptor - 

16:46:21.048 [main] DEBUG org.activiti.engine.impl.interceptor.LogInterceptor - --- starting SchemaOperationsProcessEngineBuild --------------------------------------------------------
16:46:21.048 [main] DEBUG org.apache.ibatis.transaction.jdbc.JdbcTransaction - Opening JDBC Connection
16:46:21.048 [main] DEBUG org.apache.ibatis.datasource.pooled.PooledDataSource - Checked out connection 1532915766 from pool.
16:46:21.048 [main] DEBUG org.apache.ibatis.transaction.jdbc.JdbcTransaction - Setting autocommit to false on JDBC Connection [conn34: url=jdbc:h2:mem:activiti user=SA]
16:46:21.049 [main] DEBUG org.activiti.engine.impl.persistence.entity.PropertyEntity.selectProperty - ==>  Preparing: select * from ACT_GE_PROPERTY where NAME_ = ? 
16:46:21.049 [main] DEBUG org.activiti.engine.impl.persistence.entity.PropertyEntity.selectProperty - ==> Parameters: schema.version(String)
16:46:21.050 [main] DEBUG org.activiti.engine.impl.persistence.entity.PropertyEntity.selectProperty - <==      Total: 1
16:46:21.051 [main] DEBUG org.activiti.engine.impl.db.DbSqlSession - flush summary: 0 insert, 0 update, 0 delete.
16:46:21.051 [main] DEBUG org.activiti.engine.impl.db.DbSqlSession - now executing flush...
16:46:21.052 [main] DEBUG org.activiti.engine.impl.cfg.standalone.StandaloneMybatisTransactionContext - firing event committing...
16:46:21.052 [main] DEBUG org.activiti.engine.impl.cfg.standalone.StandaloneMybatisTransactionContext - committing the ibatis sql session...
16:46:21.052 [main] DEBUG org.activiti.engine.impl.cfg.standalone.StandaloneMybatisTransactionContext - firing event committed...
16:46:21.052 [main] DEBUG org.apache.ibatis.transaction.jdbc.JdbcTransaction - Resetting autocommit to true on JDBC Connection [conn34: url=jdbc:h2:mem:activiti user=SA]
16:46:21.052 [main] DEBUG org.apache.ibatis.transaction.jdbc.JdbcTransaction - Closing JDBC Connection [conn34: url=jdbc:h2:mem:activiti user=SA]
16:46:21.052 [main] DEBUG org.apache.ibatis.datasource.pooled.PooledDataSource - Returned connection 1532915766 to pool.
16:46:21.052 [main] DEBUG org.activiti.engine.impl.interceptor.LogInterceptor - --- SchemaOperationsProcessEngineBuild finished --------------------------------------------------------
16:46:21.052 [main] DEBUG org.activiti.engine.impl.interceptor.LogInterceptor - 

16:46:21.052 [main] INFO org.activiti.engine.impl.ProcessEngineImpl - ProcessEngine default created
16:46:21.052 [main] DEBUG org.activiti.engine.impl.test.TestHelper - ==== PROCESS ENGINE CREATED =========================================================================
16:46:21.052 [main] DEBUG org.activiti.engine.impl.test.TestHelper - annotation @Deployment creates deployment for MailTaskTest.sendMailLocalTest
16:46:21.052 [main] DEBUG org.activiti.engine.impl.interceptor.LogInterceptor - 

16:46:21.052 [main] DEBUG org.activiti.engine.impl.interceptor.LogInterceptor - --- starting DeployCmd --------------------------------------------------------
16:46:21.052 [main] DEBUG org.activiti.engine.impl.interceptor.LogInterceptor - 

16:46:21.052 [main] DEBUG org.activiti.engine.impl.interceptor.LogInterceptor - --- starting GetNextIdBlockCmd --------------------------------------------------------
16:46:21.052 [main] DEBUG org.apache.ibatis.transaction.jdbc.JdbcTransaction - Opening JDBC Connection
16:46:21.052 [main] DEBUG org.apache.ibatis.datasource.pooled.PooledDataSource - Checked out connection 1532915766 from pool.
16:46:21.053 [main] DEBUG org.apache.ibatis.transaction.jdbc.JdbcTransaction - Setting autocommit to false on JDBC Connection [conn34: url=jdbc:h2:mem:activiti user=SA]
16:46:21.053 [main] DEBUG org.activiti.engine.impl.persistence.entity.PropertyEntity.selectProperty - ==>  Preparing: select * from ACT_GE_PROPERTY where NAME_ = ? 
16:46:21.053 [main] DEBUG org.activiti.engine.impl.persistence.entity.PropertyEntity.selectProperty - ==> Parameters: next.dbid(String)
16:46:21.053 [main] DEBUG org.activiti.engine.impl.persistence.entity.PropertyEntity.selectProperty - <==      Total: 1
16:46:21.053 [main] DEBUG org.activiti.engine.impl.db.DbSqlSession - flush summary: 0 insert, 1 update, 0 delete.
16:46:21.053 [main] DEBUG org.activiti.engine.impl.db.DbSqlSession -   update PropertyEntity[name=next.dbid, value=10001]
16:46:21.053 [main] DEBUG org.activiti.engine.impl.db.DbSqlSession - now executing flush...
16:46:21.053 [main] DEBUG org.activiti.engine.impl.db.DbSqlSession - updating: PropertyEntity[name=next.dbid, value=10001]
16:46:21.053 [main] DEBUG org.activiti.engine.impl.persistence.entity.PropertyEntity.updateProperty - ==>  Preparing: update ACT_GE_PROPERTY SET REV_ = ?, VALUE_ = ? where NAME_ = ? and REV_ = ? 
16:46:21.053 [main] DEBUG org.activiti.engine.impl.persistence.entity.PropertyEntity.updateProperty - ==> Parameters: 5(Integer), 10001(String), next.dbid(String), 4(Integer)
16:46:21.053 [main] DEBUG org.activiti.engine.impl.persistence.entity.PropertyEntity.updateProperty - <==    Updates: 1
16:46:21.053 [main] DEBUG org.activiti.engine.impl.cfg.standalone.StandaloneMybatisTransactionContext - firing event committing...
16:46:21.053 [main] DEBUG org.activiti.engine.impl.cfg.standalone.StandaloneMybatisTransactionContext - committing the ibatis sql session...
16:46:21.053 [main] DEBUG org.apache.ibatis.transaction.jdbc.JdbcTransaction - Committing JDBC Connection [conn34: url=jdbc:h2:mem:activiti user=SA]
16:46:21.053 [main] DEBUG org.activiti.engine.impl.cfg.standalone.StandaloneMybatisTransactionContext - firing event committed...
16:46:21.053 [main] DEBUG org.apache.ibatis.transaction.jdbc.JdbcTransaction - Resetting autocommit to true on JDBC Connection [conn34: url=jdbc:h2:mem:activiti user=SA]
16:46:21.053 [main] DEBUG org.apache.ibatis.transaction.jdbc.JdbcTransaction - Closing JDBC Connection [conn34: url=jdbc:h2:mem:activiti user=SA]
16:46:21.053 [main] DEBUG org.apache.ibatis.datasource.pooled.PooledDataSource - Returned connection 1532915766 to pool.
16:46:21.053 [main] DEBUG org.activiti.engine.impl.interceptor.LogInterceptor - --- GetNextIdBlockCmd finished --------------------------------------------------------
16:46:21.053 [main] DEBUG org.activiti.engine.impl.interceptor.LogInterceptor - 

16:46:21.053 [main] DEBUG org.activiti.engine.impl.bpmn.deployer.BpmnDeployer - Processing deployment MailTaskTest.sendMailLocalTest
16:46:21.053 [main] INFO org.activiti.engine.impl.bpmn.deployer.BpmnDeployer - Processing resource diagrams/chapter8/testMailTask.bpmn
16:46:21.070 [main] DEBUG org.activiti.engine.impl.bpmn.parser.handler.ProcessParseHandler - Parsing process testMailTask
16:46:21.070 [main] DEBUG org.activiti.engine.impl.bpmn.parser.handler.AbstractBpmnParseHandler - Parsing activity mailtask1
16:46:21.071 [main] DEBUG org.activiti.engine.impl.bpmn.parser.handler.AbstractBpmnParseHandler - Parsing activity startevent1
16:46:21.071 [main] DEBUG org.activiti.engine.impl.bpmn.parser.handler.AbstractBpmnParseHandler - Parsing activity endevent1
16:46:21.191 [main] DEBUG org.apache.ibatis.transaction.jdbc.JdbcTransaction - Opening JDBC Connection
16:46:21.191 [main] DEBUG org.apache.ibatis.datasource.pooled.PooledDataSource - Checked out connection 1532915766 from pool.
16:46:21.191 [main] DEBUG org.apache.ibatis.transaction.jdbc.JdbcTransaction - Setting autocommit to false on JDBC Connection [conn34: url=jdbc:h2:mem:activiti user=SA]
16:46:21.191 [main] DEBUG org.activiti.engine.impl.persistence.entity.ProcessDefinitionEntity.selectLatestProcessDefinitionByKey - ==>  Preparing: select * from ACT_RE_PROCDEF where KEY_ = ? and (TENANT_ID_ = '' or TENANT_ID_ is null) and VERSION_ = (select max(VERSION_) from ACT_RE_PROCDEF where KEY_ = ? and (TENANT_ID_ = '' or TENANT_ID_ is null)) 
16:46:21.191 [main] DEBUG org.activiti.engine.impl.persistence.entity.ProcessDefinitionEntity.selectLatestProcessDefinitionByKey - ==> Parameters: testMailTask(String), testMailTask(String)
16:46:21.191 [main] DEBUG org.activiti.engine.impl.persistence.entity.ProcessDefinitionEntity.selectLatestProcessDefinitionByKey - <==      Total: 0
16:46:21.191 [main] DEBUG org.activiti.engine.impl.persistence.entity.JobEntity.selectJobsByConfiguration - ==>  Preparing: select * from ACT_RU_JOB where HANDLER_TYPE_ = ? and HANDLER_CFG_ = ? 
16:46:21.192 [main] DEBUG org.activiti.engine.impl.persistence.entity.JobEntity.selectJobsByConfiguration - ==> Parameters: timer-start-event(String), testMailTask(String)
16:46:21.192 [main] DEBUG org.activiti.engine.impl.persistence.entity.JobEntity.selectJobsByConfiguration - <==      Total: 0
16:46:21.192 [main] DEBUG org.activiti.engine.impl.db.DbSqlSession - flush summary: 4 insert, 0 update, 0 delete.
16:46:21.192 [main] DEBUG org.activiti.engine.impl.db.DbSqlSession -   insert DeploymentEntity[id=7501, name=MailTaskTest.sendMailLocalTest]
16:46:21.192 [main] DEBUG org.activiti.engine.impl.db.DbSqlSession -   insert ResourceEntity[id=7502, name=diagrams/chapter8/testMailTask.bpmn]
16:46:21.192 [main] DEBUG org.activiti.engine.impl.db.DbSqlSession -   insert ResourceEntity[id=7503, name=diagrams/chapter8/testMailTask.testMailTask.png]
16:46:21.192 [main] DEBUG org.activiti.engine.impl.db.DbSqlSession -   insert ProcessDefinitionEntity[testMailTask:1:7504]
16:46:21.192 [main] DEBUG org.activiti.engine.impl.db.DbSqlSession - now executing flush...
16:46:21.192 [main] DEBUG org.activiti.engine.impl.db.DbSqlSession - inserting: DeploymentEntity[id=7501, name=MailTaskTest.sendMailLocalTest]
16:46:21.192 [main] DEBUG org.activiti.engine.impl.persistence.entity.DeploymentEntity.insertDeployment - ==>  Preparing: insert into ACT_RE_DEPLOYMENT(ID_, NAME_, CATEGORY_, TENANT_ID_, DEPLOY_TIME_) values(?, ?, ?, ?, ?) 
16:46:21.192 [main] DEBUG org.activiti.engine.impl.persistence.entity.DeploymentEntity.insertDeployment - ==> Parameters: 7501(String), MailTaskTest.sendMailLocalTest(String), null, (String), 2017-11-28 16:46:21.052(Timestamp)
16:46:21.192 [main] DEBUG org.activiti.engine.impl.persistence.entity.DeploymentEntity.insertDeployment - <==    Updates: 1
16:46:21.192 [main] DEBUG org.activiti.engine.impl.db.DbSqlSession - inserting: ResourceEntity[id=7502, name=diagrams/chapter8/testMailTask.bpmn]
16:46:21.192 [main] DEBUG org.activiti.engine.impl.persistence.entity.ResourceEntity.insertResource - ==>  Preparing: insert into ACT_GE_BYTEARRAY(ID_, REV_, NAME_, BYTES_, DEPLOYMENT_ID_, GENERATED_) values (?, 1, ?, ?, ?, ?) 
16:46:21.192 [main] DEBUG org.activiti.engine.impl.persistence.entity.ResourceEntity.insertResource - ==> Parameters: 7502(String), diagrams/chapter8/testMailTask.bpmn(String), java.io.ByteArrayInputStream@1d9bd4da(ByteArrayInputStream), 7501(String), false(Boolean)
16:46:21.192 [main] DEBUG org.activiti.engine.impl.persistence.entity.ResourceEntity.insertResource - <==    Updates: 1
16:46:21.192 [main] DEBUG org.activiti.engine.impl.db.DbSqlSession - inserting: ResourceEntity[id=7503, name=diagrams/chapter8/testMailTask.testMailTask.png]
16:46:21.193 [main] DEBUG org.activiti.engine.impl.persistence.entity.ResourceEntity.insertResource - ==>  Preparing: insert into ACT_GE_BYTEARRAY(ID_, REV_, NAME_, BYTES_, DEPLOYMENT_ID_, GENERATED_) values (?, 1, ?, ?, ?, ?) 
16:46:21.193 [main] DEBUG org.activiti.engine.impl.persistence.entity.ResourceEntity.insertResource - ==> Parameters: 7503(String), diagrams/chapter8/testMailTask.testMailTask.png(String), java.io.ByteArrayInputStream@4c58255(ByteArrayInputStream), 7501(String), true(Boolean)
16:46:21.193 [main] DEBUG org.activiti.engine.impl.persistence.entity.ResourceEntity.insertResource - <==    Updates: 1
16:46:21.193 [main] DEBUG org.activiti.engine.impl.db.DbSqlSession - inserting: ProcessDefinitionEntity[testMailTask:1:7504]
16:46:21.193 [main] DEBUG org.activiti.engine.impl.persistence.entity.ProcessDefinitionEntity.insertProcessDefinition - ==>  Preparing: insert into ACT_RE_PROCDEF(ID_, REV_, CATEGORY_, NAME_, KEY_, VERSION_, DEPLOYMENT_ID_, RESOURCE_NAME_, DGRM_RESOURCE_NAME_, DESCRIPTION_, HAS_START_FORM_KEY_, SUSPENSION_STATE_, TENANT_ID_) values (?, 1, ?, ?, ?, ?, ?, ?, ?, ?, ?, ?, ?) 
16:46:21.193 [main] DEBUG org.activiti.engine.impl.persistence.entity.ProcessDefinitionEntity.insertProcessDefinition - ==> Parameters: testMailTask:1:7504(String), http://www.activiti.org/test(String), My process(String), testMailTask(String), 1(Integer), 7501(String), diagrams/chapter8/testMailTask.bpmn(String), diagrams/chapter8/testMailTask.testMailTask.png(String), null, false(Boolean), 1(Integer), (String)
16:46:21.193 [main] DEBUG org.activiti.engine.impl.persistence.entity.ProcessDefinitionEntity.insertProcessDefinition - <==    Updates: 1
16:46:21.193 [main] DEBUG org.activiti.engine.impl.cfg.standalone.StandaloneMybatisTransactionContext - firing event committing...
16:46:21.193 [main] DEBUG org.activiti.engine.impl.cfg.standalone.StandaloneMybatisTransactionContext - committing the ibatis sql session...
16:46:21.193 [main] DEBUG org.apache.ibatis.transaction.jdbc.JdbcTransaction - Committing JDBC Connection [conn34: url=jdbc:h2:mem:activiti user=SA]
16:46:21.193 [main] DEBUG org.activiti.engine.impl.cfg.standalone.StandaloneMybatisTransactionContext - firing event committed...
16:46:21.193 [main] DEBUG org.apache.ibatis.transaction.jdbc.JdbcTransaction - Resetting autocommit to true on JDBC Connection [conn34: url=jdbc:h2:mem:activiti user=SA]
16:46:21.193 [main] DEBUG org.apache.ibatis.transaction.jdbc.JdbcTransaction - Closing JDBC Connection [conn34: url=jdbc:h2:mem:activiti user=SA]
16:46:21.193 [main] DEBUG org.apache.ibatis.datasource.pooled.PooledDataSource - Returned connection 1532915766 to pool.
16:46:21.193 [main] DEBUG org.activiti.engine.impl.interceptor.LogInterceptor - --- DeployCmd finished --------------------------------------------------------
16:46:21.193 [main] DEBUG org.activiti.engine.impl.interceptor.LogInterceptor - 

16:46:21.193 [main] DEBUG org.activiti.engine.impl.interceptor.LogInterceptor - 

16:46:21.193 [main] DEBUG org.activiti.engine.impl.interceptor.LogInterceptor - --- starting StartProcessInstanceCmd --------------------------------------------------------
16:46:21.193 [main] DEBUG org.apache.ibatis.transaction.jdbc.JdbcTransaction - Opening JDBC Connection
16:46:21.194 [main] DEBUG org.apache.ibatis.datasource.pooled.PooledDataSource - Checked out connection 1532915766 from pool.
16:46:21.194 [main] DEBUG org.apache.ibatis.transaction.jdbc.JdbcTransaction - Setting autocommit to false on JDBC Connection [conn34: url=jdbc:h2:mem:activiti user=SA]
16:46:21.194 [main] DEBUG org.activiti.engine.impl.persistence.entity.ProcessDefinitionEntity.selectLatestProcessDefinitionByKey - ==>  Preparing: select * from ACT_RE_PROCDEF where KEY_ = ? and (TENANT_ID_ = '' or TENANT_ID_ is null) and VERSION_ = (select max(VERSION_) from ACT_RE_PROCDEF where KEY_ = ? and (TENANT_ID_ = '' or TENANT_ID_ is null)) 
16:46:21.194 [main] DEBUG org.activiti.engine.impl.persistence.entity.ProcessDefinitionEntity.selectLatestProcessDefinitionByKey - ==> Parameters: testMailTask(String), testMailTask(String)
16:46:21.194 [main] DEBUG org.activiti.engine.impl.persistence.entity.ProcessDefinitionEntity.selectLatestProcessDefinitionByKey - <==      Total: 1
16:46:21.194 [main] DEBUG org.activiti.engine.impl.persistence.entity.ExecutionEntity - initializing ProcessInstance[7505]
16:46:21.194 [main] DEBUG org.activiti.engine.impl.persistence.entity.IdentityLinkEntity.selectIdentityLinksByProcessInstance - ==>  Preparing: select * from ACT_RU_IDENTITYLINK where PROC_INST_ID_ = ? 
16:46:21.194 [main] DEBUG org.activiti.engine.impl.persistence.entity.IdentityLinkEntity.selectIdentityLinksByProcessInstance - ==> Parameters: 7505(String)
16:46:21.194 [main] DEBUG org.activiti.engine.impl.persistence.entity.IdentityLinkEntity.selectIdentityLinksByProcessInstance - <==      Total: 0
16:46:21.194 [main] DEBUG org.activiti.engine.impl.history.DefaultHistoryManager - Current history level: AUDIT, level required: AUDIT
16:46:21.194 [main] DEBUG org.activiti.engine.impl.history.DefaultHistoryManager - Current history level: AUDIT, level required: ACTIVITY
16:46:21.194 [main] DEBUG org.activiti.engine.impl.history.DefaultHistoryManager - Current history level: AUDIT, level required: ACTIVITY
16:46:21.194 [main] DEBUG org.activiti.engine.impl.history.DefaultHistoryManager - Current history level: AUDIT, level required: FULL
16:46:21.194 [main] DEBUG org.activiti.engine.impl.history.DefaultHistoryManager - Current history level: AUDIT, level required: ACTIVITY
16:46:21.194 [main] DEBUG org.activiti.engine.impl.history.DefaultHistoryManager - Current history level: AUDIT, level required: FULL
16:46:21.194 [main] DEBUG org.activiti.engine.impl.history.DefaultHistoryManager - Current history level: AUDIT, level required: ACTIVITY
16:46:21.194 [main] DEBUG org.activiti.engine.impl.history.DefaultHistoryManager - Current history level: AUDIT, level required: FULL
16:46:21.195 [main] DEBUG org.activiti.engine.impl.pvm.runtime.AtomicOperationActivityExecute - ProcessInstance[7505] executes Activity(startevent1): org.activiti.engine.impl.bpmn.behavior.NoneStartEventActivityBehavior
16:46:21.195 [main] DEBUG org.activiti.engine.impl.bpmn.behavior.BpmnActivityBehavior - Leaving activity 'startevent1'
16:46:21.195 [main] DEBUG org.activiti.engine.impl.history.DefaultHistoryManager - Current history level: AUDIT, level required: ACTIVITY
16:46:21.195 [main] DEBUG org.activiti.engine.impl.pvm.runtime.AtomicOperationTransitionNotifyListenerTake - ProcessInstance[7505] takes transition (startevent1)--flow1-->(mailtask1)
16:46:21.195 [main] DEBUG org.activiti.engine.impl.history.DefaultHistoryManager - Current history level: AUDIT, level required: ACTIVITY
16:46:21.195 [main] DEBUG org.activiti.engine.impl.pvm.runtime.AtomicOperationActivityExecute - ProcessInstance[7505] executes Activity(mailtask1): org.activiti.engine.impl.bpmn.behavior.MailActivityBehavior
16:46:21.204 [main] DEBUG org.activiti.engine.impl.interceptor.CommandContext - Error while closing command context
org.activiti.engine.ActivitiException: Could not send e-mail in execution 7505
	at org.activiti.engine.impl.bpmn.behavior.MailActivityBehavior.handleException(MailActivityBehavior.java:262)
	at org.activiti.engine.impl.bpmn.behavior.MailActivityBehavior.execute(MailActivityBehavior.java:88)
	at org.activiti.engine.impl.pvm.runtime.AtomicOperationActivityExecute.execute(AtomicOperationActivityExecute.java:60)
	at org.activiti.engine.impl.interceptor.CommandContext.performOperation(CommandContext.java:96)
	at org.activiti.engine.impl.persistence.entity.ExecutionEntity.performOperationSync(ExecutionEntity.java:621)
	at org.activiti.engine.impl.persistence.entity.ExecutionEntity.performOperation(ExecutionEntity.java:616)
	at org.activiti.engine.impl.pvm.runtime.AtomicOperationTransitionNotifyListenerStart.eventNotificationsCompleted(AtomicOperationTransitionNotifyListenerStart.java:52)
	at org.activiti.engine.impl.pvm.runtime.AbstractEventAtomicOperation.execute(AbstractEventAtomicOperation.java:56)
	at org.activiti.engine.impl.interceptor.CommandContext.performOperation(CommandContext.java:96)
	at org.activiti.engine.impl.persistence.entity.ExecutionEntity.performOperationSync(ExecutionEntity.java:621)
	at org.activiti.engine.impl.persistence.entity.ExecutionEntity.performOperation(ExecutionEntity.java:616)
	at org.activiti.engine.impl.pvm.runtime.AbstractEventAtomicOperation.execute(AbstractEventAtomicOperation.java:49)
	at org.activiti.engine.impl.interceptor.CommandContext.performOperation(CommandContext.java:96)
	at org.activiti.engine.impl.persistence.entity.ExecutionEntity.performOperationSync(ExecutionEntity.java:621)
	at org.activiti.engine.impl.persistence.entity.ExecutionEntity.performOperation(ExecutionEntity.java:616)
	at org.activiti.engine.impl.pvm.runtime.AtomicOperationTransitionCreateScope.execute(AtomicOperationTransitionCreateScope.java:49)
	at org.activiti.engine.impl.interceptor.CommandContext.performOperation(CommandContext.java:96)
	at org.activiti.engine.impl.persistence.entity.ExecutionEntity.performOperationSync(ExecutionEntity.java:621)
	at org.activiti.engine.impl.persistence.entity.ExecutionEntity.performOperation(ExecutionEntity.java:616)
	at org.activiti.engine.impl.pvm.runtime.AtomicOperationTransitionNotifyListenerTake.execute(AtomicOperationTransitionNotifyListenerTake.java:80)
	at org.activiti.engine.impl.interceptor.CommandContext.performOperation(CommandContext.java:96)
	at org.activiti.engine.impl.persistence.entity.ExecutionEntity.performOperationSync(ExecutionEntity.java:621)
	at org.activiti.engine.impl.persistence.entity.ExecutionEntity.performOperation(ExecutionEntity.java:616)
	at org.activiti.engine.impl.pvm.runtime.AtomicOperationTransitionDestroyScope.execute(AtomicOperationTransitionDestroyScope.java:116)
	at org.activiti.engine.impl.interceptor.CommandContext.performOperation(CommandContext.java:96)
	at org.activiti.engine.impl.persistence.entity.ExecutionEntity.performOperationSync(ExecutionEntity.java:621)
	at org.activiti.engine.impl.persistence.entity.ExecutionEntity.performOperation(ExecutionEntity.java:616)
	at org.activiti.engine.impl.pvm.runtime.AtomicOperationTransitionNotifyListenerEnd.eventNotificationsCompleted(AtomicOperationTransitionNotifyListenerEnd.java:35)
	at org.activiti.engine.impl.pvm.runtime.AbstractEventAtomicOperation.execute(AbstractEventAtomicOperation.java:56)
	at org.activiti.engine.impl.interceptor.CommandContext.performOperation(CommandContext.java:96)
	at org.activiti.engine.impl.persistence.entity.ExecutionEntity.performOperationSync(ExecutionEntity.java:621)
	at org.activiti.engine.impl.persistence.entity.ExecutionEntity.performOperation(ExecutionEntity.java:616)
	at org.activiti.engine.impl.pvm.runtime.AbstractEventAtomicOperation.execute(AbstractEventAtomicOperation.java:49)
	at org.activiti.engine.impl.interceptor.CommandContext.performOperation(CommandContext.java:96)
	at org.activiti.engine.impl.persistence.entity.ExecutionEntity.performOperationSync(ExecutionEntity.java:621)
	at org.activiti.engine.impl.persistence.entity.ExecutionEntity.performOperation(ExecutionEntity.java:616)
	at org.activiti.engine.impl.persistence.entity.ExecutionEntity.take(ExecutionEntity.java:440)
	at org.activiti.engine.impl.persistence.entity.ExecutionEntity.take(ExecutionEntity.java:418)
	at org.activiti.engine.impl.bpmn.behavior.BpmnActivityBehavior.performOutgoingBehavior(BpmnActivityBehavior.java:131)
	at org.activiti.engine.impl.bpmn.behavior.BpmnActivityBehavior.performDefaultOutgoingBehavior(BpmnActivityBehavior.java:64)
	at org.activiti.engine.impl.bpmn.behavior.FlowNodeActivityBehavior.leave(FlowNodeActivityBehavior.java:44)
	at org.activiti.engine.impl.bpmn.behavior.FlowNodeActivityBehavior.execute(FlowNodeActivityBehavior.java:36)
	at org.activiti.engine.impl.pvm.runtime.AtomicOperationActivityExecute.execute(AtomicOperationActivityExecute.java:60)
	at org.activiti.engine.impl.interceptor.CommandContext.performOperation(CommandContext.java:96)
	at org.activiti.engine.impl.persistence.entity.ExecutionEntity.performOperationSync(ExecutionEntity.java:621)
	at org.activiti.engine.impl.persistence.entity.ExecutionEntity.performOperation(ExecutionEntity.java:616)
	at org.activiti.engine.impl.pvm.runtime.AtomicOperationProcessStartInitial.eventNotificationsCompleted(AtomicOperationProcessStartInitial.java:45)
	at org.activiti.engine.impl.pvm.runtime.AbstractEventAtomicOperation.execute(AbstractEventAtomicOperation.java:56)
	at org.activiti.engine.impl.interceptor.CommandContext.performOperation(CommandContext.java:96)
	at org.activiti.engine.impl.persistence.entity.ExecutionEntity.performOperationSync(ExecutionEntity.java:621)
	at org.activiti.engine.impl.persistence.entity.ExecutionEntity.performOperation(ExecutionEntity.java:616)
	at org.activiti.engine.impl.pvm.runtime.AtomicOperationProcessStart.eventNotificationsCompleted(AtomicOperationProcessStart.java:62)
	at org.activiti.engine.impl.pvm.runtime.AbstractEventAtomicOperation.execute(AbstractEventAtomicOperation.java:56)
	at org.activiti.engine.impl.interceptor.CommandContext.performOperation(CommandContext.java:96)
	at org.activiti.engine.impl.persistence.entity.ExecutionEntity.performOperationSync(ExecutionEntity.java:621)
	at org.activiti.engine.impl.persistence.entity.ExecutionEntity.performOperation(ExecutionEntity.java:616)
	at org.activiti.engine.impl.persistence.entity.ExecutionEntity.start(ExecutionEntity.java:368)
	at org.activiti.engine.impl.cmd.StartProcessInstanceCmd.execute(StartProcessInstanceCmd.java:111)
	at org.activiti.engine.impl.cmd.StartProcessInstanceCmd.execute(StartProcessInstanceCmd.java:37)
	at org.activiti.engine.impl.interceptor.CommandInvoker.execute(CommandInvoker.java:24)
	at org.activiti.engine.impl.interceptor.CommandContextInterceptor.execute(CommandContextInterceptor.java:57)
	at org.activiti.engine.impl.interceptor.LogInterceptor.execute(LogInterceptor.java:37)
	at org.activiti.engine.impl.cfg.CommandExecutorImpl.execute(CommandExecutorImpl.java:40)
	at org.activiti.engine.impl.cfg.CommandExecutorImpl.execute(CommandExecutorImpl.java:35)
	at org.activiti.engine.impl.RuntimeServiceImpl.startProcessInstanceByKey(RuntimeServiceImpl.java:77)
	at com.home.demo.main.MailTaskTest.sendMailLocalTest(MailTaskTest.java:31)
	at sun.reflect.NativeMethodAccessorImpl.invoke0(Native Method)
	at sun.reflect.NativeMethodAccessorImpl.invoke(NativeMethodAccessorImpl.java:62)
	at sun.reflect.DelegatingMethodAccessorImpl.invoke(DelegatingMethodAccessorImpl.java:43)
	at java.lang.reflect.Method.invoke(Method.java:497)
	at org.junit.runners.model.FrameworkMethod$1.runReflectiveCall(FrameworkMethod.java:45)
	at org.junit.internal.runners.model.ReflectiveCallable.run(ReflectiveCallable.java:15)
	at org.junit.runners.model.FrameworkMethod.invokeExplosively(FrameworkMethod.java:42)
	at org.junit.internal.runners.statements.InvokeMethod.evaluate(InvokeMethod.java:20)
	at org.activiti.engine.test.ActivitiRule$1.evaluate(ActivitiRule.java:126)
	at org.junit.rules.RunRules.evaluate(RunRules.java:18)
	at org.junit.runners.ParentRunner.runLeaf(ParentRunner.java:263)
	at org.junit.runners.BlockJUnit4ClassRunner.runChild(BlockJUnit4ClassRunner.java:68)
	at org.junit.runners.BlockJUnit4ClassRunner.runChild(BlockJUnit4ClassRunner.java:47)
	at org.junit.runners.ParentRunner$3.run(ParentRunner.java:231)
	at org.junit.runners.ParentRunner$1.schedule(ParentRunner.java:60)
	at org.junit.runners.ParentRunner.runChildren(ParentRunner.java:229)
	at org.junit.runners.ParentRunner.access$000(ParentRunner.java:50)
	at org.junit.runners.ParentRunner$2.evaluate(ParentRunner.java:222)
	at org.junit.runners.ParentRunner.run(ParentRunner.java:300)
	at org.apache.maven.surefire.junit4.JUnit4Provider.execute(JUnit4Provider.java:283)
	at org.apache.maven.surefire.junit4.JUnit4Provider.executeWithRerun(JUnit4Provider.java:173)
	at org.apache.maven.surefire.junit4.JUnit4Provider.executeTestSet(JUnit4Provider.java:153)
	at org.apache.maven.surefire.junit4.JUnit4Provider.invoke(JUnit4Provider.java:128)
	at org.apache.maven.surefire.booter.ForkedBooter.invokeProviderInSameClassLoader(ForkedBooter.java:203)
	at org.apache.maven.surefire.booter.ForkedBooter.runSuitesInProcess(ForkedBooter.java:155)
	at org.apache.maven.surefire.booter.ForkedBooter.main(ForkedBooter.java:103)
Caused by: org.apache.commons.mail.EmailException: Sending the email to the following server failed : localhost:2025
	at org.apache.commons.mail.Email.sendMimeMessage(Email.java:1242)
	at org.apache.commons.mail.Email.send(Email.java:1267)
	at org.activiti.engine.impl.bpmn.behavior.MailActivityBehavior.execute(MailActivityBehavior.java:83)
	... 90 common frames omitted
Caused by: javax.mail.MessagingException: Could not connect to SMTP host: localhost, port: 2025
	at com.sun.mail.smtp.SMTPTransport.openServer(SMTPTransport.java:1934)
	at com.sun.mail.smtp.SMTPTransport.protocolConnect(SMTPTransport.java:638)
	at javax.mail.Service.connect(Service.java:295)
	at javax.mail.Service.connect(Service.java:176)
	at javax.mail.Service.connect(Service.java:125)
	at javax.mail.Transport.send0(Transport.java:194)
	at javax.mail.Transport.send(Transport.java:124)
	at org.apache.commons.mail.Email.sendMimeMessage(Email.java:1232)
	... 92 common frames omitted
Caused by: java.net.ConnectException: Connection refused
	at java.net.PlainSocketImpl.socketConnect(Native Method)
	at java.net.AbstractPlainSocketImpl.doConnect(AbstractPlainSocketImpl.java:350)
	at java.net.AbstractPlainSocketImpl.connectToAddress(AbstractPlainSocketImpl.java:206)
	at java.net.AbstractPlainSocketImpl.connect(AbstractPlainSocketImpl.java:188)
	at java.net.SocksSocketImpl.connect(SocksSocketImpl.java:392)
	at java.net.Socket.connect(Socket.java:589)
	at java.net.Socket.connect(Socket.java:538)
	at com.sun.mail.util.SocketFetcher.createSocket(SocketFetcher.java:288)
	at com.sun.mail.util.SocketFetcher.getSocket(SocketFetcher.java:231)
	at com.sun.mail.smtp.SMTPTransport.openServer(SMTPTransport.java:1900)
	... 99 common frames omitted
16:46:21.205 [main] DEBUG org.activiti.engine.impl.cfg.standalone.StandaloneMybatisTransactionContext - firing event rolling back...
16:46:21.205 [main] DEBUG org.activiti.engine.impl.cfg.standalone.StandaloneMybatisTransactionContext - rolling back ibatis sql session...
16:46:21.205 [main] DEBUG org.activiti.engine.impl.cfg.standalone.StandaloneMybatisTransactionContext - firing event rolled back...
16:46:21.205 [main] DEBUG org.apache.ibatis.transaction.jdbc.JdbcTransaction - Resetting autocommit to true on JDBC Connection [conn34: url=jdbc:h2:mem:activiti user=SA]
16:46:21.205 [main] DEBUG org.apache.ibatis.transaction.jdbc.JdbcTransaction - Closing JDBC Connection [conn34: url=jdbc:h2:mem:activiti user=SA]
16:46:21.205 [main] DEBUG org.apache.ibatis.datasource.pooled.PooledDataSource - Returned connection 1532915766 to pool.
16:46:21.205 [main] DEBUG org.activiti.engine.impl.interceptor.LogInterceptor - --- StartProcessInstanceCmd finished --------------------------------------------------------
16:46:21.205 [main] DEBUG org.activiti.engine.impl.interceptor.LogInterceptor - 

16:46:21.205 [main] DEBUG org.activiti.engine.impl.test.TestHelper - annotation @Deployment deletes deployment for MailTaskTest.sendMailLocalTest
16:46:21.205 [main] DEBUG org.activiti.engine.impl.interceptor.LogInterceptor - 

16:46:21.205 [main] DEBUG org.activiti.engine.impl.interceptor.LogInterceptor - --- starting DeleteDeploymentCmd --------------------------------------------------------
16:46:21.205 [main] DEBUG org.apache.ibatis.transaction.jdbc.JdbcTransaction - Opening JDBC Connection
16:46:21.205 [main] DEBUG org.apache.ibatis.datasource.pooled.PooledDataSource - Checked out connection 1532915766 from pool.
16:46:21.205 [main] DEBUG org.apache.ibatis.transaction.jdbc.JdbcTransaction - Setting autocommit to false on JDBC Connection [conn34: url=jdbc:h2:mem:activiti user=SA]
16:46:21.206 [main] DEBUG org.activiti.engine.impl.persistence.entity.DeploymentEntity.selectDeploymentById - ==>  Preparing: select * from ACT_RE_DEPLOYMENT where ID_ = ? 
16:46:21.206 [main] DEBUG org.activiti.engine.impl.persistence.entity.DeploymentEntity.selectDeploymentById - ==> Parameters: 7501(String)
16:46:21.206 [main] DEBUG org.activiti.engine.impl.persistence.entity.DeploymentEntity.selectDeploymentById - <==      Total: 1
16:46:21.207 [main] DEBUG org.activiti.engine.impl.persistence.entity.ProcessDefinitionEntity.selectProcessDefinitionsByQueryCriteria - ==>  Preparing: select RES.* from ACT_RE_PROCDEF RES WHERE RES.DEPLOYMENT_ID_ = ? order by RES.ID_ asc LIMIT ? OFFSET ? 
16:46:21.207 [main] DEBUG org.activiti.engine.impl.persistence.entity.ProcessDefinitionEntity.selectProcessDefinitionsByQueryCriteria - ==> Parameters: 7501(String), 2147483647(Integer), 0(Integer)
16:46:21.207 [main] DEBUG org.activiti.engine.impl.persistence.entity.ProcessDefinitionEntity.selectProcessDefinitionsByQueryCriteria - <==      Total: 1
16:46:21.208 [main] DEBUG org.activiti.engine.impl.persistence.entity.ModelEntity.selectModelsByQueryCriteria - ==>  Preparing: select distinct RES.* from ACT_RE_MODEL RES WHERE RES.DEPLOYMENT_ID_ = ? order by RES.ID_ asc LIMIT ? OFFSET ? 
16:46:21.209 [main] DEBUG org.activiti.engine.impl.persistence.entity.ModelEntity.selectModelsByQueryCriteria - ==> Parameters: 7501(String), 2147483647(Integer), 0(Integer)
16:46:21.209 [main] DEBUG org.activiti.engine.impl.persistence.entity.ModelEntity.selectModelsByQueryCriteria - <==      Total: 0
16:46:21.209 [main] DEBUG org.activiti.engine.impl.persistence.entity.ExecutionEntity.selectProcessInstanceIdsByProcessDefinitionId - ==>  Preparing: select ID_ from ACT_RU_EXECUTION where PROC_DEF_ID_ = ? and PARENT_ID_ is null 
16:46:21.209 [main] DEBUG org.activiti.engine.impl.persistence.entity.ExecutionEntity.selectProcessInstanceIdsByProcessDefinitionId - ==> Parameters: testMailTask:1:7504(String)
16:46:21.209 [main] DEBUG org.activiti.engine.impl.persistence.entity.ExecutionEntity.selectProcessInstanceIdsByProcessDefinitionId - <==      Total: 0
16:46:21.209 [main] DEBUG org.activiti.engine.impl.history.DefaultHistoryManager - Current history level: AUDIT
16:46:21.209 [main] DEBUG org.activiti.engine.impl.persistence.entity.HistoricProcessInstanceEntity.selectHistoricProcessInstanceIdsByProcessDefinitionId - ==>  Preparing: select ID_ from ACT_HI_PROCINST where PROC_DEF_ID_ = ? 
16:46:21.210 [main] DEBUG org.activiti.engine.impl.persistence.entity.HistoricProcessInstanceEntity.selectHistoricProcessInstanceIdsByProcessDefinitionId - ==> Parameters: testMailTask:1:7504(String)
16:46:21.210 [main] DEBUG org.activiti.engine.impl.persistence.entity.HistoricProcessInstanceEntity.selectHistoricProcessInstanceIdsByProcessDefinitionId - <==      Total: 0
16:46:21.210 [main] DEBUG org.activiti.engine.impl.persistence.entity.JobEntity.selectJobsByConfiguration - ==>  Preparing: select * from ACT_RU_JOB where HANDLER_TYPE_ = ? and HANDLER_CFG_ = ? 
16:46:21.210 [main] DEBUG org.activiti.engine.impl.persistence.entity.JobEntity.selectJobsByConfiguration - ==> Parameters: timer-start-event(String), testMailTask(String)
16:46:21.210 [main] DEBUG org.activiti.engine.impl.persistence.entity.JobEntity.selectJobsByConfiguration - <==      Total: 0
16:46:21.210 [main] DEBUG org.activiti.engine.impl.persistence.entity.EventSubscriptionEntity.selectEventSubscriptionsByConfiguration - ==>  Preparing: select * from ACT_RU_EVENT_SUBSCR where (EVENT_TYPE_ = ?) and ( (CONFIGURATION_ = ?) or (PROC_DEF_ID_ = ?) ) and (TENANT_ID_ = '' or TENANT_ID_ is null) 
16:46:21.211 [main] DEBUG org.activiti.engine.impl.persistence.entity.EventSubscriptionEntity.selectEventSubscriptionsByConfiguration - ==> Parameters: message(String), testMailTask:1:7504(String), testMailTask:1:7504(String)
16:46:21.211 [main] DEBUG org.activiti.engine.impl.persistence.entity.EventSubscriptionEntity.selectEventSubscriptionsByConfiguration - <==      Total: 0
16:46:21.211 [main] DEBUG org.activiti.engine.impl.db.DbSqlSession - flush summary: 0 insert, 0 update, 5 delete.
16:46:21.211 [main] DEBUG org.activiti.engine.impl.db.DbSqlSession -   bulk delete: deleteIdentityLinkByProcDef(testMailTask:1:7504)
16:46:21.211 [main] DEBUG org.activiti.engine.impl.db.DbSqlSession -   bulk delete: deleteEventSubscriptionsForProcessDefinition(testMailTask:1:7504)
16:46:21.211 [main] DEBUG org.activiti.engine.impl.db.DbSqlSession -   bulk delete: deleteProcessDefinitionsByDeploymentId(7501)
16:46:21.211 [main] DEBUG org.activiti.engine.impl.db.DbSqlSession -   bulk delete: deleteResourcesByDeploymentId(7501)
16:46:21.211 [main] DEBUG org.activiti.engine.impl.db.DbSqlSession -   bulk delete: deleteDeployment(7501)
16:46:21.211 [main] DEBUG org.activiti.engine.impl.db.DbSqlSession - now executing flush...
16:46:21.211 [main] DEBUG org.activiti.engine.impl.db.DbSqlSession - executing: bulk delete: deleteIdentityLinkByProcDef(testMailTask:1:7504)
16:46:21.211 [main] DEBUG org.activiti.engine.impl.persistence.entity.IdentityLinkEntity.deleteIdentityLinkByProcDef - ==>  Preparing: delete from ACT_RU_IDENTITYLINK where PROC_DEF_ID_ = ? 
16:46:21.211 [main] DEBUG org.activiti.engine.impl.persistence.entity.IdentityLinkEntity.deleteIdentityLinkByProcDef - ==> Parameters: testMailTask:1:7504(String)
16:46:21.212 [main] DEBUG org.activiti.engine.impl.persistence.entity.IdentityLinkEntity.deleteIdentityLinkByProcDef - <==    Updates: 0
16:46:21.212 [main] DEBUG org.activiti.engine.impl.db.DbSqlSession - executing: bulk delete: deleteEventSubscriptionsForProcessDefinition(testMailTask:1:7504)
16:46:21.212 [main] DEBUG org.activiti.engine.impl.persistence.entity.EventSubscriptionEntity.deleteEventSubscriptionsForProcessDefinition - ==>  Preparing: delete from ACT_RU_EVENT_SUBSCR where PROC_DEF_ID_ = ? 
16:46:21.212 [main] DEBUG org.activiti.engine.impl.persistence.entity.EventSubscriptionEntity.deleteEventSubscriptionsForProcessDefinition - ==> Parameters: testMailTask:1:7504(String)
16:46:21.212 [main] DEBUG org.activiti.engine.impl.persistence.entity.EventSubscriptionEntity.deleteEventSubscriptionsForProcessDefinition - <==    Updates: 0
16:46:21.212 [main] DEBUG org.activiti.engine.impl.db.DbSqlSession - executing: bulk delete: deleteProcessDefinitionsByDeploymentId(7501)
16:46:21.212 [main] DEBUG org.activiti.engine.impl.persistence.entity.ProcessDefinitionEntity.deleteProcessDefinitionsByDeploymentId - ==>  Preparing: delete from ACT_RE_PROCDEF where DEPLOYMENT_ID_ = ? 
16:46:21.212 [main] DEBUG org.activiti.engine.impl.persistence.entity.ProcessDefinitionEntity.deleteProcessDefinitionsByDeploymentId - ==> Parameters: 7501(String)
16:46:21.212 [main] DEBUG org.activiti.engine.impl.persistence.entity.ProcessDefinitionEntity.deleteProcessDefinitionsByDeploymentId - <==    Updates: 1
16:46:21.212 [main] DEBUG org.activiti.engine.impl.db.DbSqlSession - executing: bulk delete: deleteResourcesByDeploymentId(7501)
16:46:21.212 [main] DEBUG org.activiti.engine.impl.persistence.entity.ResourceEntity.deleteResourcesByDeploymentId - ==>  Preparing: delete from ACT_GE_BYTEARRAY where DEPLOYMENT_ID_ = ? 
16:46:21.213 [main] DEBUG org.activiti.engine.impl.persistence.entity.ResourceEntity.deleteResourcesByDeploymentId - ==> Parameters: 7501(String)
16:46:21.213 [main] DEBUG org.activiti.engine.impl.persistence.entity.ResourceEntity.deleteResourcesByDeploymentId - <==    Updates: 2
16:46:21.213 [main] DEBUG org.activiti.engine.impl.db.DbSqlSession - executing: bulk delete: deleteDeployment(7501)
16:46:21.213 [main] DEBUG org.activiti.engine.impl.persistence.entity.DeploymentEntity.deleteDeployment - ==>  Preparing: delete from ACT_RE_DEPLOYMENT where ID_ = ? 
16:46:21.213 [main] DEBUG org.activiti.engine.impl.persistence.entity.DeploymentEntity.deleteDeployment - ==> Parameters: 7501(String)
16:46:21.213 [main] DEBUG org.activiti.engine.impl.persistence.entity.DeploymentEntity.deleteDeployment - <==    Updates: 1
16:46:21.213 [main] DEBUG org.activiti.engine.impl.cfg.standalone.StandaloneMybatisTransactionContext - firing event committing...
16:46:21.213 [main] DEBUG org.activiti.engine.impl.cfg.standalone.StandaloneMybatisTransactionContext - committing the ibatis sql session...
16:46:21.214 [main] DEBUG org.apache.ibatis.transaction.jdbc.JdbcTransaction - Committing JDBC Connection [conn34: url=jdbc:h2:mem:activiti user=SA]
16:46:21.214 [main] DEBUG org.activiti.engine.impl.cfg.standalone.StandaloneMybatisTransactionContext - firing event committed...
16:46:21.214 [main] DEBUG org.apache.ibatis.transaction.jdbc.JdbcTransaction - Resetting autocommit to true on JDBC Connection [conn34: url=jdbc:h2:mem:activiti user=SA]
16:46:21.214 [main] DEBUG org.apache.ibatis.transaction.jdbc.JdbcTransaction - Closing JDBC Connection [conn34: url=jdbc:h2:mem:activiti user=SA]
16:46:21.214 [main] DEBUG org.apache.ibatis.datasource.pooled.PooledDataSource - Returned connection 1532915766 to pool.
16:46:21.214 [main] DEBUG org.activiti.engine.impl.interceptor.LogInterceptor - --- DeleteDeploymentCmd finished --------------------------------------------------------
16:46:21.214 [main] DEBUG org.activiti.engine.impl.interceptor.LogInterceptor - 

]]></system-out>
  </testcase>
</testsuite>